<?xml version="1.0" encoding="UTF-8"?>
<testsuites>
  <testsuite name="unit" tests="31" assertions="55" errors="0" failures="0" skipped="4" time="0.628768">
    <testcase name="testAdminFalseData" class="AdminloginTest" file="C:\wamp64\www\E-Commerce-Website-With-PHP-OOP-master\tests\unit\AdminloginTest.php" assertions="1" time="0.022048"/>
    <testcase name="testAdminTrueData" class="AdminloginTest" file="C:\wamp64\www\E-Commerce-Website-With-PHP-OOP-master\tests\unit\AdminloginTest.php" assertions="1" time="0.003406"/>
    <testcase name="testInsertEmpty" class="BrandTest" file="C:\wamp64\www\E-Commerce-Website-With-PHP-OOP-master\tests\unit\BrandTest.php" assertions="1" time="0.003341"/>
    <testcase name="testGetAllBrands" class="BrandTest" file="C:\wamp64\www\E-Commerce-Website-With-PHP-OOP-master\tests\unit\BrandTest.php" assertions="2" time="0.005132"/>
    <testcase name="testGetBrandById" class="BrandTest" file="C:\wamp64\www\E-Commerce-Website-With-PHP-OOP-master\tests\unit\BrandTest.php" assertions="1" time="0.002936"/>
    <testcase name="testInsertABrand" class="BrandTest" file="C:\wamp64\www\E-Commerce-Website-With-PHP-OOP-master\tests\unit\BrandTest.php" assertions="1" time="0.027494"/>
    <testcase name="testUpdateABrand" class="BrandTest" file="C:\wamp64\www\E-Commerce-Website-With-PHP-OOP-master\tests\unit\BrandTest.php" assertions="2" time="0.050868">
      <skipped/>
    </testcase>
    <testcase name="testdelBrandById" class="BrandTest" file="C:\wamp64\www\E-Commerce-Website-With-PHP-OOP-master\tests\unit\BrandTest.php" assertions="1" time="0.040339">
      <skipped/>
    </testcase>
    <testcase name="testAddToCart" class="CartTest" file="C:\wamp64\www\E-Commerce-Website-With-PHP-OOP-master\tests\unit\CartTest.php" assertions="1" time="0.054228"/>
    <testcase name="testGetCart" class="CartTest" file="C:\wamp64\www\E-Commerce-Website-With-PHP-OOP-master\tests\unit\CartTest.php" assertions="1" time="0.003238"/>
    <testcase name="testUpdateCartQunatity" class="CartTest" file="C:\wamp64\www\E-Commerce-Website-With-PHP-OOP-master\tests\unit\CartTest.php" assertions="1" time="0.002992"/>
    <testcase name="testDeletACart" class="CartTest" file="C:\wamp64\www\E-Commerce-Website-With-PHP-OOP-master\tests\unit\CartTest.php" assertions="1" time="0.038430"/>
    <testcase name="testGetAllCategories" class="CategoryTest" file="C:\wamp64\www\E-Commerce-Website-With-PHP-OOP-master\tests\unit\CategoryTest.php" assertions="2" time="0.003714"/>
    <testcase name="testGetCatById" class="CategoryTest" file="C:\wamp64\www\E-Commerce-Website-With-PHP-OOP-master\tests\unit\CategoryTest.php" assertions="2" time="0.003005"/>
    <testcase name="testCatInsert" class="CategoryTest" file="C:\wamp64\www\E-Commerce-Website-With-PHP-OOP-master\tests\unit\CategoryTest.php" assertions="2" time="0.022099"/>
    <testcase name="testCatUpdate" class="CategoryTest" file="C:\wamp64\www\E-Commerce-Website-With-PHP-OOP-master\tests\unit\CategoryTest.php" assertions="1" time="0.039556">
      <skipped/>
    </testcase>
    <testcase name="testDeleteCategoryById" class="CategoryTest" file="C:\wamp64\www\E-Commerce-Website-With-PHP-OOP-master\tests\unit\CategoryTest.php" assertions="1" time="0.025411"/>
    <testcase name="testCustomerRegistration" class="CustomerTest" file="C:\wamp64\www\E-Commerce-Website-With-PHP-OOP-master\tests\unit\CustomerTest.php" assertions="3" time="0.052261"/>
    <testcase name="testCustomerLogin" class="CustomerTest" file="C:\wamp64\www\E-Commerce-Website-With-PHP-OOP-master\tests\unit\CustomerTest.php" assertions="3" time="0.025193"/>
    <testcase name="testGetCustomerData" class="CustomerTest" file="C:\wamp64\www\E-Commerce-Website-With-PHP-OOP-master\tests\unit\CustomerTest.php" assertions="2" time="0.024988"/>
    <testcase name="testCustomerUpdate" class="CustomerTest" file="C:\wamp64\www\E-Commerce-Website-With-PHP-OOP-master\tests\unit\CustomerTest.php" assertions="2" time="0.069608"/>
    <testcase name="testConnection" class="DatabaseTest" file="C:\wamp64\www\E-Commerce-Website-With-PHP-OOP-master\tests\unit\DatabaseTest.php" assertions="1" time="0.004313"/>
    <testcase name="testSelect" class="DatabaseTest" file="C:\wamp64\www\E-Commerce-Website-With-PHP-OOP-master\tests\unit\DatabaseTest.php" assertions="1" time="0.002942"/>
    <testcase name="testInsert" class="DatabaseTest" file="C:\wamp64\www\E-Commerce-Website-With-PHP-OOP-master\tests\unit\DatabaseTest.php" assertions="1" time="0.031594"/>
    <testcase name="testUpdate" class="DatabaseTest" file="C:\wamp64\www\E-Commerce-Website-With-PHP-OOP-master\tests\unit\DatabaseTest.php" assertions="1" time="0.035626"/>
    <testcase name="testDelete" class="DatabaseTest" file="C:\wamp64\www\E-Commerce-Website-With-PHP-OOP-master\tests\unit\DatabaseTest.php" assertions="1" time="0.025764"/>
    <testcase name="testSessionExists" class="SessionTest" file="C:\wamp64\www\E-Commerce-Website-With-PHP-OOP-master\tests\unit\SessionTest.php" assertions="0" time="0.000569">
      <skipped/>
    </testcase>
    <testcase name="testSessionValues" class="SessionTest" file="C:\wamp64\www\E-Commerce-Website-With-PHP-OOP-master\tests\unit\SessionTest.php" assertions="15" time="0.002034"/>
    <testcase name="testAdminLogin" class="SessionTest" file="C:\wamp64\www\E-Commerce-Website-With-PHP-OOP-master\tests\unit\SessionTest.php" assertions="1" time="0.002067"/>
    <testcase name="testAdminNotLogin" class="SessionTest" file="C:\wamp64\www\E-Commerce-Website-With-PHP-OOP-master\tests\unit\SessionTest.php" assertions="1" time="0.001922"/>
    <testcase name="testDestroy" class="SessionTest" file="C:\wamp64\www\E-Commerce-Website-With-PHP-OOP-master\tests\unit\SessionTest.php" assertions="1" time="0.001651"/>
  </testsuite>
</testsuites>
