[2019-12-04T00:25:04.666013+00:00] C:\wamp64\www\E-Commerce-Website-With-PHP-OOP-master\tests\unit\CartTest.php.INFO: ------------------------------------ [] []
[2019-12-04T00:25:04.668509+00:00] C:\wamp64\www\E-Commerce-Website-With-PHP-OOP-master\tests\unit\CartTest.php.INFO: STARTED: CartTest: Add to cart [] []
[2019-12-04T00:25:04.695320+00:00] C:\wamp64\www\E-Commerce-Website-With-PHP-OOP-master\tests\unit\CartTest.php.INFO: PASSED [] []
[2019-12-04T00:25:04.695529+00:00] C:\wamp64\www\E-Commerce-Website-With-PHP-OOP-master\tests\unit\CartTest.php.INFO: ------------------------------------ [] []
[2019-12-04T00:25:04.695609+00:00] C:\wamp64\www\E-Commerce-Website-With-PHP-OOP-master\tests\unit\CartTest.php.INFO: STARTED: CartTest: Get cart [] []
[2019-12-04T00:25:04.723798+00:00] C:\wamp64\www\E-Commerce-Website-With-PHP-OOP-master\tests\unit\CartTest.php.INFO: PASSED [] []
[2019-12-04T00:25:04.724070+00:00] C:\wamp64\www\E-Commerce-Website-With-PHP-OOP-master\tests\unit\CartTest.php.INFO: ------------------------------------ [] []
[2019-12-04T00:25:04.724187+00:00] C:\wamp64\www\E-Commerce-Website-With-PHP-OOP-master\tests\unit\CartTest.php.INFO: STARTED: CartTest: Remove from cart [] []
[2019-12-04T00:25:04.728472+00:00] C:\wamp64\www\E-Commerce-Website-With-PHP-OOP-master\tests\unit\CartTest.php.INFO: PASSED [] []
[2019-12-04T00:36:41.582098+00:00] C:\wamp64\www\E-Commerce-Website-With-PHP-OOP-master\tests\unit\CartTest.php.INFO: ------------------------------------ [] []
[2019-12-04T00:36:41.584087+00:00] C:\wamp64\www\E-Commerce-Website-With-PHP-OOP-master\tests\unit\CartTest.php.INFO: STARTED: CartTest: Add to cart [] []
[2019-12-04T00:36:41.618977+00:00] C:\wamp64\www\E-Commerce-Website-With-PHP-OOP-master\tests\unit\CartTest.php.INFO: PASSED [] []
[2019-12-04T00:36:41.619213+00:00] C:\wamp64\www\E-Commerce-Website-With-PHP-OOP-master\tests\unit\CartTest.php.INFO: ------------------------------------ [] []
[2019-12-04T00:36:41.619288+00:00] C:\wamp64\www\E-Commerce-Website-With-PHP-OOP-master\tests\unit\CartTest.php.INFO: STARTED: CartTest: Get cart [] []
[2019-12-04T00:36:41.641259+00:00] C:\wamp64\www\E-Commerce-Website-With-PHP-OOP-master\tests\unit\CartTest.php.INFO: PASSED [] []
[2019-12-04T00:36:41.641570+00:00] C:\wamp64\www\E-Commerce-Website-With-PHP-OOP-master\tests\unit\CartTest.php.INFO: ------------------------------------ [] []
[2019-12-04T00:36:41.641714+00:00] C:\wamp64\www\E-Commerce-Website-With-PHP-OOP-master\tests\unit\CartTest.php.INFO: STARTED: CartTest: Update cart qunatity [] []
[2019-12-04T00:36:41.691229+00:00] C:\wamp64\www\E-Commerce-Website-With-PHP-OOP-master\tests\unit\CartTest.php.INFO: PASSED [] []
[2019-12-04T00:36:51.272277+00:00] C:\wamp64\www\E-Commerce-Website-With-PHP-OOP-master\tests\unit\CartTest.php.INFO: ------------------------------------ [] []
[2019-12-04T00:36:51.273837+00:00] C:\wamp64\www\E-Commerce-Website-With-PHP-OOP-master\tests\unit\CartTest.php.INFO: STARTED: CartTest: Add to cart [] []
[2019-12-04T00:36:51.312257+00:00] C:\wamp64\www\E-Commerce-Website-With-PHP-OOP-master\tests\unit\CartTest.php.INFO: PASSED [] []
[2019-12-04T00:36:51.312525+00:00] C:\wamp64\www\E-Commerce-Website-With-PHP-OOP-master\tests\unit\CartTest.php.INFO: ------------------------------------ [] []
[2019-12-04T00:36:51.312654+00:00] C:\wamp64\www\E-Commerce-Website-With-PHP-OOP-master\tests\unit\CartTest.php.INFO: STARTED: CartTest: Get cart [] []
[2019-12-04T00:36:51.332156+00:00] C:\wamp64\www\E-Commerce-Website-With-PHP-OOP-master\tests\unit\CartTest.php.INFO: PASSED [] []
[2019-12-04T00:36:51.332391+00:00] C:\wamp64\www\E-Commerce-Website-With-PHP-OOP-master\tests\unit\CartTest.php.INFO: ------------------------------------ [] []
[2019-12-04T00:36:51.332469+00:00] C:\wamp64\www\E-Commerce-Website-With-PHP-OOP-master\tests\unit\CartTest.php.INFO: STARTED: CartTest: Update cart qunatity [] []
[2019-12-04T00:36:51.370582+00:00] C:\wamp64\www\E-Commerce-Website-With-PHP-OOP-master\tests\unit\CartTest.php.INFO: PASSED [] []
[2019-12-04T00:38:39.993096+00:00] C:\wamp64\www\E-Commerce-Website-With-PHP-OOP-master\tests\unit\CartTest.php.INFO: ------------------------------------ [] []
[2019-12-04T00:38:39.994669+00:00] C:\wamp64\www\E-Commerce-Website-With-PHP-OOP-master\tests\unit\CartTest.php.INFO: STARTED: CartTest: Add to cart [] []
[2019-12-04T00:38:40.034594+00:00] C:\wamp64\www\E-Commerce-Website-With-PHP-OOP-master\tests\unit\CartTest.php.INFO: PASSED [] []
[2019-12-04T00:38:40.034854+00:00] C:\wamp64\www\E-Commerce-Website-With-PHP-OOP-master\tests\unit\CartTest.php.INFO: ------------------------------------ [] []
[2019-12-04T00:38:40.034960+00:00] C:\wamp64\www\E-Commerce-Website-With-PHP-OOP-master\tests\unit\CartTest.php.INFO: STARTED: CartTest: Get cart [] []
[2019-12-04T00:38:40.040096+00:00] C:\wamp64\www\E-Commerce-Website-With-PHP-OOP-master\tests\unit\CartTest.php.INFO: PASSED [] []
[2019-12-04T00:38:40.040283+00:00] C:\wamp64\www\E-Commerce-Website-With-PHP-OOP-master\tests\unit\CartTest.php.INFO: ------------------------------------ [] []
[2019-12-04T00:38:40.040384+00:00] C:\wamp64\www\E-Commerce-Website-With-PHP-OOP-master\tests\unit\CartTest.php.INFO: STARTED: CartTest: Update cart qunatity [] []
[2019-12-04T00:38:40.091632+00:00] C:\wamp64\www\E-Commerce-Website-With-PHP-OOP-master\tests\unit\CartTest.php.INFO: PASSED [] []
[2019-12-04T00:43:12.758042+00:00] C:\wamp64\www\E-Commerce-Website-With-PHP-OOP-master\tests\unit\CartTest.php.INFO: ------------------------------------ [] []
[2019-12-04T00:43:12.759545+00:00] C:\wamp64\www\E-Commerce-Website-With-PHP-OOP-master\tests\unit\CartTest.php.INFO: STARTED: CartTest: Add to cart [] []
[2019-12-04T00:43:12.787123+00:00] C:\wamp64\www\E-Commerce-Website-With-PHP-OOP-master\tests\unit\CartTest.php.INFO: PASSED [] []
[2019-12-04T00:43:12.787299+00:00] C:\wamp64\www\E-Commerce-Website-With-PHP-OOP-master\tests\unit\CartTest.php.INFO: ------------------------------------ [] []
[2019-12-04T00:43:12.787354+00:00] C:\wamp64\www\E-Commerce-Website-With-PHP-OOP-master\tests\unit\CartTest.php.INFO: STARTED: CartTest: Get cart [] []
[2019-12-04T00:43:12.798161+00:00] C:\wamp64\www\E-Commerce-Website-With-PHP-OOP-master\tests\unit\CartTest.php.INFO: PASSED [] []
[2019-12-04T00:43:12.798437+00:00] C:\wamp64\www\E-Commerce-Website-With-PHP-OOP-master\tests\unit\CartTest.php.INFO: ------------------------------------ [] []
[2019-12-04T00:43:12.798568+00:00] C:\wamp64\www\E-Commerce-Website-With-PHP-OOP-master\tests\unit\CartTest.php.INFO: STARTED: CartTest: Update cart qunatity [] []
[2019-12-04T00:43:12.849309+00:00] C:\wamp64\www\E-Commerce-Website-With-PHP-OOP-master\tests\unit\CartTest.php.INFO: PASSED [] []
[2019-12-04T00:43:12.849542+00:00] C:\wamp64\www\E-Commerce-Website-With-PHP-OOP-master\tests\unit\CartTest.php.INFO: ------------------------------------ [] []
[2019-12-04T00:43:12.849635+00:00] C:\wamp64\www\E-Commerce-Website-With-PHP-OOP-master\tests\unit\CartTest.php.INFO: STARTED: CartTest: Delet a cart [] []
[2019-12-04T00:43:12.865711+00:00] C:\wamp64\www\E-Commerce-Website-With-PHP-OOP-master\tests\unit\CartTest.php.INFO: PASSED [] []
[2019-12-04T00:43:23.152566+00:00] C:\wamp64\www\E-Commerce-Website-With-PHP-OOP-master\tests\unit\CartTest.php.INFO: ------------------------------------ [] []
[2019-12-04T00:43:23.153927+00:00] C:\wamp64\www\E-Commerce-Website-With-PHP-OOP-master\tests\unit\CartTest.php.INFO: STARTED: CartTest: Add to cart [] []
[2019-12-04T00:43:23.203970+00:00] C:\wamp64\www\E-Commerce-Website-With-PHP-OOP-master\tests\unit\CartTest.php.INFO: PASSED [] []
[2019-12-04T00:43:23.204118+00:00] C:\wamp64\www\E-Commerce-Website-With-PHP-OOP-master\tests\unit\CartTest.php.INFO: ------------------------------------ [] []
[2019-12-04T00:43:23.204185+00:00] C:\wamp64\www\E-Commerce-Website-With-PHP-OOP-master\tests\unit\CartTest.php.INFO: STARTED: CartTest: Get cart [] []
[2019-12-04T00:43:23.208982+00:00] C:\wamp64\www\E-Commerce-Website-With-PHP-OOP-master\tests\unit\CartTest.php.INFO: PASSED [] []
[2019-12-04T00:43:23.209136+00:00] C:\wamp64\www\E-Commerce-Website-With-PHP-OOP-master\tests\unit\CartTest.php.INFO: ------------------------------------ [] []
[2019-12-04T00:43:23.209270+00:00] C:\wamp64\www\E-Commerce-Website-With-PHP-OOP-master\tests\unit\CartTest.php.INFO: STARTED: CartTest: Update cart qunatity [] []
[2019-12-04T00:43:23.213510+00:00] C:\wamp64\www\E-Commerce-Website-With-PHP-OOP-master\tests\unit\CartTest.php.INFO: PASSED [] []
[2019-12-04T00:43:23.213727+00:00] C:\wamp64\www\E-Commerce-Website-With-PHP-OOP-master\tests\unit\CartTest.php.INFO: ------------------------------------ [] []
[2019-12-04T00:43:23.213822+00:00] C:\wamp64\www\E-Commerce-Website-With-PHP-OOP-master\tests\unit\CartTest.php.INFO: STARTED: CartTest: Delet a cart [] []
[2019-12-04T00:43:23.242612+00:00] C:\wamp64\www\E-Commerce-Website-With-PHP-OOP-master\tests\unit\CartTest.php.INFO: PASSED [] []
[2019-12-04T00:56:00.745259+00:00] C:\wamp64\www\E-Commerce-Website-With-PHP-OOP-master\tests\unit\CartTest.php.INFO: ------------------------------------ [] []
[2019-12-04T00:56:00.747283+00:00] C:\wamp64\www\E-Commerce-Website-With-PHP-OOP-master\tests\unit\CartTest.php.INFO: STARTED: CartTest: Add to cart [] []
[2019-12-04T00:56:00.805282+00:00] C:\wamp64\www\E-Commerce-Website-With-PHP-OOP-master\tests\unit\CartTest.php.INFO: PASSED [] []
[2019-12-04T00:56:00.805461+00:00] C:\wamp64\www\E-Commerce-Website-With-PHP-OOP-master\tests\unit\CartTest.php.INFO: ------------------------------------ [] []
[2019-12-04T00:56:00.805516+00:00] C:\wamp64\www\E-Commerce-Website-With-PHP-OOP-master\tests\unit\CartTest.php.INFO: STARTED: CartTest: Get cart [] []
[2019-12-04T00:56:00.810903+00:00] C:\wamp64\www\E-Commerce-Website-With-PHP-OOP-master\tests\unit\CartTest.php.INFO: PASSED [] []
[2019-12-04T00:56:00.811062+00:00] C:\wamp64\www\E-Commerce-Website-With-PHP-OOP-master\tests\unit\CartTest.php.INFO: ------------------------------------ [] []
[2019-12-04T00:56:00.811131+00:00] C:\wamp64\www\E-Commerce-Website-With-PHP-OOP-master\tests\unit\CartTest.php.INFO: STARTED: CartTest: Update cart qunatity [] []
[2019-12-04T00:56:00.815342+00:00] C:\wamp64\www\E-Commerce-Website-With-PHP-OOP-master\tests\unit\CartTest.php.INFO: PASSED [] []
[2019-12-04T00:56:00.815523+00:00] C:\wamp64\www\E-Commerce-Website-With-PHP-OOP-master\tests\unit\CartTest.php.INFO: ------------------------------------ [] []
[2019-12-04T00:56:00.815600+00:00] C:\wamp64\www\E-Commerce-Website-With-PHP-OOP-master\tests\unit\CartTest.php.INFO: STARTED: CartTest: Delet a cart [] []
[2019-12-04T00:56:00.846459+00:00] C:\wamp64\www\E-Commerce-Website-With-PHP-OOP-master\tests\unit\CartTest.php.INFO: PASSED [] []
[2019-12-04T00:58:01.325604+00:00] C:\wamp64\www\E-Commerce-Website-With-PHP-OOP-master\tests\unit\DatabaseTest.php.INFO: ------------------------------------ [] []
[2019-12-04T00:58:01.327433+00:00] C:\wamp64\www\E-Commerce-Website-With-PHP-OOP-master\tests\unit\DatabaseTest.php.INFO: STARTED: DatabaseTest: Connection [] []
[2019-12-04T00:58:01.372796+00:00] C:\wamp64\www\E-Commerce-Website-With-PHP-OOP-master\tests\unit\DatabaseTest.php.INFO: PASSED [] []
[2019-12-04T00:58:01.372968+00:00] C:\wamp64\www\E-Commerce-Website-With-PHP-OOP-master\tests\unit\DatabaseTest.php.INFO: ------------------------------------ [] []
[2019-12-04T00:58:01.373023+00:00] C:\wamp64\www\E-Commerce-Website-With-PHP-OOP-master\tests\unit\DatabaseTest.php.INFO: STARTED: DatabaseTest: Select [] []
[2019-12-04T00:58:01.396368+00:00] C:\wamp64\www\E-Commerce-Website-With-PHP-OOP-master\tests\unit\DatabaseTest.php.INFO: PASSED [] []
[2019-12-04T00:58:01.396628+00:00] C:\wamp64\www\E-Commerce-Website-With-PHP-OOP-master\tests\unit\DatabaseTest.php.INFO: ------------------------------------ [] []
[2019-12-04T00:58:01.396743+00:00] C:\wamp64\www\E-Commerce-Website-With-PHP-OOP-master\tests\unit\DatabaseTest.php.INFO: STARTED: DatabaseTest: Insert [] []
[2019-12-04T00:58:01.438239+00:00] C:\wamp64\www\E-Commerce-Website-With-PHP-OOP-master\tests\unit\DatabaseTest.php.INFO: PASSED [] []
[2019-12-04T00:58:01.438459+00:00] C:\wamp64\www\E-Commerce-Website-With-PHP-OOP-master\tests\unit\DatabaseTest.php.INFO: ------------------------------------ [] []
[2019-12-04T00:58:01.438623+00:00] C:\wamp64\www\E-Commerce-Website-With-PHP-OOP-master\tests\unit\DatabaseTest.php.INFO: STARTED: DatabaseTest: Update [] []
[2019-12-04T00:58:01.473897+00:00] C:\wamp64\www\E-Commerce-Website-With-PHP-OOP-master\tests\unit\DatabaseTest.php.INFO: PASSED [] []
[2019-12-04T00:58:01.474238+00:00] C:\wamp64\www\E-Commerce-Website-With-PHP-OOP-master\tests\unit\DatabaseTest.php.INFO: ------------------------------------ [] []
[2019-12-04T00:58:01.474476+00:00] C:\wamp64\www\E-Commerce-Website-With-PHP-OOP-master\tests\unit\DatabaseTest.php.INFO: STARTED: DatabaseTest: Delete [] []
[2019-12-04T00:58:01.509761+00:00] C:\wamp64\www\E-Commerce-Website-With-PHP-OOP-master\tests\unit\DatabaseTest.php.INFO: PASSED [] []
[2019-12-04T00:58:10.978981+00:00] C:\wamp64\www\E-Commerce-Website-With-PHP-OOP-master\tests\unit\SessionTest.php.INFO: ------------------------------------ [] []
[2019-12-04T00:58:10.980572+00:00] C:\wamp64\www\E-Commerce-Website-With-PHP-OOP-master\tests\unit\SessionTest.php.INFO: STARTED: SessionTest: Session exists [] []
[2019-12-04T00:58:11.019467+00:00] C:\wamp64\www\E-Commerce-Website-With-PHP-OOP-master\tests\unit\SessionTest.php.INFO: PASSED [] []
[2019-12-04T00:58:11.019671+00:00] C:\wamp64\www\E-Commerce-Website-With-PHP-OOP-master\tests\unit\SessionTest.php.INFO: ------------------------------------ [] []
[2019-12-04T00:58:11.019742+00:00] C:\wamp64\www\E-Commerce-Website-With-PHP-OOP-master\tests\unit\SessionTest.php.INFO: STARTED: SessionTest: Session values [] []
[2019-12-04T00:58:11.023106+00:00] C:\wamp64\www\E-Commerce-Website-With-PHP-OOP-master\tests\unit\SessionTest.php.INFO: PASSED [] []
[2019-12-04T00:58:11.023311+00:00] C:\wamp64\www\E-Commerce-Website-With-PHP-OOP-master\tests\unit\SessionTest.php.INFO: ------------------------------------ [] []
[2019-12-04T00:58:11.023438+00:00] C:\wamp64\www\E-Commerce-Website-With-PHP-OOP-master\tests\unit\SessionTest.php.INFO: STARTED: SessionTest: Admin login [] []
[2019-12-04T00:58:11.046226+00:00] C:\wamp64\www\E-Commerce-Website-With-PHP-OOP-master\tests\unit\SessionTest.php.INFO: PASSED [] []
[2019-12-04T00:58:11.046635+00:00] C:\wamp64\www\E-Commerce-Website-With-PHP-OOP-master\tests\unit\SessionTest.php.INFO: ------------------------------------ [] []
[2019-12-04T00:58:11.046775+00:00] C:\wamp64\www\E-Commerce-Website-With-PHP-OOP-master\tests\unit\SessionTest.php.INFO: STARTED: SessionTest: Admin not login [] []
[2019-12-04T00:58:11.050195+00:00] C:\wamp64\www\E-Commerce-Website-With-PHP-OOP-master\tests\unit\SessionTest.php.INFO: PASSED [] []
[2019-12-04T00:58:11.050481+00:00] C:\wamp64\www\E-Commerce-Website-With-PHP-OOP-master\tests\unit\SessionTest.php.INFO: ------------------------------------ [] []
[2019-12-04T00:58:11.050561+00:00] C:\wamp64\www\E-Commerce-Website-With-PHP-OOP-master\tests\unit\SessionTest.php.INFO: STARTED: SessionTest: Destroy [] []
[2019-12-04T00:58:11.054348+00:00] C:\wamp64\www\E-Commerce-Website-With-PHP-OOP-master\tests\unit\SessionTest.php.INFO: PASSED [] []
[2019-12-04T00:58:20.105378+00:00] C:\wamp64\www\E-Commerce-Website-With-PHP-OOP-master\tests\unit\BrandTest.php.INFO: ------------------------------------ [] []
[2019-12-04T00:58:20.107133+00:00] C:\wamp64\www\E-Commerce-Website-With-PHP-OOP-master\tests\unit\BrandTest.php.INFO: STARTED: BrandTest: Insert empty [] []
[2019-12-04T00:58:20.133797+00:00] C:\wamp64\www\E-Commerce-Website-With-PHP-OOP-master\tests\unit\BrandTest.php.INFO: PASSED [] []
[2019-12-04T00:58:20.133982+00:00] C:\wamp64\www\E-Commerce-Website-With-PHP-OOP-master\tests\unit\BrandTest.php.INFO: ------------------------------------ [] []
[2019-12-04T00:58:20.134067+00:00] C:\wamp64\www\E-Commerce-Website-With-PHP-OOP-master\tests\unit\BrandTest.php.INFO: STARTED: BrandTest: Get all brands [] []
[2019-12-04T00:58:20.140137+00:00] C:\wamp64\www\E-Commerce-Website-With-PHP-OOP-master\tests\unit\BrandTest.php.INFO: PASSED [] []
[2019-12-04T00:58:20.140327+00:00] C:\wamp64\www\E-Commerce-Website-With-PHP-OOP-master\tests\unit\BrandTest.php.INFO: ------------------------------------ [] []
[2019-12-04T00:58:20.140490+00:00] C:\wamp64\www\E-Commerce-Website-With-PHP-OOP-master\tests\unit\BrandTest.php.INFO: STARTED: BrandTest: Get brand by id [] []
[2019-12-04T00:58:20.165471+00:00] C:\wamp64\www\E-Commerce-Website-With-PHP-OOP-master\tests\unit\BrandTest.php.INFO: PASSED [] []
[2019-12-04T00:58:20.165686+00:00] C:\wamp64\www\E-Commerce-Website-With-PHP-OOP-master\tests\unit\BrandTest.php.INFO: ------------------------------------ [] []
[2019-12-04T00:58:20.165768+00:00] C:\wamp64\www\E-Commerce-Website-With-PHP-OOP-master\tests\unit\BrandTest.php.INFO: STARTED: BrandTest: Insert a brand [] []
[2019-12-04T00:58:20.198292+00:00] C:\wamp64\www\E-Commerce-Website-With-PHP-OOP-master\tests\unit\BrandTest.php.INFO: PASSED [] []
[2019-12-04T00:58:20.198445+00:00] C:\wamp64\www\E-Commerce-Website-With-PHP-OOP-master\tests\unit\BrandTest.php.INFO: ------------------------------------ [] []
[2019-12-04T00:58:20.198503+00:00] C:\wamp64\www\E-Commerce-Website-With-PHP-OOP-master\tests\unit\BrandTest.php.INFO: STARTED: BrandTest: Update a brand [] []
[2019-12-04T00:58:20.228889+00:00] C:\wamp64\www\E-Commerce-Website-With-PHP-OOP-master\tests\unit\BrandTest.php.INFO: # Skipped # [] []
[2019-12-04T00:58:20.229048+00:00] C:\wamp64\www\E-Commerce-Website-With-PHP-OOP-master\tests\unit\BrandTest.php.INFO: PASSED [] []
[2019-12-04T00:58:20.229154+00:00] C:\wamp64\www\E-Commerce-Website-With-PHP-OOP-master\tests\unit\BrandTest.php.INFO: ------------------------------------ [] []
[2019-12-04T00:58:20.229211+00:00] C:\wamp64\www\E-Commerce-Website-With-PHP-OOP-master\tests\unit\BrandTest.php.INFO: STARTED: BrandTest: Testdel brand by id [] []
[2019-12-04T00:58:20.263661+00:00] C:\wamp64\www\E-Commerce-Website-With-PHP-OOP-master\tests\unit\BrandTest.php.INFO: # Skipped # [] []
[2019-12-04T00:58:20.263838+00:00] C:\wamp64\www\E-Commerce-Website-With-PHP-OOP-master\tests\unit\BrandTest.php.INFO: PASSED [] []
[2019-12-04T00:58:35.409102+00:00] C:\wamp64\www\E-Commerce-Website-With-PHP-OOP-master\tests\unit\CartTest.php.INFO: ------------------------------------ [] []
[2019-12-04T00:58:35.410982+00:00] C:\wamp64\www\E-Commerce-Website-With-PHP-OOP-master\tests\unit\CartTest.php.INFO: STARTED: CartTest: Add to cart [] []
[2019-12-04T00:58:35.489496+00:00] C:\wamp64\www\E-Commerce-Website-With-PHP-OOP-master\tests\unit\CartTest.php.INFO: PASSED [] []
[2019-12-04T00:58:35.489681+00:00] C:\wamp64\www\E-Commerce-Website-With-PHP-OOP-master\tests\unit\CartTest.php.INFO: ------------------------------------ [] []
[2019-12-04T00:58:35.489745+00:00] C:\wamp64\www\E-Commerce-Website-With-PHP-OOP-master\tests\unit\CartTest.php.INFO: STARTED: CartTest: Get cart [] []
[2019-12-04T00:58:35.499129+00:00] C:\wamp64\www\E-Commerce-Website-With-PHP-OOP-master\tests\unit\CartTest.php.INFO: PASSED [] []
[2019-12-04T00:58:35.499392+00:00] C:\wamp64\www\E-Commerce-Website-With-PHP-OOP-master\tests\unit\CartTest.php.INFO: ------------------------------------ [] []
[2019-12-04T00:58:35.499504+00:00] C:\wamp64\www\E-Commerce-Website-With-PHP-OOP-master\tests\unit\CartTest.php.INFO: STARTED: CartTest: Update cart qunatity [] []
[2019-12-04T00:58:35.504391+00:00] C:\wamp64\www\E-Commerce-Website-With-PHP-OOP-master\tests\unit\CartTest.php.INFO: PASSED [] []
[2019-12-04T00:58:35.504577+00:00] C:\wamp64\www\E-Commerce-Website-With-PHP-OOP-master\tests\unit\CartTest.php.INFO: ------------------------------------ [] []
[2019-12-04T00:58:35.504656+00:00] C:\wamp64\www\E-Commerce-Website-With-PHP-OOP-master\tests\unit\CartTest.php.INFO: STARTED: CartTest: Delet a cart [] []
[2019-12-04T00:58:35.574092+00:00] C:\wamp64\www\E-Commerce-Website-With-PHP-OOP-master\tests\unit\CartTest.php.INFO: PASSED [] []
[2019-12-04T13:17:13.330673+00:00] C:\wamp64\www\E-Commerce-Website-With-PHP-OOP-master\tests\unit\AdminloginTest.php.INFO: ------------------------------------ [] []
[2019-12-04T13:17:13.368384+00:00] C:\wamp64\www\E-Commerce-Website-With-PHP-OOP-master\tests\unit\AdminloginTest.php.INFO: STARTED: AdminloginTest: Admin false data [] []
[2019-12-04T13:17:17.861775+00:00] C:\wamp64\www\E-Commerce-Website-With-PHP-OOP-master\tests\unit\AdminloginTest.php.ALERT: mysqli::__construct(): (HY000/2002): No connection could be made because the target machine actively refused it.  [] []
[2019-12-04T13:17:17.861909+00:00] C:\wamp64\www\E-Commerce-Website-With-PHP-OOP-master\tests\unit\AdminloginTest.php.INFO: # ERROR # [] []
[2019-12-04T13:17:17.862027+00:00] C:\wamp64\www\E-Commerce-Website-With-PHP-OOP-master\tests\unit\AdminloginTest.php.INFO: PASSED [] []
[2019-12-04T13:17:17.862139+00:00] C:\wamp64\www\E-Commerce-Website-With-PHP-OOP-master\tests\unit\AdminloginTest.php.INFO: ------------------------------------ [] []
[2019-12-04T13:17:17.862197+00:00] C:\wamp64\www\E-Commerce-Website-With-PHP-OOP-master\tests\unit\AdminloginTest.php.INFO: STARTED: AdminloginTest: Admin true data [] []
[2019-12-04T13:17:21.888548+00:00] C:\wamp64\www\E-Commerce-Website-With-PHP-OOP-master\tests\unit\AdminloginTest.php.ALERT: mysqli::__construct(): (HY000/2002): No connection could be made because the target machine actively refused it.  [] []
[2019-12-04T13:17:21.888663+00:00] C:\wamp64\www\E-Commerce-Website-With-PHP-OOP-master\tests\unit\AdminloginTest.php.INFO: # ERROR # [] []
[2019-12-04T13:17:21.888767+00:00] C:\wamp64\www\E-Commerce-Website-With-PHP-OOP-master\tests\unit\AdminloginTest.php.INFO: PASSED [] []
[2019-12-04T13:17:21.888894+00:00] C:\wamp64\www\E-Commerce-Website-With-PHP-OOP-master\tests\unit\BrandTest.php.INFO: ------------------------------------ [] []
[2019-12-04T13:17:21.888960+00:00] C:\wamp64\www\E-Commerce-Website-With-PHP-OOP-master\tests\unit\BrandTest.php.INFO: STARTED: BrandTest: Insert empty [] []
[2019-12-04T13:17:25.916316+00:00] C:\wamp64\www\E-Commerce-Website-With-PHP-OOP-master\tests\unit\BrandTest.php.ALERT: mysqli::__construct(): (HY000/2002): No connection could be made because the target machine actively refused it.  [] []
[2019-12-04T13:17:25.916419+00:00] C:\wamp64\www\E-Commerce-Website-With-PHP-OOP-master\tests\unit\BrandTest.php.INFO: # ERROR # [] []
[2019-12-04T13:17:25.916502+00:00] C:\wamp64\www\E-Commerce-Website-With-PHP-OOP-master\tests\unit\BrandTest.php.INFO: PASSED [] []
[2019-12-04T13:17:25.916628+00:00] C:\wamp64\www\E-Commerce-Website-With-PHP-OOP-master\tests\unit\BrandTest.php.INFO: ------------------------------------ [] []
[2019-12-04T13:17:25.916699+00:00] C:\wamp64\www\E-Commerce-Website-With-PHP-OOP-master\tests\unit\BrandTest.php.INFO: STARTED: BrandTest: Get all brands [] []
[2019-12-04T13:17:29.962555+00:00] C:\wamp64\www\E-Commerce-Website-With-PHP-OOP-master\tests\unit\BrandTest.php.ALERT: mysqli::__construct(): (HY000/2002): No connection could be made because the target machine actively refused it.  [] []
[2019-12-04T13:17:29.962666+00:00] C:\wamp64\www\E-Commerce-Website-With-PHP-OOP-master\tests\unit\BrandTest.php.INFO: # ERROR # [] []
[2019-12-04T13:17:29.962755+00:00] C:\wamp64\www\E-Commerce-Website-With-PHP-OOP-master\tests\unit\BrandTest.php.INFO: PASSED [] []
[2019-12-04T13:17:29.962876+00:00] C:\wamp64\www\E-Commerce-Website-With-PHP-OOP-master\tests\unit\BrandTest.php.INFO: ------------------------------------ [] []
[2019-12-04T13:17:29.962948+00:00] C:\wamp64\www\E-Commerce-Website-With-PHP-OOP-master\tests\unit\BrandTest.php.INFO: STARTED: BrandTest: Get brand by id [] []
[2019-12-04T13:17:34.011771+00:00] C:\wamp64\www\E-Commerce-Website-With-PHP-OOP-master\tests\unit\BrandTest.php.ALERT: mysqli::__construct(): (HY000/2002): No connection could be made because the target machine actively refused it.  [] []
[2019-12-04T13:17:34.011865+00:00] C:\wamp64\www\E-Commerce-Website-With-PHP-OOP-master\tests\unit\BrandTest.php.INFO: # ERROR # [] []
[2019-12-04T13:17:34.011948+00:00] C:\wamp64\www\E-Commerce-Website-With-PHP-OOP-master\tests\unit\BrandTest.php.INFO: PASSED [] []
[2019-12-04T13:17:34.012039+00:00] C:\wamp64\www\E-Commerce-Website-With-PHP-OOP-master\tests\unit\BrandTest.php.INFO: ------------------------------------ [] []
[2019-12-04T13:17:34.012090+00:00] C:\wamp64\www\E-Commerce-Website-With-PHP-OOP-master\tests\unit\BrandTest.php.INFO: STARTED: BrandTest: Insert a brand [] []
[2019-12-04T13:17:38.038618+00:00] C:\wamp64\www\E-Commerce-Website-With-PHP-OOP-master\tests\unit\BrandTest.php.ALERT: mysqli::__construct(): (HY000/2002): No connection could be made because the target machine actively refused it.  [] []
[2019-12-04T13:17:38.038758+00:00] C:\wamp64\www\E-Commerce-Website-With-PHP-OOP-master\tests\unit\BrandTest.php.INFO: # ERROR # [] []
[2019-12-04T13:17:38.038845+00:00] C:\wamp64\www\E-Commerce-Website-With-PHP-OOP-master\tests\unit\BrandTest.php.INFO: PASSED [] []
[2019-12-04T13:17:38.038948+00:00] C:\wamp64\www\E-Commerce-Website-With-PHP-OOP-master\tests\unit\BrandTest.php.INFO: ------------------------------------ [] []
[2019-12-04T13:17:38.039007+00:00] C:\wamp64\www\E-Commerce-Website-With-PHP-OOP-master\tests\unit\BrandTest.php.INFO: STARTED: BrandTest: Update a brand [] []
[2019-12-04T13:20:06.608552+00:00] C:\wamp64\www\E-Commerce-Website-With-PHP-OOP-master\tests\unit\AdminloginTest.php.INFO: ------------------------------------ [] []
[2019-12-04T13:20:06.681872+00:00] C:\wamp64\www\E-Commerce-Website-With-PHP-OOP-master\tests\unit\AdminloginTest.php.INFO: STARTED: AdminloginTest: Admin false data [] []
[2019-12-04T13:20:07.657399+00:00] C:\wamp64\www\E-Commerce-Website-With-PHP-OOP-master\tests\unit\AdminloginTest.php.INFO: PASSED [] []
[2019-12-04T13:20:07.657571+00:00] C:\wamp64\www\E-Commerce-Website-With-PHP-OOP-master\tests\unit\AdminloginTest.php.INFO: ------------------------------------ [] []
[2019-12-04T13:20:07.657632+00:00] C:\wamp64\www\E-Commerce-Website-With-PHP-OOP-master\tests\unit\AdminloginTest.php.INFO: STARTED: AdminloginTest: Admin true data [] []
[2019-12-04T13:20:07.712852+00:00] C:\wamp64\www\E-Commerce-Website-With-PHP-OOP-master\tests\unit\AdminloginTest.php.INFO: PASSED [] []
[2019-12-04T13:20:07.713366+00:00] C:\wamp64\www\E-Commerce-Website-With-PHP-OOP-master\tests\unit\BrandTest.php.INFO: ------------------------------------ [] []
[2019-12-04T13:20:07.713478+00:00] C:\wamp64\www\E-Commerce-Website-With-PHP-OOP-master\tests\unit\BrandTest.php.INFO: STARTED: BrandTest: Insert empty [] []
[2019-12-04T13:20:07.790786+00:00] C:\wamp64\www\E-Commerce-Website-With-PHP-OOP-master\tests\unit\BrandTest.php.INFO: PASSED [] []
[2019-12-04T13:20:07.790950+00:00] C:\wamp64\www\E-Commerce-Website-With-PHP-OOP-master\tests\unit\BrandTest.php.INFO: ------------------------------------ [] []
[2019-12-04T13:20:07.791007+00:00] C:\wamp64\www\E-Commerce-Website-With-PHP-OOP-master\tests\unit\BrandTest.php.INFO: STARTED: BrandTest: Get all brands [] []
[2019-12-04T13:20:08.040146+00:00] C:\wamp64\www\E-Commerce-Website-With-PHP-OOP-master\tests\unit\BrandTest.php.INFO: PASSED [] []
[2019-12-04T13:20:08.040362+00:00] C:\wamp64\www\E-Commerce-Website-With-PHP-OOP-master\tests\unit\BrandTest.php.INFO: ------------------------------------ [] []
[2019-12-04T13:20:08.040434+00:00] C:\wamp64\www\E-Commerce-Website-With-PHP-OOP-master\tests\unit\BrandTest.php.INFO: STARTED: BrandTest: Get brand by id [] []
[2019-12-04T13:20:08.074293+00:00] C:\wamp64\www\E-Commerce-Website-With-PHP-OOP-master\tests\unit\BrandTest.php.INFO: PASSED [] []
[2019-12-04T13:20:08.074547+00:00] C:\wamp64\www\E-Commerce-Website-With-PHP-OOP-master\tests\unit\BrandTest.php.INFO: ------------------------------------ [] []
[2019-12-04T13:20:08.074659+00:00] C:\wamp64\www\E-Commerce-Website-With-PHP-OOP-master\tests\unit\BrandTest.php.INFO: STARTED: BrandTest: Insert a brand [] []
[2019-12-04T13:20:08.257235+00:00] C:\wamp64\www\E-Commerce-Website-With-PHP-OOP-master\tests\unit\BrandTest.php.INFO: PASSED [] []
[2019-12-04T13:20:08.257420+00:00] C:\wamp64\www\E-Commerce-Website-With-PHP-OOP-master\tests\unit\BrandTest.php.INFO: ------------------------------------ [] []
[2019-12-04T13:20:08.257486+00:00] C:\wamp64\www\E-Commerce-Website-With-PHP-OOP-master\tests\unit\BrandTest.php.INFO: STARTED: BrandTest: Update a brand [] []
[2019-12-04T13:20:08.498001+00:00] C:\wamp64\www\E-Commerce-Website-With-PHP-OOP-master\tests\unit\BrandTest.php.INFO: # Skipped # [] []
[2019-12-04T13:20:08.498254+00:00] C:\wamp64\www\E-Commerce-Website-With-PHP-OOP-master\tests\unit\BrandTest.php.INFO: PASSED [] []
[2019-12-04T13:20:08.498408+00:00] C:\wamp64\www\E-Commerce-Website-With-PHP-OOP-master\tests\unit\BrandTest.php.INFO: ------------------------------------ [] []
[2019-12-04T13:20:08.498496+00:00] C:\wamp64\www\E-Commerce-Website-With-PHP-OOP-master\tests\unit\BrandTest.php.INFO: STARTED: BrandTest: Testdel brand by id [] []
[2019-12-04T13:20:08.622762+00:00] C:\wamp64\www\E-Commerce-Website-With-PHP-OOP-master\tests\unit\BrandTest.php.INFO: # Skipped # [] []
[2019-12-04T13:20:08.623003+00:00] C:\wamp64\www\E-Commerce-Website-With-PHP-OOP-master\tests\unit\BrandTest.php.INFO: PASSED [] []
[2019-12-04T13:20:08.623256+00:00] C:\wamp64\www\E-Commerce-Website-With-PHP-OOP-master\tests\unit\CartTest.php.INFO: ------------------------------------ [] []
[2019-12-04T13:20:08.623366+00:00] C:\wamp64\www\E-Commerce-Website-With-PHP-OOP-master\tests\unit\CartTest.php.INFO: STARTED: CartTest: Add to cart [] []
[2019-12-04T13:20:09.081854+00:00] C:\wamp64\www\E-Commerce-Website-With-PHP-OOP-master\tests\unit\CartTest.php.INFO: PASSED [] []
[2019-12-04T13:20:09.082052+00:00] C:\wamp64\www\E-Commerce-Website-With-PHP-OOP-master\tests\unit\CartTest.php.INFO: ------------------------------------ [] []
[2019-12-04T13:20:09.082131+00:00] C:\wamp64\www\E-Commerce-Website-With-PHP-OOP-master\tests\unit\CartTest.php.INFO: STARTED: CartTest: Get cart [] []
[2019-12-04T13:20:09.092986+00:00] C:\wamp64\www\E-Commerce-Website-With-PHP-OOP-master\tests\unit\CartTest.php.INFO: PASSED [] []
[2019-12-04T13:20:09.093217+00:00] C:\wamp64\www\E-Commerce-Website-With-PHP-OOP-master\tests\unit\CartTest.php.INFO: ------------------------------------ [] []
[2019-12-04T13:20:09.093320+00:00] C:\wamp64\www\E-Commerce-Website-With-PHP-OOP-master\tests\unit\CartTest.php.INFO: STARTED: CartTest: Update cart qunatity [] []
[2019-12-04T13:20:09.112319+00:00] C:\wamp64\www\E-Commerce-Website-With-PHP-OOP-master\tests\unit\CartTest.php.INFO: PASSED [] []
[2019-12-04T13:20:09.112571+00:00] C:\wamp64\www\E-Commerce-Website-With-PHP-OOP-master\tests\unit\CartTest.php.INFO: ------------------------------------ [] []
[2019-12-04T13:20:09.112672+00:00] C:\wamp64\www\E-Commerce-Website-With-PHP-OOP-master\tests\unit\CartTest.php.INFO: STARTED: CartTest: Delet a cart [] []
[2019-12-04T13:20:09.164377+00:00] C:\wamp64\www\E-Commerce-Website-With-PHP-OOP-master\tests\unit\CartTest.php.INFO: PASSED [] []
[2019-12-04T13:20:09.164580+00:00] C:\wamp64\www\E-Commerce-Website-With-PHP-OOP-master\tests\unit\CategoryTest.php.INFO: ------------------------------------ [] []
[2019-12-04T13:20:09.164671+00:00] C:\wamp64\www\E-Commerce-Website-With-PHP-OOP-master\tests\unit\CategoryTest.php.INFO: STARTED: CategoryTest: Some feature [] []
[2019-12-04T13:20:09.166099+00:00] C:\wamp64\www\E-Commerce-Website-With-PHP-OOP-master\tests\unit\CategoryTest.php.INFO: PASSED [] []
[2019-12-04T13:20:09.166261+00:00] C:\wamp64\www\E-Commerce-Website-With-PHP-OOP-master\tests\unit\CustomerTest.php.INFO: ------------------------------------ [] []
[2019-12-04T13:20:09.166329+00:00] C:\wamp64\www\E-Commerce-Website-With-PHP-OOP-master\tests\unit\CustomerTest.php.INFO: STARTED: CustomerTest: Some feature [] []
[2019-12-04T13:20:09.167450+00:00] C:\wamp64\www\E-Commerce-Website-With-PHP-OOP-master\tests\unit\CustomerTest.php.INFO: PASSED [] []
[2019-12-04T13:20:09.167607+00:00] C:\wamp64\www\E-Commerce-Website-With-PHP-OOP-master\tests\unit\DatabaseTest.php.INFO: ------------------------------------ [] []
[2019-12-04T13:20:09.167692+00:00] C:\wamp64\www\E-Commerce-Website-With-PHP-OOP-master\tests\unit\DatabaseTest.php.INFO: STARTED: DatabaseTest: Connection [] []
[2019-12-04T13:20:09.193911+00:00] C:\wamp64\www\E-Commerce-Website-With-PHP-OOP-master\tests\unit\DatabaseTest.php.INFO: PASSED [] []
[2019-12-04T13:20:09.194176+00:00] C:\wamp64\www\E-Commerce-Website-With-PHP-OOP-master\tests\unit\DatabaseTest.php.INFO: ------------------------------------ [] []
[2019-12-04T13:20:09.194371+00:00] C:\wamp64\www\E-Commerce-Website-With-PHP-OOP-master\tests\unit\DatabaseTest.php.INFO: STARTED: DatabaseTest: Select [] []
[2019-12-04T13:20:09.362987+00:00] C:\wamp64\www\E-Commerce-Website-With-PHP-OOP-master\tests\unit\DatabaseTest.php.INFO: PASSED [] []
[2019-12-04T13:20:09.363199+00:00] C:\wamp64\www\E-Commerce-Website-With-PHP-OOP-master\tests\unit\DatabaseTest.php.INFO: ------------------------------------ [] []
[2019-12-04T13:20:09.363287+00:00] C:\wamp64\www\E-Commerce-Website-With-PHP-OOP-master\tests\unit\DatabaseTest.php.INFO: STARTED: DatabaseTest: Insert [] []
[2019-12-04T13:20:09.481579+00:00] C:\wamp64\www\E-Commerce-Website-With-PHP-OOP-master\tests\unit\DatabaseTest.php.INFO: PASSED [] []
[2019-12-04T13:20:09.481824+00:00] C:\wamp64\www\E-Commerce-Website-With-PHP-OOP-master\tests\unit\DatabaseTest.php.INFO: ------------------------------------ [] []
[2019-12-04T13:20:09.481893+00:00] C:\wamp64\www\E-Commerce-Website-With-PHP-OOP-master\tests\unit\DatabaseTest.php.INFO: STARTED: DatabaseTest: Update [] []
[2019-12-04T13:20:09.525650+00:00] C:\wamp64\www\E-Commerce-Website-With-PHP-OOP-master\tests\unit\DatabaseTest.php.INFO: PASSED [] []
[2019-12-04T13:20:09.525839+00:00] C:\wamp64\www\E-Commerce-Website-With-PHP-OOP-master\tests\unit\DatabaseTest.php.INFO: ------------------------------------ [] []
[2019-12-04T13:20:09.525898+00:00] C:\wamp64\www\E-Commerce-Website-With-PHP-OOP-master\tests\unit\DatabaseTest.php.INFO: STARTED: DatabaseTest: Delete [] []
[2019-12-04T13:20:09.570423+00:00] C:\wamp64\www\E-Commerce-Website-With-PHP-OOP-master\tests\unit\DatabaseTest.php.INFO: PASSED [] []
[2019-12-04T13:20:09.570687+00:00] C:\wamp64\www\E-Commerce-Website-With-PHP-OOP-master\tests\unit\SessionTest.php.INFO: ------------------------------------ [] []
[2019-12-04T13:20:09.570800+00:00] C:\wamp64\www\E-Commerce-Website-With-PHP-OOP-master\tests\unit\SessionTest.php.INFO: STARTED: SessionTest: Session exists [] []
[2019-12-04T13:20:09.633325+00:00] C:\wamp64\www\E-Commerce-Website-With-PHP-OOP-master\tests\unit\SessionTest.php.ALERT: Failed asserting that false is true. [] []
[2019-12-04T13:20:09.633443+00:00] C:\wamp64\www\E-Commerce-Website-With-PHP-OOP-master\tests\unit\SessionTest.php.INFO: # FAILED # [] []
[2019-12-04T13:20:09.633558+00:00] C:\wamp64\www\E-Commerce-Website-With-PHP-OOP-master\tests\unit\SessionTest.php.INFO: PASSED [] []
[2019-12-04T13:20:09.633697+00:00] C:\wamp64\www\E-Commerce-Website-With-PHP-OOP-master\tests\unit\SessionTest.php.INFO: ------------------------------------ [] []
[2019-12-04T13:20:09.633773+00:00] C:\wamp64\www\E-Commerce-Website-With-PHP-OOP-master\tests\unit\SessionTest.php.INFO: STARTED: SessionTest: Session values [] []
[2019-12-04T13:20:09.708015+00:00] C:\wamp64\www\E-Commerce-Website-With-PHP-OOP-master\tests\unit\SessionTest.php.INFO: PASSED [] []
[2019-12-04T13:20:09.708189+00:00] C:\wamp64\www\E-Commerce-Website-With-PHP-OOP-master\tests\unit\SessionTest.php.INFO: ------------------------------------ [] []
[2019-12-04T13:20:09.708248+00:00] C:\wamp64\www\E-Commerce-Website-With-PHP-OOP-master\tests\unit\SessionTest.php.INFO: STARTED: SessionTest: Admin login [] []
[2019-12-04T13:20:09.713309+00:00] C:\wamp64\www\E-Commerce-Website-With-PHP-OOP-master\tests\unit\SessionTest.php.INFO: PASSED [] []
[2019-12-04T13:20:09.713578+00:00] C:\wamp64\www\E-Commerce-Website-With-PHP-OOP-master\tests\unit\SessionTest.php.INFO: ------------------------------------ [] []
[2019-12-04T13:20:09.713695+00:00] C:\wamp64\www\E-Commerce-Website-With-PHP-OOP-master\tests\unit\SessionTest.php.INFO: STARTED: SessionTest: Admin not login [] []
[2019-12-04T13:20:09.759882+00:00] C:\wamp64\www\E-Commerce-Website-With-PHP-OOP-master\tests\unit\SessionTest.php.INFO: PASSED [] []
[2019-12-04T13:20:09.760071+00:00] C:\wamp64\www\E-Commerce-Website-With-PHP-OOP-master\tests\unit\SessionTest.php.INFO: ------------------------------------ [] []
[2019-12-04T13:20:09.760141+00:00] C:\wamp64\www\E-Commerce-Website-With-PHP-OOP-master\tests\unit\SessionTest.php.INFO: STARTED: SessionTest: Destroy [] []
[2019-12-04T13:20:09.763202+00:00] C:\wamp64\www\E-Commerce-Website-With-PHP-OOP-master\tests\unit\SessionTest.php.INFO: PASSED [] []
[2019-12-04T13:20:09.763405+00:00] C:\wamp64\www\E-Commerce-Website-With-PHP-OOP-master\tests\unit\productTest.php.INFO: ------------------------------------ [] []
[2019-12-04T13:20:09.763494+00:00] C:\wamp64\www\E-Commerce-Website-With-PHP-OOP-master\tests\unit\productTest.php.INFO: STARTED: ProductTest: Some feature [] []
[2019-12-04T13:20:09.765473+00:00] C:\wamp64\www\E-Commerce-Website-With-PHP-OOP-master\tests\unit\productTest.php.INFO: PASSED [] []
[2019-12-04T13:26:05.846152+00:00] C:\wamp64\www\E-Commerce-Website-With-PHP-OOP-master\tests\unit\AdminloginTest.php.INFO: ------------------------------------ [] []
[2019-12-04T13:26:05.863583+00:00] C:\wamp64\www\E-Commerce-Website-With-PHP-OOP-master\tests\unit\AdminloginTest.php.INFO: STARTED: AdminloginTest: Admin false data [] []
[2019-12-04T13:26:05.897196+00:00] C:\wamp64\www\E-Commerce-Website-With-PHP-OOP-master\tests\unit\AdminloginTest.php.INFO: PASSED [] []
[2019-12-04T13:26:05.897364+00:00] C:\wamp64\www\E-Commerce-Website-With-PHP-OOP-master\tests\unit\AdminloginTest.php.INFO: ------------------------------------ [] []
[2019-12-04T13:26:05.897428+00:00] C:\wamp64\www\E-Commerce-Website-With-PHP-OOP-master\tests\unit\AdminloginTest.php.INFO: STARTED: AdminloginTest: Admin true data [] []
[2019-12-04T13:26:05.949659+00:00] C:\wamp64\www\E-Commerce-Website-With-PHP-OOP-master\tests\unit\AdminloginTest.php.INFO: PASSED [] []
[2019-12-04T13:26:05.950034+00:00] C:\wamp64\www\E-Commerce-Website-With-PHP-OOP-master\tests\unit\BrandTest.php.INFO: ------------------------------------ [] []
[2019-12-04T13:26:05.950159+00:00] C:\wamp64\www\E-Commerce-Website-With-PHP-OOP-master\tests\unit\BrandTest.php.INFO: STARTED: BrandTest: Insert empty [] []
[2019-12-04T13:26:05.954491+00:00] C:\wamp64\www\E-Commerce-Website-With-PHP-OOP-master\tests\unit\BrandTest.php.INFO: PASSED [] []
[2019-12-04T13:26:05.954717+00:00] C:\wamp64\www\E-Commerce-Website-With-PHP-OOP-master\tests\unit\BrandTest.php.INFO: ------------------------------------ [] []
[2019-12-04T13:26:05.954828+00:00] C:\wamp64\www\E-Commerce-Website-With-PHP-OOP-master\tests\unit\BrandTest.php.INFO: STARTED: BrandTest: Get all brands [] []
[2019-12-04T13:26:05.997599+00:00] C:\wamp64\www\E-Commerce-Website-With-PHP-OOP-master\tests\unit\BrandTest.php.INFO: PASSED [] []
[2019-12-04T13:26:05.997838+00:00] C:\wamp64\www\E-Commerce-Website-With-PHP-OOP-master\tests\unit\BrandTest.php.INFO: ------------------------------------ [] []
[2019-12-04T13:26:05.997918+00:00] C:\wamp64\www\E-Commerce-Website-With-PHP-OOP-master\tests\unit\BrandTest.php.INFO: STARTED: BrandTest: Get brand by id [] []
[2019-12-04T13:26:06.002803+00:00] C:\wamp64\www\E-Commerce-Website-With-PHP-OOP-master\tests\unit\BrandTest.php.INFO: PASSED [] []
[2019-12-04T13:26:06.003047+00:00] C:\wamp64\www\E-Commerce-Website-With-PHP-OOP-master\tests\unit\BrandTest.php.INFO: ------------------------------------ [] []
[2019-12-04T13:26:06.003142+00:00] C:\wamp64\www\E-Commerce-Website-With-PHP-OOP-master\tests\unit\BrandTest.php.INFO: STARTED: BrandTest: Insert a brand [] []
[2019-12-04T13:26:06.051921+00:00] C:\wamp64\www\E-Commerce-Website-With-PHP-OOP-master\tests\unit\BrandTest.php.INFO: PASSED [] []
[2019-12-04T13:26:06.052082+00:00] C:\wamp64\www\E-Commerce-Website-With-PHP-OOP-master\tests\unit\BrandTest.php.INFO: ------------------------------------ [] []
[2019-12-04T13:26:06.052152+00:00] C:\wamp64\www\E-Commerce-Website-With-PHP-OOP-master\tests\unit\BrandTest.php.INFO: STARTED: BrandTest: Update a brand [] []
[2019-12-04T13:26:06.092335+00:00] C:\wamp64\www\E-Commerce-Website-With-PHP-OOP-master\tests\unit\BrandTest.php.INFO: # Skipped # [] []
[2019-12-04T13:26:06.092536+00:00] C:\wamp64\www\E-Commerce-Website-With-PHP-OOP-master\tests\unit\BrandTest.php.INFO: PASSED [] []
[2019-12-04T13:26:06.092693+00:00] C:\wamp64\www\E-Commerce-Website-With-PHP-OOP-master\tests\unit\BrandTest.php.INFO: ------------------------------------ [] []
[2019-12-04T13:26:06.092843+00:00] C:\wamp64\www\E-Commerce-Website-With-PHP-OOP-master\tests\unit\BrandTest.php.INFO: STARTED: BrandTest: Testdel brand by id [] []
[2019-12-04T13:26:06.146679+00:00] C:\wamp64\www\E-Commerce-Website-With-PHP-OOP-master\tests\unit\BrandTest.php.INFO: # Skipped # [] []
[2019-12-04T13:26:06.146955+00:00] C:\wamp64\www\E-Commerce-Website-With-PHP-OOP-master\tests\unit\BrandTest.php.INFO: PASSED [] []
[2019-12-04T13:26:06.147162+00:00] C:\wamp64\www\E-Commerce-Website-With-PHP-OOP-master\tests\unit\CartTest.php.INFO: ------------------------------------ [] []
[2019-12-04T13:26:06.147262+00:00] C:\wamp64\www\E-Commerce-Website-With-PHP-OOP-master\tests\unit\CartTest.php.INFO: STARTED: CartTest: Add to cart [] []
[2019-12-04T13:26:06.196149+00:00] C:\wamp64\www\E-Commerce-Website-With-PHP-OOP-master\tests\unit\CartTest.php.INFO: PASSED [] []
[2019-12-04T13:26:06.196451+00:00] C:\wamp64\www\E-Commerce-Website-With-PHP-OOP-master\tests\unit\CartTest.php.INFO: ------------------------------------ [] []
[2019-12-04T13:26:06.196557+00:00] C:\wamp64\www\E-Commerce-Website-With-PHP-OOP-master\tests\unit\CartTest.php.INFO: STARTED: CartTest: Get cart [] []
[2019-12-04T13:26:06.201781+00:00] C:\wamp64\www\E-Commerce-Website-With-PHP-OOP-master\tests\unit\CartTest.php.INFO: PASSED [] []
[2019-12-04T13:26:06.202005+00:00] C:\wamp64\www\E-Commerce-Website-With-PHP-OOP-master\tests\unit\CartTest.php.INFO: ------------------------------------ [] []
[2019-12-04T13:26:06.202090+00:00] C:\wamp64\www\E-Commerce-Website-With-PHP-OOP-master\tests\unit\CartTest.php.INFO: STARTED: CartTest: Update cart qunatity [] []
[2019-12-04T13:26:06.271490+00:00] C:\wamp64\www\E-Commerce-Website-With-PHP-OOP-master\tests\unit\CartTest.php.INFO: PASSED [] []
[2019-12-04T13:26:06.271708+00:00] C:\wamp64\www\E-Commerce-Website-With-PHP-OOP-master\tests\unit\CartTest.php.INFO: ------------------------------------ [] []
[2019-12-04T13:26:06.271832+00:00] C:\wamp64\www\E-Commerce-Website-With-PHP-OOP-master\tests\unit\CartTest.php.INFO: STARTED: CartTest: Delet a cart [] []
[2019-12-04T13:26:06.354075+00:00] C:\wamp64\www\E-Commerce-Website-With-PHP-OOP-master\tests\unit\CartTest.php.INFO: PASSED [] []
[2019-12-04T13:26:06.354293+00:00] C:\wamp64\www\E-Commerce-Website-With-PHP-OOP-master\tests\unit\CategoryTest.php.INFO: ------------------------------------ [] []
[2019-12-04T13:26:06.354386+00:00] C:\wamp64\www\E-Commerce-Website-With-PHP-OOP-master\tests\unit\CategoryTest.php.INFO: STARTED: CategoryTest: Some feature [] []
[2019-12-04T13:26:06.362386+00:00] C:\wamp64\www\E-Commerce-Website-With-PHP-OOP-master\tests\unit\CategoryTest.php.INFO: PASSED [] []
[2019-12-04T13:26:06.362685+00:00] C:\wamp64\www\E-Commerce-Website-With-PHP-OOP-master\tests\unit\CustomerTest.php.INFO: ------------------------------------ [] []
[2019-12-04T13:26:06.362826+00:00] C:\wamp64\www\E-Commerce-Website-With-PHP-OOP-master\tests\unit\CustomerTest.php.INFO: STARTED: CustomerTest: Some feature [] []
[2019-12-04T13:26:06.365164+00:00] C:\wamp64\www\E-Commerce-Website-With-PHP-OOP-master\tests\unit\CustomerTest.php.INFO: PASSED [] []
[2019-12-04T13:26:06.365457+00:00] C:\wamp64\www\E-Commerce-Website-With-PHP-OOP-master\tests\unit\DatabaseTest.php.INFO: ------------------------------------ [] []
[2019-12-04T13:26:06.365530+00:00] C:\wamp64\www\E-Commerce-Website-With-PHP-OOP-master\tests\unit\DatabaseTest.php.INFO: STARTED: DatabaseTest: Connection [] []
[2019-12-04T13:26:06.370643+00:00] C:\wamp64\www\E-Commerce-Website-With-PHP-OOP-master\tests\unit\DatabaseTest.php.INFO: PASSED [] []
[2019-12-04T13:26:06.370849+00:00] C:\wamp64\www\E-Commerce-Website-With-PHP-OOP-master\tests\unit\DatabaseTest.php.INFO: ------------------------------------ [] []
[2019-12-04T13:26:06.370944+00:00] C:\wamp64\www\E-Commerce-Website-With-PHP-OOP-master\tests\unit\DatabaseTest.php.INFO: STARTED: DatabaseTest: Select [] []
[2019-12-04T13:26:06.403874+00:00] C:\wamp64\www\E-Commerce-Website-With-PHP-OOP-master\tests\unit\DatabaseTest.php.INFO: PASSED [] []
[2019-12-04T13:26:06.404296+00:00] C:\wamp64\www\E-Commerce-Website-With-PHP-OOP-master\tests\unit\DatabaseTest.php.INFO: ------------------------------------ [] []
[2019-12-04T13:26:06.404419+00:00] C:\wamp64\www\E-Commerce-Website-With-PHP-OOP-master\tests\unit\DatabaseTest.php.INFO: STARTED: DatabaseTest: Insert [] []
[2019-12-04T13:26:06.451038+00:00] C:\wamp64\www\E-Commerce-Website-With-PHP-OOP-master\tests\unit\DatabaseTest.php.INFO: PASSED [] []
[2019-12-04T13:26:06.451315+00:00] C:\wamp64\www\E-Commerce-Website-With-PHP-OOP-master\tests\unit\DatabaseTest.php.INFO: ------------------------------------ [] []
[2019-12-04T13:26:06.451423+00:00] C:\wamp64\www\E-Commerce-Website-With-PHP-OOP-master\tests\unit\DatabaseTest.php.INFO: STARTED: DatabaseTest: Update [] []
[2019-12-04T13:26:06.501632+00:00] C:\wamp64\www\E-Commerce-Website-With-PHP-OOP-master\tests\unit\DatabaseTest.php.INFO: PASSED [] []
[2019-12-04T13:26:06.501933+00:00] C:\wamp64\www\E-Commerce-Website-With-PHP-OOP-master\tests\unit\DatabaseTest.php.INFO: ------------------------------------ [] []
[2019-12-04T13:26:06.502032+00:00] C:\wamp64\www\E-Commerce-Website-With-PHP-OOP-master\tests\unit\DatabaseTest.php.INFO: STARTED: DatabaseTest: Delete [] []
[2019-12-04T13:26:06.551527+00:00] C:\wamp64\www\E-Commerce-Website-With-PHP-OOP-master\tests\unit\DatabaseTest.php.INFO: PASSED [] []
[2019-12-04T13:26:06.551823+00:00] C:\wamp64\www\E-Commerce-Website-With-PHP-OOP-master\tests\unit\SessionTest.php.INFO: ------------------------------------ [] []
[2019-12-04T13:26:06.551921+00:00] C:\wamp64\www\E-Commerce-Website-With-PHP-OOP-master\tests\unit\SessionTest.php.INFO: STARTED: SessionTest: Session exists [] []
[2019-12-04T13:26:06.554892+00:00] C:\wamp64\www\E-Commerce-Website-With-PHP-OOP-master\tests\unit\SessionTest.php.ALERT: Failed asserting that false is true. [] []
[2019-12-04T13:26:06.555100+00:00] C:\wamp64\www\E-Commerce-Website-With-PHP-OOP-master\tests\unit\SessionTest.php.INFO: # FAILED # [] []
[2019-12-04T13:26:06.555329+00:00] C:\wamp64\www\E-Commerce-Website-With-PHP-OOP-master\tests\unit\SessionTest.php.INFO: PASSED [] []
[2019-12-04T13:26:06.555602+00:00] C:\wamp64\www\E-Commerce-Website-With-PHP-OOP-master\tests\unit\SessionTest.php.INFO: ------------------------------------ [] []
[2019-12-04T13:26:06.555727+00:00] C:\wamp64\www\E-Commerce-Website-With-PHP-OOP-master\tests\unit\SessionTest.php.INFO: STARTED: SessionTest: Session values [] []
[2019-12-04T13:26:06.603674+00:00] C:\wamp64\www\E-Commerce-Website-With-PHP-OOP-master\tests\unit\SessionTest.php.INFO: PASSED [] []
[2019-12-04T13:26:06.603911+00:00] C:\wamp64\www\E-Commerce-Website-With-PHP-OOP-master\tests\unit\SessionTest.php.INFO: ------------------------------------ [] []
[2019-12-04T13:26:06.603989+00:00] C:\wamp64\www\E-Commerce-Website-With-PHP-OOP-master\tests\unit\SessionTest.php.INFO: STARTED: SessionTest: Admin login [] []
[2019-12-04T13:26:06.614419+00:00] C:\wamp64\www\E-Commerce-Website-With-PHP-OOP-master\tests\unit\SessionTest.php.INFO: PASSED [] []
[2019-12-04T13:26:06.614676+00:00] C:\wamp64\www\E-Commerce-Website-With-PHP-OOP-master\tests\unit\SessionTest.php.INFO: ------------------------------------ [] []
[2019-12-04T13:26:06.614747+00:00] C:\wamp64\www\E-Commerce-Website-With-PHP-OOP-master\tests\unit\SessionTest.php.INFO: STARTED: SessionTest: Admin not login [] []
[2019-12-04T13:26:06.617853+00:00] C:\wamp64\www\E-Commerce-Website-With-PHP-OOP-master\tests\unit\SessionTest.php.INFO: PASSED [] []
[2019-12-04T13:26:06.618026+00:00] C:\wamp64\www\E-Commerce-Website-With-PHP-OOP-master\tests\unit\SessionTest.php.INFO: ------------------------------------ [] []
[2019-12-04T13:26:06.618105+00:00] C:\wamp64\www\E-Commerce-Website-With-PHP-OOP-master\tests\unit\SessionTest.php.INFO: STARTED: SessionTest: Destroy [] []
[2019-12-04T13:26:06.621138+00:00] C:\wamp64\www\E-Commerce-Website-With-PHP-OOP-master\tests\unit\SessionTest.php.INFO: PASSED [] []
[2019-12-04T13:26:06.621335+00:00] C:\wamp64\www\E-Commerce-Website-With-PHP-OOP-master\tests\unit\productTest.php.INFO: ------------------------------------ [] []
[2019-12-04T13:26:06.621421+00:00] C:\wamp64\www\E-Commerce-Website-With-PHP-OOP-master\tests\unit\productTest.php.INFO: STARTED: ProductTest: Some feature [] []
[2019-12-04T13:26:06.651425+00:00] C:\wamp64\www\E-Commerce-Website-With-PHP-OOP-master\tests\unit\productTest.php.INFO: PASSED [] []
[2019-12-04T13:32:10.581312+00:00] C:\wamp64\www\E-Commerce-Website-With-PHP-OOP-master\tests\unit\CategoryTest.php.INFO: ------------------------------------ [] []
[2019-12-04T13:32:10.582821+00:00] C:\wamp64\www\E-Commerce-Website-With-PHP-OOP-master\tests\unit\CategoryTest.php.INFO: STARTED: CategoryTest: Get all categories [] []
[2019-12-04T13:32:10.614715+00:00] C:\wamp64\www\E-Commerce-Website-With-PHP-OOP-master\tests\unit\CategoryTest.php.INFO: PASSED [] []
[2019-12-04T13:32:20.053122+00:00] C:\wamp64\www\E-Commerce-Website-With-PHP-OOP-master\tests\unit\CategoryTest.php.INFO: ------------------------------------ [] []
[2019-12-04T13:32:20.054461+00:00] C:\wamp64\www\E-Commerce-Website-With-PHP-OOP-master\tests\unit\CategoryTest.php.INFO: STARTED: CategoryTest: Get all categories [] []
[2019-12-04T13:32:20.091438+00:00] C:\wamp64\www\E-Commerce-Website-With-PHP-OOP-master\tests\unit\CategoryTest.php.ALERT: Failed asserting that actual size 12 matches expected size 1. [] []
[2019-12-04T13:32:20.091599+00:00] C:\wamp64\www\E-Commerce-Website-With-PHP-OOP-master\tests\unit\CategoryTest.php.INFO: # FAILED # [] []
[2019-12-04T13:32:20.091753+00:00] C:\wamp64\www\E-Commerce-Website-With-PHP-OOP-master\tests\unit\CategoryTest.php.INFO: PASSED [] []
[2019-12-04T13:32:27.396491+00:00] C:\wamp64\www\E-Commerce-Website-With-PHP-OOP-master\tests\unit\CategoryTest.php.INFO: ------------------------------------ [] []
[2019-12-04T13:32:27.398403+00:00] C:\wamp64\www\E-Commerce-Website-With-PHP-OOP-master\tests\unit\CategoryTest.php.INFO: STARTED: CategoryTest: Get all categories [] []
[2019-12-04T13:32:27.446339+00:00] C:\wamp64\www\E-Commerce-Website-With-PHP-OOP-master\tests\unit\CategoryTest.php.INFO: PASSED [] []
[2019-12-04T13:35:11.779176+00:00] C:\wamp64\www\E-Commerce-Website-With-PHP-OOP-master\tests\unit\CategoryTest.php.INFO: ------------------------------------ [] []
[2019-12-04T13:35:11.780508+00:00] C:\wamp64\www\E-Commerce-Website-With-PHP-OOP-master\tests\unit\CategoryTest.php.INFO: STARTED: CategoryTest: Get all categories [] []
[2019-12-04T13:35:11.808959+00:00] C:\wamp64\www\E-Commerce-Website-With-PHP-OOP-master\tests\unit\CategoryTest.php.INFO: PASSED [] []
[2019-12-04T13:35:11.809162+00:00] C:\wamp64\www\E-Commerce-Website-With-PHP-OOP-master\tests\unit\CategoryTest.php.INFO: ------------------------------------ [] []
[2019-12-04T13:35:11.809231+00:00] C:\wamp64\www\E-Commerce-Website-With-PHP-OOP-master\tests\unit\CategoryTest.php.INFO: STARTED: CategoryTest: Get cat by id [] []
[2019-12-04T13:35:11.846124+00:00] C:\wamp64\www\E-Commerce-Website-With-PHP-OOP-master\tests\unit\CategoryTest.php.ALERT: Too few arguments to function Category::getCatById(), 0 passed in C:\wamp64\www\E-Commerce-Website-With-PHP-OOP-master\tests\unit\CategoryTest.php on line 32 and exactly 1 expected [] []
[2019-12-04T13:35:11.846296+00:00] C:\wamp64\www\E-Commerce-Website-With-PHP-OOP-master\tests\unit\CategoryTest.php.INFO: # ERROR # [] []
[2019-12-04T13:35:11.846438+00:00] C:\wamp64\www\E-Commerce-Website-With-PHP-OOP-master\tests\unit\CategoryTest.php.INFO: PASSED [] []
[2019-12-04T13:35:25.551444+00:00] C:\wamp64\www\E-Commerce-Website-With-PHP-OOP-master\tests\unit\CategoryTest.php.INFO: ------------------------------------ [] []
[2019-12-04T13:35:25.552821+00:00] C:\wamp64\www\E-Commerce-Website-With-PHP-OOP-master\tests\unit\CategoryTest.php.INFO: STARTED: CategoryTest: Get all categories [] []
[2019-12-04T13:35:25.586158+00:00] C:\wamp64\www\E-Commerce-Website-With-PHP-OOP-master\tests\unit\CategoryTest.php.INFO: PASSED [] []
[2019-12-04T13:35:25.586333+00:00] C:\wamp64\www\E-Commerce-Website-With-PHP-OOP-master\tests\unit\CategoryTest.php.INFO: ------------------------------------ [] []
[2019-12-04T13:35:25.586472+00:00] C:\wamp64\www\E-Commerce-Website-With-PHP-OOP-master\tests\unit\CategoryTest.php.INFO: STARTED: CategoryTest: Get cat by id [] []
[2019-12-04T13:35:25.599925+00:00] C:\wamp64\www\E-Commerce-Website-With-PHP-OOP-master\tests\unit\CategoryTest.php.INFO: PASSED [] []
[2019-12-04T13:35:46.905372+00:00] C:\wamp64\www\E-Commerce-Website-With-PHP-OOP-master\tests\unit\CategoryTest.php.INFO: ------------------------------------ [] []
[2019-12-04T13:35:46.906650+00:00] C:\wamp64\www\E-Commerce-Website-With-PHP-OOP-master\tests\unit\CategoryTest.php.INFO: STARTED: CategoryTest: Get all categories [] []
[2019-12-04T13:35:46.937513+00:00] C:\wamp64\www\E-Commerce-Website-With-PHP-OOP-master\tests\unit\CategoryTest.php.INFO: PASSED [] []
[2019-12-04T13:35:46.937686+00:00] C:\wamp64\www\E-Commerce-Website-With-PHP-OOP-master\tests\unit\CategoryTest.php.INFO: ------------------------------------ [] []
[2019-12-04T13:35:46.937754+00:00] C:\wamp64\www\E-Commerce-Website-With-PHP-OOP-master\tests\unit\CategoryTest.php.INFO: STARTED: CategoryTest: Get cat by id [] []
[2019-12-04T13:35:46.950421+00:00] C:\wamp64\www\E-Commerce-Website-With-PHP-OOP-master\tests\unit\CategoryTest.php.INFO: PASSED [] []
[2019-12-04T13:36:42.099914+00:00] C:\wamp64\www\E-Commerce-Website-With-PHP-OOP-master\tests\unit\CategoryTest.php.INFO: ------------------------------------ [] []
[2019-12-04T13:36:42.101555+00:00] C:\wamp64\www\E-Commerce-Website-With-PHP-OOP-master\tests\unit\CategoryTest.php.INFO: STARTED: CategoryTest: Get all categories [] []
[2019-12-04T13:36:42.156273+00:00] C:\wamp64\www\E-Commerce-Website-With-PHP-OOP-master\tests\unit\CategoryTest.php.INFO: PASSED [] []
[2019-12-04T13:36:42.156481+00:00] C:\wamp64\www\E-Commerce-Website-With-PHP-OOP-master\tests\unit\CategoryTest.php.INFO: ------------------------------------ [] []
[2019-12-04T13:36:42.156548+00:00] C:\wamp64\www\E-Commerce-Website-With-PHP-OOP-master\tests\unit\CategoryTest.php.INFO: STARTED: CategoryTest: Get cat by id [] []
[2019-12-04T13:36:42.167418+00:00] C:\wamp64\www\E-Commerce-Website-With-PHP-OOP-master\tests\unit\CategoryTest.php.INFO: PASSED [] []
[2019-12-04T13:36:49.737549+00:00] C:\wamp64\www\E-Commerce-Website-With-PHP-OOP-master\tests\unit\CategoryTest.php.INFO: ------------------------------------ [] []
[2019-12-04T13:36:49.738956+00:00] C:\wamp64\www\E-Commerce-Website-With-PHP-OOP-master\tests\unit\CategoryTest.php.INFO: STARTED: CategoryTest: Get all categories [] []
[2019-12-04T13:36:49.795135+00:00] C:\wamp64\www\E-Commerce-Website-With-PHP-OOP-master\tests\unit\CategoryTest.php.INFO: PASSED [] []
[2019-12-04T13:36:49.795325+00:00] C:\wamp64\www\E-Commerce-Website-With-PHP-OOP-master\tests\unit\CategoryTest.php.INFO: ------------------------------------ [] []
[2019-12-04T13:36:49.795383+00:00] C:\wamp64\www\E-Commerce-Website-With-PHP-OOP-master\tests\unit\CategoryTest.php.INFO: STARTED: CategoryTest: Get cat by id [] []
[2019-12-04T13:36:49.799244+00:00] C:\wamp64\www\E-Commerce-Website-With-PHP-OOP-master\tests\unit\CategoryTest.php.INFO: PASSED [] []
[2019-12-04T13:36:49.799482+00:00] C:\wamp64\www\E-Commerce-Website-With-PHP-OOP-master\tests\unit\CategoryTest.php.INFO: ------------------------------------ [] []
[2019-12-04T13:36:49.799580+00:00] C:\wamp64\www\E-Commerce-Website-With-PHP-OOP-master\tests\unit\CategoryTest.php.INFO: STARTED: CategoryTest: Cat insert [] []
[2019-12-04T13:36:49.803306+00:00] C:\wamp64\www\E-Commerce-Website-With-PHP-OOP-master\tests\unit\CategoryTest.php.INFO: PASSED [] []
[2019-12-04T13:51:34.614350+00:00] C:\wamp64\www\E-Commerce-Website-With-PHP-OOP-master\tests\unit\CategoryTest.php.INFO: ------------------------------------ [] []
[2019-12-04T13:51:34.615800+00:00] C:\wamp64\www\E-Commerce-Website-With-PHP-OOP-master\tests\unit\CategoryTest.php.INFO: STARTED: CategoryTest: Get all categories [] []
[2019-12-04T13:51:34.646284+00:00] C:\wamp64\www\E-Commerce-Website-With-PHP-OOP-master\tests\unit\CategoryTest.php.INFO: PASSED [] []
[2019-12-04T13:51:34.646512+00:00] C:\wamp64\www\E-Commerce-Website-With-PHP-OOP-master\tests\unit\CategoryTest.php.INFO: ------------------------------------ [] []
[2019-12-04T13:51:34.646581+00:00] C:\wamp64\www\E-Commerce-Website-With-PHP-OOP-master\tests\unit\CategoryTest.php.INFO: STARTED: CategoryTest: Get cat by id [] []
[2019-12-04T13:51:34.660319+00:00] C:\wamp64\www\E-Commerce-Website-With-PHP-OOP-master\tests\unit\CategoryTest.php.INFO: PASSED [] []
[2019-12-04T13:51:34.660524+00:00] C:\wamp64\www\E-Commerce-Website-With-PHP-OOP-master\tests\unit\CategoryTest.php.INFO: ------------------------------------ [] []
[2019-12-04T13:51:34.660590+00:00] C:\wamp64\www\E-Commerce-Website-With-PHP-OOP-master\tests\unit\CategoryTest.php.INFO: STARTED: CategoryTest: Cat insert [] []
[2019-12-04T13:51:34.665244+00:00] C:\wamp64\www\E-Commerce-Website-With-PHP-OOP-master\tests\unit\CategoryTest.php.INFO: PASSED [] []
[2019-12-04T13:52:43.730322+00:00] C:\wamp64\www\E-Commerce-Website-With-PHP-OOP-master\tests\unit\CategoryTest.php.INFO: ------------------------------------ [] []
[2019-12-04T13:52:43.731696+00:00] C:\wamp64\www\E-Commerce-Website-With-PHP-OOP-master\tests\unit\CategoryTest.php.INFO: STARTED: CategoryTest: Get all categories [] []
[2019-12-04T13:52:43.761074+00:00] C:\wamp64\www\E-Commerce-Website-With-PHP-OOP-master\tests\unit\CategoryTest.php.INFO: PASSED [] []
[2019-12-04T13:52:43.761302+00:00] C:\wamp64\www\E-Commerce-Website-With-PHP-OOP-master\tests\unit\CategoryTest.php.INFO: ------------------------------------ [] []
[2019-12-04T13:52:43.761398+00:00] C:\wamp64\www\E-Commerce-Website-With-PHP-OOP-master\tests\unit\CategoryTest.php.INFO: STARTED: CategoryTest: Get cat by id [] []
[2019-12-04T13:52:43.766550+00:00] C:\wamp64\www\E-Commerce-Website-With-PHP-OOP-master\tests\unit\CategoryTest.php.INFO: PASSED [] []
[2019-12-04T13:52:43.766708+00:00] C:\wamp64\www\E-Commerce-Website-With-PHP-OOP-master\tests\unit\CategoryTest.php.INFO: ------------------------------------ [] []
[2019-12-04T13:52:43.766797+00:00] C:\wamp64\www\E-Commerce-Website-With-PHP-OOP-master\tests\unit\CategoryTest.php.INFO: STARTED: CategoryTest: Cat insert [] []
[2019-12-04T13:52:43.858501+00:00] C:\wamp64\www\E-Commerce-Website-With-PHP-OOP-master\tests\unit\CategoryTest.php.ALERT: Failed asserting that '<span class='success'>Category Inserted Successfully</span>' contains "Category field must not be empty!". [] []
[2019-12-04T13:52:43.858583+00:00] C:\wamp64\www\E-Commerce-Website-With-PHP-OOP-master\tests\unit\CategoryTest.php.INFO: # FAILED # [] []
[2019-12-04T13:52:43.858652+00:00] C:\wamp64\www\E-Commerce-Website-With-PHP-OOP-master\tests\unit\CategoryTest.php.INFO: PASSED [] []
[2019-12-04T13:54:05.462837+00:00] C:\wamp64\www\E-Commerce-Website-With-PHP-OOP-master\tests\unit\CategoryTest.php.INFO: ------------------------------------ [] []
[2019-12-04T13:54:05.464302+00:00] C:\wamp64\www\E-Commerce-Website-With-PHP-OOP-master\tests\unit\CategoryTest.php.INFO: STARTED: CategoryTest: Get all categories [] []
[2019-12-04T13:54:05.522906+00:00] C:\wamp64\www\E-Commerce-Website-With-PHP-OOP-master\tests\unit\CategoryTest.php.ALERT: Failed asserting that actual size 13 matches expected size 12. [] []
[2019-12-04T13:54:05.523067+00:00] C:\wamp64\www\E-Commerce-Website-With-PHP-OOP-master\tests\unit\CategoryTest.php.INFO: # FAILED # [] []
[2019-12-04T13:54:05.523247+00:00] C:\wamp64\www\E-Commerce-Website-With-PHP-OOP-master\tests\unit\CategoryTest.php.INFO: PASSED [] []
[2019-12-04T13:54:05.523423+00:00] C:\wamp64\www\E-Commerce-Website-With-PHP-OOP-master\tests\unit\CategoryTest.php.INFO: ------------------------------------ [] []
[2019-12-04T13:54:05.523528+00:00] C:\wamp64\www\E-Commerce-Website-With-PHP-OOP-master\tests\unit\CategoryTest.php.INFO: STARTED: CategoryTest: Get cat by id [] []
[2019-12-04T13:54:05.528134+00:00] C:\wamp64\www\E-Commerce-Website-With-PHP-OOP-master\tests\unit\CategoryTest.php.INFO: PASSED [] []
[2019-12-04T13:54:05.528295+00:00] C:\wamp64\www\E-Commerce-Website-With-PHP-OOP-master\tests\unit\CategoryTest.php.INFO: ------------------------------------ [] []
[2019-12-04T13:54:05.528428+00:00] C:\wamp64\www\E-Commerce-Website-With-PHP-OOP-master\tests\unit\CategoryTest.php.INFO: STARTED: CategoryTest: Cat insert [] []
[2019-12-04T13:54:05.534154+00:00] C:\wamp64\www\E-Commerce-Website-With-PHP-OOP-master\tests\unit\CategoryTest.php.INFO: # Skipped # [] []
[2019-12-04T13:54:05.534294+00:00] C:\wamp64\www\E-Commerce-Website-With-PHP-OOP-master\tests\unit\CategoryTest.php.INFO: PASSED [] []
[2019-12-04T13:54:25.083584+00:00] C:\wamp64\www\E-Commerce-Website-With-PHP-OOP-master\tests\unit\CategoryTest.php.INFO: ------------------------------------ [] []
[2019-12-04T13:54:25.084914+00:00] C:\wamp64\www\E-Commerce-Website-With-PHP-OOP-master\tests\unit\CategoryTest.php.INFO: STARTED: CategoryTest: Get all categories [] []
[2019-12-04T13:54:25.115354+00:00] C:\wamp64\www\E-Commerce-Website-With-PHP-OOP-master\tests\unit\CategoryTest.php.INFO: PASSED [] []
[2019-12-04T13:54:25.115540+00:00] C:\wamp64\www\E-Commerce-Website-With-PHP-OOP-master\tests\unit\CategoryTest.php.INFO: ------------------------------------ [] []
[2019-12-04T13:54:25.115602+00:00] C:\wamp64\www\E-Commerce-Website-With-PHP-OOP-master\tests\unit\CategoryTest.php.INFO: STARTED: CategoryTest: Get cat by id [] []
[2019-12-04T13:54:25.127596+00:00] C:\wamp64\www\E-Commerce-Website-With-PHP-OOP-master\tests\unit\CategoryTest.php.INFO: PASSED [] []
[2019-12-04T13:54:25.127834+00:00] C:\wamp64\www\E-Commerce-Website-With-PHP-OOP-master\tests\unit\CategoryTest.php.INFO: ------------------------------------ [] []
[2019-12-04T13:54:25.127921+00:00] C:\wamp64\www\E-Commerce-Website-With-PHP-OOP-master\tests\unit\CategoryTest.php.INFO: STARTED: CategoryTest: Cat insert [] []
[2019-12-04T13:54:25.134939+00:00] C:\wamp64\www\E-Commerce-Website-With-PHP-OOP-master\tests\unit\CategoryTest.php.INFO: # Skipped # [] []
[2019-12-04T13:54:25.135220+00:00] C:\wamp64\www\E-Commerce-Website-With-PHP-OOP-master\tests\unit\CategoryTest.php.INFO: PASSED [] []
[2019-12-04T14:01:14.418350+00:00] C:\wamp64\www\E-Commerce-Website-With-PHP-OOP-master\tests\unit\CategoryTest.php.INFO: ------------------------------------ [] []
[2019-12-04T14:01:14.419829+00:00] C:\wamp64\www\E-Commerce-Website-With-PHP-OOP-master\tests\unit\CategoryTest.php.INFO: STARTED: CategoryTest: Get all categories [] []
[2019-12-04T14:01:14.447310+00:00] C:\wamp64\www\E-Commerce-Website-With-PHP-OOP-master\tests\unit\CategoryTest.php.INFO: PASSED [] []
[2019-12-04T14:01:14.447492+00:00] C:\wamp64\www\E-Commerce-Website-With-PHP-OOP-master\tests\unit\CategoryTest.php.INFO: ------------------------------------ [] []
[2019-12-04T14:01:14.447552+00:00] C:\wamp64\www\E-Commerce-Website-With-PHP-OOP-master\tests\unit\CategoryTest.php.INFO: STARTED: CategoryTest: Get cat by id [] []
[2019-12-04T14:01:14.451491+00:00] C:\wamp64\www\E-Commerce-Website-With-PHP-OOP-master\tests\unit\CategoryTest.php.INFO: PASSED [] []
[2019-12-04T14:01:14.451676+00:00] C:\wamp64\www\E-Commerce-Website-With-PHP-OOP-master\tests\unit\CategoryTest.php.INFO: ------------------------------------ [] []
[2019-12-04T14:01:14.451759+00:00] C:\wamp64\www\E-Commerce-Website-With-PHP-OOP-master\tests\unit\CategoryTest.php.INFO: STARTED: CategoryTest: Cat insert [] []
[2019-12-04T14:01:14.462614+00:00] C:\wamp64\www\E-Commerce-Website-With-PHP-OOP-master\tests\unit\CategoryTest.php.INFO: # Skipped # [] []
[2019-12-04T14:01:14.462758+00:00] C:\wamp64\www\E-Commerce-Website-With-PHP-OOP-master\tests\unit\CategoryTest.php.INFO: PASSED [] []
[2019-12-04T14:01:14.462888+00:00] C:\wamp64\www\E-Commerce-Website-With-PHP-OOP-master\tests\unit\CategoryTest.php.INFO: ------------------------------------ [] []
[2019-12-04T14:01:14.462960+00:00] C:\wamp64\www\E-Commerce-Website-With-PHP-OOP-master\tests\unit\CategoryTest.php.INFO: STARTED: CategoryTest: Cat update [] []
[2019-12-04T14:01:14.524238+00:00] C:\wamp64\www\E-Commerce-Website-With-PHP-OOP-master\tests\unit\CategoryTest.php.ALERT: Failed asserting that '<span class='success'>Category Updated Successfully</span>' contains "Category field must not be empty!". [] []
[2019-12-04T14:01:14.524494+00:00] C:\wamp64\www\E-Commerce-Website-With-PHP-OOP-master\tests\unit\CategoryTest.php.INFO: # FAILED # [] []
[2019-12-04T14:01:14.524633+00:00] C:\wamp64\www\E-Commerce-Website-With-PHP-OOP-master\tests\unit\CategoryTest.php.INFO: PASSED [] []
[2019-12-04T14:01:47.962930+00:00] C:\wamp64\www\E-Commerce-Website-With-PHP-OOP-master\tests\unit\CategoryTest.php.INFO: ------------------------------------ [] []
[2019-12-04T14:01:47.964319+00:00] C:\wamp64\www\E-Commerce-Website-With-PHP-OOP-master\tests\unit\CategoryTest.php.INFO: STARTED: CategoryTest: Get all categories [] []
[2019-12-04T14:01:47.992878+00:00] C:\wamp64\www\E-Commerce-Website-With-PHP-OOP-master\tests\unit\CategoryTest.php.INFO: PASSED [] []
[2019-12-04T14:01:47.993024+00:00] C:\wamp64\www\E-Commerce-Website-With-PHP-OOP-master\tests\unit\CategoryTest.php.INFO: ------------------------------------ [] []
[2019-12-04T14:01:47.993080+00:00] C:\wamp64\www\E-Commerce-Website-With-PHP-OOP-master\tests\unit\CategoryTest.php.INFO: STARTED: CategoryTest: Get cat by id [] []
[2019-12-04T14:01:47.996942+00:00] C:\wamp64\www\E-Commerce-Website-With-PHP-OOP-master\tests\unit\CategoryTest.php.INFO: PASSED [] []
[2019-12-04T14:01:47.997130+00:00] C:\wamp64\www\E-Commerce-Website-With-PHP-OOP-master\tests\unit\CategoryTest.php.INFO: ------------------------------------ [] []
[2019-12-04T14:01:47.997215+00:00] C:\wamp64\www\E-Commerce-Website-With-PHP-OOP-master\tests\unit\CategoryTest.php.INFO: STARTED: CategoryTest: Cat insert [] []
[2019-12-04T14:01:48.032180+00:00] C:\wamp64\www\E-Commerce-Website-With-PHP-OOP-master\tests\unit\CategoryTest.php.INFO: # Skipped # [] []
[2019-12-04T14:01:48.032410+00:00] C:\wamp64\www\E-Commerce-Website-With-PHP-OOP-master\tests\unit\CategoryTest.php.INFO: PASSED [] []
[2019-12-04T14:01:48.032558+00:00] C:\wamp64\www\E-Commerce-Website-With-PHP-OOP-master\tests\unit\CategoryTest.php.INFO: ------------------------------------ [] []
[2019-12-04T14:01:48.032640+00:00] C:\wamp64\www\E-Commerce-Website-With-PHP-OOP-master\tests\unit\CategoryTest.php.INFO: STARTED: CategoryTest: Cat update [] []
[2019-12-04T14:01:48.063465+00:00] C:\wamp64\www\E-Commerce-Website-With-PHP-OOP-master\tests\unit\CategoryTest.php.INFO: PASSED [] []
[2019-12-04T14:02:54.898311+00:00] C:\wamp64\www\E-Commerce-Website-With-PHP-OOP-master\tests\unit\CategoryTest.php.INFO: ------------------------------------ [] []
[2019-12-04T14:02:54.899772+00:00] C:\wamp64\www\E-Commerce-Website-With-PHP-OOP-master\tests\unit\CategoryTest.php.INFO: STARTED: CategoryTest: Get all categories [] []
[2019-12-04T14:02:54.927443+00:00] C:\wamp64\www\E-Commerce-Website-With-PHP-OOP-master\tests\unit\CategoryTest.php.INFO: PASSED [] []
[2019-12-04T14:02:54.927651+00:00] C:\wamp64\www\E-Commerce-Website-With-PHP-OOP-master\tests\unit\CategoryTest.php.INFO: ------------------------------------ [] []
[2019-12-04T14:02:54.927710+00:00] C:\wamp64\www\E-Commerce-Website-With-PHP-OOP-master\tests\unit\CategoryTest.php.INFO: STARTED: CategoryTest: Get cat by id [] []
[2019-12-04T14:02:54.933869+00:00] C:\wamp64\www\E-Commerce-Website-With-PHP-OOP-master\tests\unit\CategoryTest.php.INFO: PASSED [] []
[2019-12-04T14:02:54.934072+00:00] C:\wamp64\www\E-Commerce-Website-With-PHP-OOP-master\tests\unit\CategoryTest.php.INFO: ------------------------------------ [] []
[2019-12-04T14:02:54.934149+00:00] C:\wamp64\www\E-Commerce-Website-With-PHP-OOP-master\tests\unit\CategoryTest.php.INFO: STARTED: CategoryTest: Cat insert [] []
[2019-12-04T14:02:54.956652+00:00] C:\wamp64\www\E-Commerce-Website-With-PHP-OOP-master\tests\unit\CategoryTest.php.INFO: # Skipped # [] []
[2019-12-04T14:02:54.956832+00:00] C:\wamp64\www\E-Commerce-Website-With-PHP-OOP-master\tests\unit\CategoryTest.php.INFO: PASSED [] []
[2019-12-04T14:02:54.957009+00:00] C:\wamp64\www\E-Commerce-Website-With-PHP-OOP-master\tests\unit\CategoryTest.php.INFO: ------------------------------------ [] []
[2019-12-04T14:02:54.957126+00:00] C:\wamp64\www\E-Commerce-Website-With-PHP-OOP-master\tests\unit\CategoryTest.php.INFO: STARTED: CategoryTest: Cat update [] []
[2019-12-04T14:02:55.001356+00:00] C:\wamp64\www\E-Commerce-Website-With-PHP-OOP-master\tests\unit\CategoryTest.php.ALERT: Failed asserting that '<span class='success'>Category Updated Successfully</span>' contains "Category Not Updated.". [] []
[2019-12-04T14:02:55.001446+00:00] C:\wamp64\www\E-Commerce-Website-With-PHP-OOP-master\tests\unit\CategoryTest.php.INFO: # FAILED # [] []
[2019-12-04T14:02:55.001522+00:00] C:\wamp64\www\E-Commerce-Website-With-PHP-OOP-master\tests\unit\CategoryTest.php.INFO: PASSED [] []
[2019-12-04T14:03:41.228807+00:00] C:\wamp64\www\E-Commerce-Website-With-PHP-OOP-master\tests\unit\CategoryTest.php.INFO: ------------------------------------ [] []
[2019-12-04T14:03:41.230143+00:00] C:\wamp64\www\E-Commerce-Website-With-PHP-OOP-master\tests\unit\CategoryTest.php.INFO: STARTED: CategoryTest: Get all categories [] []
[2019-12-04T14:03:41.258623+00:00] C:\wamp64\www\E-Commerce-Website-With-PHP-OOP-master\tests\unit\CategoryTest.php.INFO: PASSED [] []
[2019-12-04T14:03:41.258874+00:00] C:\wamp64\www\E-Commerce-Website-With-PHP-OOP-master\tests\unit\CategoryTest.php.INFO: ------------------------------------ [] []
[2019-12-04T14:03:41.258984+00:00] C:\wamp64\www\E-Commerce-Website-With-PHP-OOP-master\tests\unit\CategoryTest.php.INFO: STARTED: CategoryTest: Get cat by id [] []
[2019-12-04T14:03:41.263321+00:00] C:\wamp64\www\E-Commerce-Website-With-PHP-OOP-master\tests\unit\CategoryTest.php.INFO: PASSED [] []
[2019-12-04T14:03:41.263570+00:00] C:\wamp64\www\E-Commerce-Website-With-PHP-OOP-master\tests\unit\CategoryTest.php.INFO: ------------------------------------ [] []
[2019-12-04T14:03:41.263665+00:00] C:\wamp64\www\E-Commerce-Website-With-PHP-OOP-master\tests\unit\CategoryTest.php.INFO: STARTED: CategoryTest: Cat insert [] []
[2019-12-04T14:03:41.294805+00:00] C:\wamp64\www\E-Commerce-Website-With-PHP-OOP-master\tests\unit\CategoryTest.php.INFO: # Skipped # [] []
[2019-12-04T14:03:41.295027+00:00] C:\wamp64\www\E-Commerce-Website-With-PHP-OOP-master\tests\unit\CategoryTest.php.INFO: PASSED [] []
[2019-12-04T14:03:41.295439+00:00] C:\wamp64\www\E-Commerce-Website-With-PHP-OOP-master\tests\unit\CategoryTest.php.INFO: ------------------------------------ [] []
[2019-12-04T14:03:41.295649+00:00] C:\wamp64\www\E-Commerce-Website-With-PHP-OOP-master\tests\unit\CategoryTest.php.INFO: STARTED: CategoryTest: Cat update [] []
[2019-12-04T14:03:41.328723+00:00] C:\wamp64\www\E-Commerce-Website-With-PHP-OOP-master\tests\unit\CategoryTest.php.INFO: # Skipped # [] []
[2019-12-04T14:03:41.328895+00:00] C:\wamp64\www\E-Commerce-Website-With-PHP-OOP-master\tests\unit\CategoryTest.php.INFO: PASSED [] []
[2019-12-04T14:05:56.901837+00:00] C:\wamp64\www\E-Commerce-Website-With-PHP-OOP-master\tests\unit\CategoryTest.php.INFO: ------------------------------------ [] []
[2019-12-04T14:05:56.903371+00:00] C:\wamp64\www\E-Commerce-Website-With-PHP-OOP-master\tests\unit\CategoryTest.php.INFO: STARTED: CategoryTest: Get all categories [] []
[2019-12-04T14:05:56.943066+00:00] C:\wamp64\www\E-Commerce-Website-With-PHP-OOP-master\tests\unit\CategoryTest.php.INFO: PASSED [] []
[2019-12-04T14:05:56.943319+00:00] C:\wamp64\www\E-Commerce-Website-With-PHP-OOP-master\tests\unit\CategoryTest.php.INFO: ------------------------------------ [] []
[2019-12-04T14:05:56.943438+00:00] C:\wamp64\www\E-Commerce-Website-With-PHP-OOP-master\tests\unit\CategoryTest.php.INFO: STARTED: CategoryTest: Get cat by id [] []
[2019-12-04T14:05:56.946985+00:00] C:\wamp64\www\E-Commerce-Website-With-PHP-OOP-master\tests\unit\CategoryTest.php.INFO: PASSED [] []
[2019-12-04T14:05:56.947198+00:00] C:\wamp64\www\E-Commerce-Website-With-PHP-OOP-master\tests\unit\CategoryTest.php.INFO: ------------------------------------ [] []
[2019-12-04T14:05:56.947293+00:00] C:\wamp64\www\E-Commerce-Website-With-PHP-OOP-master\tests\unit\CategoryTest.php.INFO: STARTED: CategoryTest: Cat insert [] []
[2019-12-04T14:05:56.977953+00:00] C:\wamp64\www\E-Commerce-Website-With-PHP-OOP-master\tests\unit\CategoryTest.php.INFO: # Skipped # [] []
[2019-12-04T14:05:56.978342+00:00] C:\wamp64\www\E-Commerce-Website-With-PHP-OOP-master\tests\unit\CategoryTest.php.INFO: PASSED [] []
[2019-12-04T14:05:56.978713+00:00] C:\wamp64\www\E-Commerce-Website-With-PHP-OOP-master\tests\unit\CategoryTest.php.INFO: ------------------------------------ [] []
[2019-12-04T14:05:56.978811+00:00] C:\wamp64\www\E-Commerce-Website-With-PHP-OOP-master\tests\unit\CategoryTest.php.INFO: STARTED: CategoryTest: Cat update [] []
[2019-12-04T14:05:57.053117+00:00] C:\wamp64\www\E-Commerce-Website-With-PHP-OOP-master\tests\unit\CategoryTest.php.INFO: # Skipped # [] []
[2019-12-04T14:05:57.053290+00:00] C:\wamp64\www\E-Commerce-Website-With-PHP-OOP-master\tests\unit\CategoryTest.php.INFO: PASSED [] []
[2019-12-04T14:05:57.053437+00:00] C:\wamp64\www\E-Commerce-Website-With-PHP-OOP-master\tests\unit\CategoryTest.php.INFO: ------------------------------------ [] []
[2019-12-04T14:05:57.053525+00:00] C:\wamp64\www\E-Commerce-Website-With-PHP-OOP-master\tests\unit\CategoryTest.php.INFO: STARTED: CategoryTest: Delete category by id [] []
[2019-12-04T14:05:57.089193+00:00] C:\wamp64\www\E-Commerce-Website-With-PHP-OOP-master\tests\unit\CategoryTest.php.INFO: PASSED [] []
[2019-12-04T14:06:11.484653+00:00] C:\wamp64\www\E-Commerce-Website-With-PHP-OOP-master\tests\unit\CategoryTest.php.INFO: ------------------------------------ [] []
[2019-12-04T14:06:11.486084+00:00] C:\wamp64\www\E-Commerce-Website-With-PHP-OOP-master\tests\unit\CategoryTest.php.INFO: STARTED: CategoryTest: Get all categories [] []
[2019-12-04T14:06:11.520396+00:00] C:\wamp64\www\E-Commerce-Website-With-PHP-OOP-master\tests\unit\CategoryTest.php.ALERT: Failed asserting that actual size 12 matches expected size 13. [] []
[2019-12-04T14:06:11.520663+00:00] C:\wamp64\www\E-Commerce-Website-With-PHP-OOP-master\tests\unit\CategoryTest.php.INFO: # FAILED # [] []
[2019-12-04T14:06:11.520963+00:00] C:\wamp64\www\E-Commerce-Website-With-PHP-OOP-master\tests\unit\CategoryTest.php.INFO: PASSED [] []
[2019-12-04T14:06:11.521184+00:00] C:\wamp64\www\E-Commerce-Website-With-PHP-OOP-master\tests\unit\CategoryTest.php.INFO: ------------------------------------ [] []
[2019-12-04T14:06:11.521296+00:00] C:\wamp64\www\E-Commerce-Website-With-PHP-OOP-master\tests\unit\CategoryTest.php.INFO: STARTED: CategoryTest: Get cat by id [] []
[2019-12-04T14:06:11.526870+00:00] C:\wamp64\www\E-Commerce-Website-With-PHP-OOP-master\tests\unit\CategoryTest.php.INFO: PASSED [] []
[2019-12-04T14:06:11.527334+00:00] C:\wamp64\www\E-Commerce-Website-With-PHP-OOP-master\tests\unit\CategoryTest.php.INFO: ------------------------------------ [] []
[2019-12-04T14:06:11.527472+00:00] C:\wamp64\www\E-Commerce-Website-With-PHP-OOP-master\tests\unit\CategoryTest.php.INFO: STARTED: CategoryTest: Cat insert [] []
[2019-12-04T14:06:11.565698+00:00] C:\wamp64\www\E-Commerce-Website-With-PHP-OOP-master\tests\unit\CategoryTest.php.INFO: PASSED [] []
[2019-12-04T14:06:11.565885+00:00] C:\wamp64\www\E-Commerce-Website-With-PHP-OOP-master\tests\unit\CategoryTest.php.INFO: ------------------------------------ [] []
[2019-12-04T14:06:11.565949+00:00] C:\wamp64\www\E-Commerce-Website-With-PHP-OOP-master\tests\unit\CategoryTest.php.INFO: STARTED: CategoryTest: Cat update [] []
[2019-12-04T14:06:11.570635+00:00] C:\wamp64\www\E-Commerce-Website-With-PHP-OOP-master\tests\unit\CategoryTest.php.INFO: # Skipped # [] []
[2019-12-04T14:06:11.570839+00:00] C:\wamp64\www\E-Commerce-Website-With-PHP-OOP-master\tests\unit\CategoryTest.php.INFO: PASSED [] []
[2019-12-04T14:06:11.571033+00:00] C:\wamp64\www\E-Commerce-Website-With-PHP-OOP-master\tests\unit\CategoryTest.php.INFO: ------------------------------------ [] []
[2019-12-04T14:06:11.571141+00:00] C:\wamp64\www\E-Commerce-Website-With-PHP-OOP-master\tests\unit\CategoryTest.php.INFO: STARTED: CategoryTest: Delete category by id [] []
[2019-12-04T14:06:11.579685+00:00] C:\wamp64\www\E-Commerce-Website-With-PHP-OOP-master\tests\unit\CategoryTest.php.INFO: PASSED [] []
[2019-12-04T14:12:12.713810+00:00] C:\wamp64\www\E-Commerce-Website-With-PHP-OOP-master\tests\unit\CategoryTest.php.INFO: ------------------------------------ [] []
[2019-12-04T14:12:12.715304+00:00] C:\wamp64\www\E-Commerce-Website-With-PHP-OOP-master\tests\unit\CategoryTest.php.INFO: STARTED: CategoryTest: Get all categories [] []
[2019-12-04T14:12:12.748763+00:00] C:\wamp64\www\E-Commerce-Website-With-PHP-OOP-master\tests\unit\CategoryTest.php.INFO: PASSED [] []
[2019-12-04T14:12:12.748979+00:00] C:\wamp64\www\E-Commerce-Website-With-PHP-OOP-master\tests\unit\CategoryTest.php.INFO: ------------------------------------ [] []
[2019-12-04T14:12:12.749061+00:00] C:\wamp64\www\E-Commerce-Website-With-PHP-OOP-master\tests\unit\CategoryTest.php.INFO: STARTED: CategoryTest: Get cat by id [] []
[2019-12-04T14:12:12.753329+00:00] C:\wamp64\www\E-Commerce-Website-With-PHP-OOP-master\tests\unit\CategoryTest.php.INFO: PASSED [] []
[2019-12-04T14:12:12.753637+00:00] C:\wamp64\www\E-Commerce-Website-With-PHP-OOP-master\tests\unit\CategoryTest.php.INFO: ------------------------------------ [] []
[2019-12-04T14:12:12.753764+00:00] C:\wamp64\www\E-Commerce-Website-With-PHP-OOP-master\tests\unit\CategoryTest.php.INFO: STARTED: CategoryTest: Cat insert [] []
[2019-12-04T14:12:12.766150+00:00] C:\wamp64\www\E-Commerce-Website-With-PHP-OOP-master\tests\unit\CategoryTest.php.INFO: # Skipped # [] []
[2019-12-04T14:12:12.766405+00:00] C:\wamp64\www\E-Commerce-Website-With-PHP-OOP-master\tests\unit\CategoryTest.php.INFO: PASSED [] []
[2019-12-04T14:12:12.766586+00:00] C:\wamp64\www\E-Commerce-Website-With-PHP-OOP-master\tests\unit\CategoryTest.php.INFO: ------------------------------------ [] []
[2019-12-04T14:12:12.766670+00:00] C:\wamp64\www\E-Commerce-Website-With-PHP-OOP-master\tests\unit\CategoryTest.php.INFO: STARTED: CategoryTest: Cat update [] []
[2019-12-04T14:12:12.794202+00:00] C:\wamp64\www\E-Commerce-Website-With-PHP-OOP-master\tests\unit\CategoryTest.php.ALERT: Access to undeclared static property: CategoryTest::$brand [] []
[2019-12-04T14:12:12.794329+00:00] C:\wamp64\www\E-Commerce-Website-With-PHP-OOP-master\tests\unit\CategoryTest.php.INFO: # ERROR # [] []
[2019-12-04T14:12:12.794455+00:00] C:\wamp64\www\E-Commerce-Website-With-PHP-OOP-master\tests\unit\CategoryTest.php.INFO: PASSED [] []
[2019-12-04T14:12:12.794599+00:00] C:\wamp64\www\E-Commerce-Website-With-PHP-OOP-master\tests\unit\CategoryTest.php.INFO: ------------------------------------ [] []
[2019-12-04T14:12:12.794675+00:00] C:\wamp64\www\E-Commerce-Website-With-PHP-OOP-master\tests\unit\CategoryTest.php.INFO: STARTED: CategoryTest: Delete category by id [] []
[2019-12-04T14:12:12.800136+00:00] C:\wamp64\www\E-Commerce-Website-With-PHP-OOP-master\tests\unit\CategoryTest.php.ALERT: Access to undeclared static property: CategoryTest::$brand [] []
[2019-12-04T14:12:12.800237+00:00] C:\wamp64\www\E-Commerce-Website-With-PHP-OOP-master\tests\unit\CategoryTest.php.INFO: # ERROR # [] []
[2019-12-04T14:12:12.800340+00:00] C:\wamp64\www\E-Commerce-Website-With-PHP-OOP-master\tests\unit\CategoryTest.php.INFO: PASSED [] []
[2019-12-04T14:13:11.461319+00:00] C:\wamp64\www\E-Commerce-Website-With-PHP-OOP-master\tests\unit\CategoryTest.php.INFO: ------------------------------------ [] []
[2019-12-04T14:13:11.462717+00:00] C:\wamp64\www\E-Commerce-Website-With-PHP-OOP-master\tests\unit\CategoryTest.php.INFO: STARTED: CategoryTest: Get all categories [] []
[2019-12-04T14:13:11.493096+00:00] C:\wamp64\www\E-Commerce-Website-With-PHP-OOP-master\tests\unit\CategoryTest.php.INFO: PASSED [] []
[2019-12-04T14:13:11.493302+00:00] C:\wamp64\www\E-Commerce-Website-With-PHP-OOP-master\tests\unit\CategoryTest.php.INFO: ------------------------------------ [] []
[2019-12-04T14:13:11.493382+00:00] C:\wamp64\www\E-Commerce-Website-With-PHP-OOP-master\tests\unit\CategoryTest.php.INFO: STARTED: CategoryTest: Get cat by id [] []
[2019-12-04T14:13:11.497860+00:00] C:\wamp64\www\E-Commerce-Website-With-PHP-OOP-master\tests\unit\CategoryTest.php.INFO: PASSED [] []
[2019-12-04T14:13:11.498042+00:00] C:\wamp64\www\E-Commerce-Website-With-PHP-OOP-master\tests\unit\CategoryTest.php.INFO: ------------------------------------ [] []
[2019-12-04T14:13:11.498197+00:00] C:\wamp64\www\E-Commerce-Website-With-PHP-OOP-master\tests\unit\CategoryTest.php.INFO: STARTED: CategoryTest: Cat insert [] []
[2019-12-04T14:13:11.527342+00:00] C:\wamp64\www\E-Commerce-Website-With-PHP-OOP-master\tests\unit\CategoryTest.php.INFO: # Skipped # [] []
[2019-12-04T14:13:11.527649+00:00] C:\wamp64\www\E-Commerce-Website-With-PHP-OOP-master\tests\unit\CategoryTest.php.INFO: PASSED [] []
[2019-12-04T14:13:11.527851+00:00] C:\wamp64\www\E-Commerce-Website-With-PHP-OOP-master\tests\unit\CategoryTest.php.INFO: ------------------------------------ [] []
[2019-12-04T14:13:11.527944+00:00] C:\wamp64\www\E-Commerce-Website-With-PHP-OOP-master\tests\unit\CategoryTest.php.INFO: STARTED: CategoryTest: Cat update [] []
[2019-12-04T14:13:11.533143+00:00] C:\wamp64\www\E-Commerce-Website-With-PHP-OOP-master\tests\unit\CategoryTest.php.ALERT: Undefined variable: CategoryId [] []
[2019-12-04T14:13:11.533320+00:00] C:\wamp64\www\E-Commerce-Website-With-PHP-OOP-master\tests\unit\CategoryTest.php.INFO: # ERROR # [] []
[2019-12-04T14:13:11.533427+00:00] C:\wamp64\www\E-Commerce-Website-With-PHP-OOP-master\tests\unit\CategoryTest.php.INFO: PASSED [] []
[2019-12-04T14:13:11.533577+00:00] C:\wamp64\www\E-Commerce-Website-With-PHP-OOP-master\tests\unit\CategoryTest.php.INFO: ------------------------------------ [] []
[2019-12-04T14:13:11.533690+00:00] C:\wamp64\www\E-Commerce-Website-With-PHP-OOP-master\tests\unit\CategoryTest.php.INFO: STARTED: CategoryTest: Delete category by id [] []
[2019-12-04T14:13:11.589569+00:00] C:\wamp64\www\E-Commerce-Website-With-PHP-OOP-master\tests\unit\CategoryTest.php.INFO: PASSED [] []
[2019-12-04T14:14:09.183743+00:00] C:\wamp64\www\E-Commerce-Website-With-PHP-OOP-master\tests\unit\AdminloginTest.php.INFO: ------------------------------------ [] []
[2019-12-04T14:14:09.185124+00:00] C:\wamp64\www\E-Commerce-Website-With-PHP-OOP-master\tests\unit\AdminloginTest.php.INFO: STARTED: AdminloginTest: Admin false data [] []
[2019-12-04T14:14:09.238601+00:00] C:\wamp64\www\E-Commerce-Website-With-PHP-OOP-master\tests\unit\AdminloginTest.php.INFO: PASSED [] []
[2019-12-04T14:14:09.238749+00:00] C:\wamp64\www\E-Commerce-Website-With-PHP-OOP-master\tests\unit\AdminloginTest.php.INFO: ------------------------------------ [] []
[2019-12-04T14:14:09.238807+00:00] C:\wamp64\www\E-Commerce-Website-With-PHP-OOP-master\tests\unit\AdminloginTest.php.INFO: STARTED: AdminloginTest: Admin true data [] []
[2019-12-04T14:14:09.272491+00:00] C:\wamp64\www\E-Commerce-Website-With-PHP-OOP-master\tests\unit\AdminloginTest.php.INFO: PASSED [] []
[2019-12-04T14:14:09.272768+00:00] C:\wamp64\www\E-Commerce-Website-With-PHP-OOP-master\tests\unit\BrandTest.php.INFO: ------------------------------------ [] []
[2019-12-04T14:14:09.272879+00:00] C:\wamp64\www\E-Commerce-Website-With-PHP-OOP-master\tests\unit\BrandTest.php.INFO: STARTED: BrandTest: Insert empty [] []
[2019-12-04T14:14:09.277856+00:00] C:\wamp64\www\E-Commerce-Website-With-PHP-OOP-master\tests\unit\BrandTest.php.INFO: PASSED [] []
[2019-12-04T14:14:09.278252+00:00] C:\wamp64\www\E-Commerce-Website-With-PHP-OOP-master\tests\unit\BrandTest.php.INFO: ------------------------------------ [] []
[2019-12-04T14:14:09.278353+00:00] C:\wamp64\www\E-Commerce-Website-With-PHP-OOP-master\tests\unit\BrandTest.php.INFO: STARTED: BrandTest: Get all brands [] []
[2019-12-04T14:14:09.284555+00:00] C:\wamp64\www\E-Commerce-Website-With-PHP-OOP-master\tests\unit\BrandTest.php.INFO: PASSED [] []
[2019-12-04T14:14:09.284765+00:00] C:\wamp64\www\E-Commerce-Website-With-PHP-OOP-master\tests\unit\BrandTest.php.INFO: ------------------------------------ [] []
[2019-12-04T14:14:09.284833+00:00] C:\wamp64\www\E-Commerce-Website-With-PHP-OOP-master\tests\unit\BrandTest.php.INFO: STARTED: BrandTest: Get brand by id [] []
[2019-12-04T14:14:09.304530+00:00] C:\wamp64\www\E-Commerce-Website-With-PHP-OOP-master\tests\unit\BrandTest.php.INFO: PASSED [] []
[2019-12-04T14:14:09.304886+00:00] C:\wamp64\www\E-Commerce-Website-With-PHP-OOP-master\tests\unit\BrandTest.php.INFO: ------------------------------------ [] []
[2019-12-04T14:14:09.305010+00:00] C:\wamp64\www\E-Commerce-Website-With-PHP-OOP-master\tests\unit\BrandTest.php.INFO: STARTED: BrandTest: Insert a brand [] []
[2019-12-04T14:14:09.369325+00:00] C:\wamp64\www\E-Commerce-Website-With-PHP-OOP-master\tests\unit\BrandTest.php.INFO: PASSED [] []
[2019-12-04T14:14:09.369539+00:00] C:\wamp64\www\E-Commerce-Website-With-PHP-OOP-master\tests\unit\BrandTest.php.INFO: ------------------------------------ [] []
[2019-12-04T14:14:09.369638+00:00] C:\wamp64\www\E-Commerce-Website-With-PHP-OOP-master\tests\unit\BrandTest.php.INFO: STARTED: BrandTest: Update a brand [] []
[2019-12-04T14:14:09.406475+00:00] C:\wamp64\www\E-Commerce-Website-With-PHP-OOP-master\tests\unit\BrandTest.php.INFO: # Skipped # [] []
[2019-12-04T14:14:09.406678+00:00] C:\wamp64\www\E-Commerce-Website-With-PHP-OOP-master\tests\unit\BrandTest.php.INFO: PASSED [] []
[2019-12-04T14:14:09.406824+00:00] C:\wamp64\www\E-Commerce-Website-With-PHP-OOP-master\tests\unit\BrandTest.php.INFO: ------------------------------------ [] []
[2019-12-04T14:14:09.406883+00:00] C:\wamp64\www\E-Commerce-Website-With-PHP-OOP-master\tests\unit\BrandTest.php.INFO: STARTED: BrandTest: Testdel brand by id [] []
[2019-12-04T14:14:09.442599+00:00] C:\wamp64\www\E-Commerce-Website-With-PHP-OOP-master\tests\unit\BrandTest.php.INFO: # Skipped # [] []
[2019-12-04T14:14:09.442813+00:00] C:\wamp64\www\E-Commerce-Website-With-PHP-OOP-master\tests\unit\BrandTest.php.INFO: PASSED [] []
[2019-12-04T14:14:09.442997+00:00] C:\wamp64\www\E-Commerce-Website-With-PHP-OOP-master\tests\unit\CartTest.php.INFO: ------------------------------------ [] []
[2019-12-04T14:14:09.443091+00:00] C:\wamp64\www\E-Commerce-Website-With-PHP-OOP-master\tests\unit\CartTest.php.INFO: STARTED: CartTest: Add to cart [] []
[2019-12-04T14:14:09.520486+00:00] C:\wamp64\www\E-Commerce-Website-With-PHP-OOP-master\tests\unit\CartTest.php.INFO: PASSED [] []
[2019-12-04T14:14:09.520662+00:00] C:\wamp64\www\E-Commerce-Website-With-PHP-OOP-master\tests\unit\CartTest.php.INFO: ------------------------------------ [] []
[2019-12-04T14:14:09.520732+00:00] C:\wamp64\www\E-Commerce-Website-With-PHP-OOP-master\tests\unit\CartTest.php.INFO: STARTED: CartTest: Get cart [] []
[2019-12-04T14:14:09.528039+00:00] C:\wamp64\www\E-Commerce-Website-With-PHP-OOP-master\tests\unit\CartTest.php.INFO: PASSED [] []
[2019-12-04T14:14:09.528294+00:00] C:\wamp64\www\E-Commerce-Website-With-PHP-OOP-master\tests\unit\CartTest.php.INFO: ------------------------------------ [] []
[2019-12-04T14:14:09.528396+00:00] C:\wamp64\www\E-Commerce-Website-With-PHP-OOP-master\tests\unit\CartTest.php.INFO: STARTED: CartTest: Update cart qunatity [] []
[2019-12-04T14:14:09.533270+00:00] C:\wamp64\www\E-Commerce-Website-With-PHP-OOP-master\tests\unit\CartTest.php.INFO: PASSED [] []
[2019-12-04T14:14:09.533446+00:00] C:\wamp64\www\E-Commerce-Website-With-PHP-OOP-master\tests\unit\CartTest.php.INFO: ------------------------------------ [] []
[2019-12-04T14:14:09.533517+00:00] C:\wamp64\www\E-Commerce-Website-With-PHP-OOP-master\tests\unit\CartTest.php.INFO: STARTED: CartTest: Delet a cart [] []
[2019-12-04T14:14:09.559146+00:00] C:\wamp64\www\E-Commerce-Website-With-PHP-OOP-master\tests\unit\CartTest.php.INFO: PASSED [] []
[2019-12-04T14:14:09.559521+00:00] C:\wamp64\www\E-Commerce-Website-With-PHP-OOP-master\tests\unit\CategoryTest.php.INFO: ------------------------------------ [] []
[2019-12-04T14:14:09.559682+00:00] C:\wamp64\www\E-Commerce-Website-With-PHP-OOP-master\tests\unit\CategoryTest.php.INFO: STARTED: CategoryTest: Get all categories [] []
[2019-12-04T14:14:09.565140+00:00] C:\wamp64\www\E-Commerce-Website-With-PHP-OOP-master\tests\unit\CategoryTest.php.ALERT: Failed asserting that actual size 12 matches expected size 13. [] []
[2019-12-04T14:14:09.565246+00:00] C:\wamp64\www\E-Commerce-Website-With-PHP-OOP-master\tests\unit\CategoryTest.php.INFO: # FAILED # [] []
[2019-12-04T14:14:09.565416+00:00] C:\wamp64\www\E-Commerce-Website-With-PHP-OOP-master\tests\unit\CategoryTest.php.INFO: PASSED [] []
[2019-12-04T14:14:09.565522+00:00] C:\wamp64\www\E-Commerce-Website-With-PHP-OOP-master\tests\unit\CategoryTest.php.INFO: ------------------------------------ [] []
[2019-12-04T14:14:09.565576+00:00] C:\wamp64\www\E-Commerce-Website-With-PHP-OOP-master\tests\unit\CategoryTest.php.INFO: STARTED: CategoryTest: Get cat by id [] []
[2019-12-04T14:14:09.569129+00:00] C:\wamp64\www\E-Commerce-Website-With-PHP-OOP-master\tests\unit\CategoryTest.php.INFO: PASSED [] []
[2019-12-04T14:14:09.569332+00:00] C:\wamp64\www\E-Commerce-Website-With-PHP-OOP-master\tests\unit\CategoryTest.php.INFO: ------------------------------------ [] []
[2019-12-04T14:14:09.569412+00:00] C:\wamp64\www\E-Commerce-Website-With-PHP-OOP-master\tests\unit\CategoryTest.php.INFO: STARTED: CategoryTest: Cat insert [] []
[2019-12-04T14:14:09.627827+00:00] C:\wamp64\www\E-Commerce-Website-With-PHP-OOP-master\tests\unit\CategoryTest.php.INFO: PASSED [] []
[2019-12-04T14:14:09.628057+00:00] C:\wamp64\www\E-Commerce-Website-With-PHP-OOP-master\tests\unit\CategoryTest.php.INFO: ------------------------------------ [] []
[2019-12-04T14:14:09.628137+00:00] C:\wamp64\www\E-Commerce-Website-With-PHP-OOP-master\tests\unit\CategoryTest.php.INFO: STARTED: CategoryTest: Cat update [] []
[2019-12-04T14:14:09.680980+00:00] C:\wamp64\www\E-Commerce-Website-With-PHP-OOP-master\tests\unit\CategoryTest.php.INFO: # Skipped # [] []
[2019-12-04T14:14:09.681114+00:00] C:\wamp64\www\E-Commerce-Website-With-PHP-OOP-master\tests\unit\CategoryTest.php.INFO: PASSED [] []
[2019-12-04T14:14:09.681237+00:00] C:\wamp64\www\E-Commerce-Website-With-PHP-OOP-master\tests\unit\CategoryTest.php.INFO: ------------------------------------ [] []
[2019-12-04T14:14:09.681309+00:00] C:\wamp64\www\E-Commerce-Website-With-PHP-OOP-master\tests\unit\CategoryTest.php.INFO: STARTED: CategoryTest: Delete category by id [] []
[2019-12-04T14:14:09.725706+00:00] C:\wamp64\www\E-Commerce-Website-With-PHP-OOP-master\tests\unit\CategoryTest.php.INFO: PASSED [] []
[2019-12-04T14:14:09.725982+00:00] C:\wamp64\www\E-Commerce-Website-With-PHP-OOP-master\tests\unit\CustomerTest.php.INFO: ------------------------------------ [] []
[2019-12-04T14:14:09.726080+00:00] C:\wamp64\www\E-Commerce-Website-With-PHP-OOP-master\tests\unit\CustomerTest.php.INFO: STARTED: CustomerTest: Some feature [] []
[2019-12-04T14:14:09.728148+00:00] C:\wamp64\www\E-Commerce-Website-With-PHP-OOP-master\tests\unit\CustomerTest.php.INFO: PASSED [] []
[2019-12-04T14:14:09.728507+00:00] C:\wamp64\www\E-Commerce-Website-With-PHP-OOP-master\tests\unit\DatabaseTest.php.INFO: ------------------------------------ [] []
[2019-12-04T14:14:09.728580+00:00] C:\wamp64\www\E-Commerce-Website-With-PHP-OOP-master\tests\unit\DatabaseTest.php.INFO: STARTED: DatabaseTest: Connection [] []
[2019-12-04T14:14:09.733768+00:00] C:\wamp64\www\E-Commerce-Website-With-PHP-OOP-master\tests\unit\DatabaseTest.php.INFO: PASSED [] []
[2019-12-04T14:14:09.733976+00:00] C:\wamp64\www\E-Commerce-Website-With-PHP-OOP-master\tests\unit\DatabaseTest.php.INFO: ------------------------------------ [] []
[2019-12-04T14:14:09.734064+00:00] C:\wamp64\www\E-Commerce-Website-With-PHP-OOP-master\tests\unit\DatabaseTest.php.INFO: STARTED: DatabaseTest: Select [] []
[2019-12-04T14:14:09.758152+00:00] C:\wamp64\www\E-Commerce-Website-With-PHP-OOP-master\tests\unit\DatabaseTest.php.INFO: PASSED [] []
[2019-12-04T14:14:09.758529+00:00] C:\wamp64\www\E-Commerce-Website-With-PHP-OOP-master\tests\unit\DatabaseTest.php.INFO: ------------------------------------ [] []
[2019-12-04T14:14:09.758650+00:00] C:\wamp64\www\E-Commerce-Website-With-PHP-OOP-master\tests\unit\DatabaseTest.php.INFO: STARTED: DatabaseTest: Insert [] []
[2019-12-04T14:14:09.825313+00:00] C:\wamp64\www\E-Commerce-Website-With-PHP-OOP-master\tests\unit\DatabaseTest.php.INFO: PASSED [] []
[2019-12-04T14:14:09.825500+00:00] C:\wamp64\www\E-Commerce-Website-With-PHP-OOP-master\tests\unit\DatabaseTest.php.INFO: ------------------------------------ [] []
[2019-12-04T14:14:09.825588+00:00] C:\wamp64\www\E-Commerce-Website-With-PHP-OOP-master\tests\unit\DatabaseTest.php.INFO: STARTED: DatabaseTest: Update [] []
[2019-12-04T14:14:09.863077+00:00] C:\wamp64\www\E-Commerce-Website-With-PHP-OOP-master\tests\unit\DatabaseTest.php.INFO: PASSED [] []
[2019-12-04T14:14:09.863262+00:00] C:\wamp64\www\E-Commerce-Website-With-PHP-OOP-master\tests\unit\DatabaseTest.php.INFO: ------------------------------------ [] []
[2019-12-04T14:14:09.863338+00:00] C:\wamp64\www\E-Commerce-Website-With-PHP-OOP-master\tests\unit\DatabaseTest.php.INFO: STARTED: DatabaseTest: Delete [] []
[2019-12-04T14:14:09.903417+00:00] C:\wamp64\www\E-Commerce-Website-With-PHP-OOP-master\tests\unit\DatabaseTest.php.INFO: PASSED [] []
[2019-12-04T14:14:09.903709+00:00] C:\wamp64\www\E-Commerce-Website-With-PHP-OOP-master\tests\unit\SessionTest.php.INFO: ------------------------------------ [] []
[2019-12-04T14:14:09.903836+00:00] C:\wamp64\www\E-Commerce-Website-With-PHP-OOP-master\tests\unit\SessionTest.php.INFO: STARTED: SessionTest: Session exists [] []
[2019-12-04T14:14:09.911450+00:00] C:\wamp64\www\E-Commerce-Website-With-PHP-OOP-master\tests\unit\SessionTest.php.ALERT: Failed asserting that false is true. [] []
[2019-12-04T14:14:09.911590+00:00] C:\wamp64\www\E-Commerce-Website-With-PHP-OOP-master\tests\unit\SessionTest.php.INFO: # FAILED # [] []
[2019-12-04T14:14:09.911719+00:00] C:\wamp64\www\E-Commerce-Website-With-PHP-OOP-master\tests\unit\SessionTest.php.INFO: PASSED [] []
[2019-12-04T14:14:09.911886+00:00] C:\wamp64\www\E-Commerce-Website-With-PHP-OOP-master\tests\unit\SessionTest.php.INFO: ------------------------------------ [] []
[2019-12-04T14:14:09.911993+00:00] C:\wamp64\www\E-Commerce-Website-With-PHP-OOP-master\tests\unit\SessionTest.php.INFO: STARTED: SessionTest: Session values [] []
[2019-12-04T14:14:09.917101+00:00] C:\wamp64\www\E-Commerce-Website-With-PHP-OOP-master\tests\unit\SessionTest.php.INFO: PASSED [] []
[2019-12-04T14:14:09.917284+00:00] C:\wamp64\www\E-Commerce-Website-With-PHP-OOP-master\tests\unit\SessionTest.php.INFO: ------------------------------------ [] []
[2019-12-04T14:14:09.917361+00:00] C:\wamp64\www\E-Commerce-Website-With-PHP-OOP-master\tests\unit\SessionTest.php.INFO: STARTED: SessionTest: Admin login [] []
[2019-12-04T14:14:09.920182+00:00] C:\wamp64\www\E-Commerce-Website-With-PHP-OOP-master\tests\unit\SessionTest.php.INFO: PASSED [] []
[2019-12-04T14:14:09.920530+00:00] C:\wamp64\www\E-Commerce-Website-With-PHP-OOP-master\tests\unit\SessionTest.php.INFO: ------------------------------------ [] []
[2019-12-04T14:14:09.920667+00:00] C:\wamp64\www\E-Commerce-Website-With-PHP-OOP-master\tests\unit\SessionTest.php.INFO: STARTED: SessionTest: Admin not login [] []
[2019-12-04T14:14:09.955874+00:00] C:\wamp64\www\E-Commerce-Website-With-PHP-OOP-master\tests\unit\SessionTest.php.INFO: PASSED [] []
[2019-12-04T14:14:09.956330+00:00] C:\wamp64\www\E-Commerce-Website-With-PHP-OOP-master\tests\unit\SessionTest.php.INFO: ------------------------------------ [] []
[2019-12-04T14:14:09.956519+00:00] C:\wamp64\www\E-Commerce-Website-With-PHP-OOP-master\tests\unit\SessionTest.php.INFO: STARTED: SessionTest: Destroy [] []
[2019-12-04T14:14:09.960535+00:00] C:\wamp64\www\E-Commerce-Website-With-PHP-OOP-master\tests\unit\SessionTest.php.INFO: PASSED [] []
[2019-12-04T14:14:09.960730+00:00] C:\wamp64\www\E-Commerce-Website-With-PHP-OOP-master\tests\unit\productTest.php.INFO: ------------------------------------ [] []
[2019-12-04T14:14:09.960805+00:00] C:\wamp64\www\E-Commerce-Website-With-PHP-OOP-master\tests\unit\productTest.php.INFO: STARTED: ProductTest: Some feature [] []
[2019-12-04T14:14:09.963279+00:00] C:\wamp64\www\E-Commerce-Website-With-PHP-OOP-master\tests\unit\productTest.php.INFO: PASSED [] []
[2019-12-04T14:14:27.063266+00:00] C:\wamp64\www\E-Commerce-Website-With-PHP-OOP-master\tests\unit\CategoryTest.php.INFO: ------------------------------------ [] []
[2019-12-04T14:14:27.065104+00:00] C:\wamp64\www\E-Commerce-Website-With-PHP-OOP-master\tests\unit\CategoryTest.php.INFO: STARTED: CategoryTest: Get all categories [] []
[2019-12-04T14:14:27.115689+00:00] C:\wamp64\www\E-Commerce-Website-With-PHP-OOP-master\tests\unit\CategoryTest.php.ALERT: Failed asserting that actual size 12 matches expected size 13. [] []
[2019-12-04T14:14:27.115820+00:00] C:\wamp64\www\E-Commerce-Website-With-PHP-OOP-master\tests\unit\CategoryTest.php.INFO: # FAILED # [] []
[2019-12-04T14:14:27.115930+00:00] C:\wamp64\www\E-Commerce-Website-With-PHP-OOP-master\tests\unit\CategoryTest.php.INFO: PASSED [] []
[2019-12-04T14:14:27.116059+00:00] C:\wamp64\www\E-Commerce-Website-With-PHP-OOP-master\tests\unit\CategoryTest.php.INFO: ------------------------------------ [] []
[2019-12-04T14:14:27.116126+00:00] C:\wamp64\www\E-Commerce-Website-With-PHP-OOP-master\tests\unit\CategoryTest.php.INFO: STARTED: CategoryTest: Get cat by id [] []
[2019-12-04T14:14:27.123713+00:00] C:\wamp64\www\E-Commerce-Website-With-PHP-OOP-master\tests\unit\CategoryTest.php.INFO: PASSED [] []
[2019-12-04T14:14:27.124160+00:00] C:\wamp64\www\E-Commerce-Website-With-PHP-OOP-master\tests\unit\CategoryTest.php.INFO: ------------------------------------ [] []
[2019-12-04T14:14:27.124290+00:00] C:\wamp64\www\E-Commerce-Website-With-PHP-OOP-master\tests\unit\CategoryTest.php.INFO: STARTED: CategoryTest: Cat insert [] []
[2019-12-04T14:14:27.169727+00:00] C:\wamp64\www\E-Commerce-Website-With-PHP-OOP-master\tests\unit\CategoryTest.php.INFO: PASSED [] []
[2019-12-04T14:14:27.170088+00:00] C:\wamp64\www\E-Commerce-Website-With-PHP-OOP-master\tests\unit\CategoryTest.php.INFO: ------------------------------------ [] []
[2019-12-04T14:14:27.170217+00:00] C:\wamp64\www\E-Commerce-Website-With-PHP-OOP-master\tests\unit\CategoryTest.php.INFO: STARTED: CategoryTest: Cat update [] []
[2019-12-04T14:14:27.205732+00:00] C:\wamp64\www\E-Commerce-Website-With-PHP-OOP-master\tests\unit\CategoryTest.php.INFO: # Skipped # [] []
[2019-12-04T14:14:27.205974+00:00] C:\wamp64\www\E-Commerce-Website-With-PHP-OOP-master\tests\unit\CategoryTest.php.INFO: PASSED [] []
[2019-12-04T14:14:27.206181+00:00] C:\wamp64\www\E-Commerce-Website-With-PHP-OOP-master\tests\unit\CategoryTest.php.INFO: ------------------------------------ [] []
[2019-12-04T14:14:27.206296+00:00] C:\wamp64\www\E-Commerce-Website-With-PHP-OOP-master\tests\unit\CategoryTest.php.INFO: STARTED: CategoryTest: Delete category by id [] []
[2019-12-04T14:14:27.244251+00:00] C:\wamp64\www\E-Commerce-Website-With-PHP-OOP-master\tests\unit\CategoryTest.php.INFO: PASSED [] []
[2019-12-04T14:14:46.250030+00:00] C:\wamp64\www\E-Commerce-Website-With-PHP-OOP-master\tests\unit\CategoryTest.php.INFO: ------------------------------------ [] []
[2019-12-04T14:14:46.251446+00:00] C:\wamp64\www\E-Commerce-Website-With-PHP-OOP-master\tests\unit\CategoryTest.php.INFO: STARTED: CategoryTest: Get all categories [] []
[2019-12-04T14:14:46.282933+00:00] C:\wamp64\www\E-Commerce-Website-With-PHP-OOP-master\tests\unit\CategoryTest.php.INFO: PASSED [] []
[2019-12-04T14:14:46.283141+00:00] C:\wamp64\www\E-Commerce-Website-With-PHP-OOP-master\tests\unit\CategoryTest.php.INFO: ------------------------------------ [] []
[2019-12-04T14:14:46.283231+00:00] C:\wamp64\www\E-Commerce-Website-With-PHP-OOP-master\tests\unit\CategoryTest.php.INFO: STARTED: CategoryTest: Get cat by id [] []
[2019-12-04T14:14:46.287074+00:00] C:\wamp64\www\E-Commerce-Website-With-PHP-OOP-master\tests\unit\CategoryTest.php.INFO: PASSED [] []
[2019-12-04T14:14:46.287328+00:00] C:\wamp64\www\E-Commerce-Website-With-PHP-OOP-master\tests\unit\CategoryTest.php.INFO: ------------------------------------ [] []
[2019-12-04T14:14:46.287458+00:00] C:\wamp64\www\E-Commerce-Website-With-PHP-OOP-master\tests\unit\CategoryTest.php.INFO: STARTED: CategoryTest: Cat insert [] []
[2019-12-04T14:14:46.340462+00:00] C:\wamp64\www\E-Commerce-Website-With-PHP-OOP-master\tests\unit\CategoryTest.php.INFO: PASSED [] []
[2019-12-04T14:14:46.340701+00:00] C:\wamp64\www\E-Commerce-Website-With-PHP-OOP-master\tests\unit\CategoryTest.php.INFO: ------------------------------------ [] []
[2019-12-04T14:14:46.340892+00:00] C:\wamp64\www\E-Commerce-Website-With-PHP-OOP-master\tests\unit\CategoryTest.php.INFO: STARTED: CategoryTest: Cat update [] []
[2019-12-04T14:14:46.394537+00:00] C:\wamp64\www\E-Commerce-Website-With-PHP-OOP-master\tests\unit\CategoryTest.php.INFO: # Skipped # [] []
[2019-12-04T14:14:46.394687+00:00] C:\wamp64\www\E-Commerce-Website-With-PHP-OOP-master\tests\unit\CategoryTest.php.INFO: PASSED [] []
[2019-12-04T14:14:46.394798+00:00] C:\wamp64\www\E-Commerce-Website-With-PHP-OOP-master\tests\unit\CategoryTest.php.INFO: ------------------------------------ [] []
[2019-12-04T14:14:46.394856+00:00] C:\wamp64\www\E-Commerce-Website-With-PHP-OOP-master\tests\unit\CategoryTest.php.INFO: STARTED: CategoryTest: Delete category by id [] []
[2019-12-04T14:14:46.445313+00:00] C:\wamp64\www\E-Commerce-Website-With-PHP-OOP-master\tests\unit\CategoryTest.php.INFO: PASSED [] []
[2019-12-04T14:26:44.545445+00:00] C:\wamp64\www\E-Commerce-Website-With-PHP-OOP-master\tests\unit\CustomerTest.php.INFO: ------------------------------------ [] []
[2019-12-04T14:26:44.546958+00:00] C:\wamp64\www\E-Commerce-Website-With-PHP-OOP-master\tests\unit\CustomerTest.php.INFO: STARTED: CustomerTest: Customer registration [] []
[2019-12-04T14:26:44.569113+00:00] C:\wamp64\www\E-Commerce-Website-With-PHP-OOP-master\tests\unit\CustomerTest.php.INFO: PASSED [] []
[2019-12-04T14:30:32.161015+00:00] C:\wamp64\www\E-Commerce-Website-With-PHP-OOP-master\tests\unit\CustomerTest.php.INFO: ------------------------------------ [] []
[2019-12-04T14:30:32.162623+00:00] C:\wamp64\www\E-Commerce-Website-With-PHP-OOP-master\tests\unit\CustomerTest.php.INFO: STARTED: CustomerTest: Customer registration [] []
[2019-12-04T14:30:32.188559+00:00] C:\wamp64\www\E-Commerce-Website-With-PHP-OOP-master\tests\unit\CustomerTest.php.INFO: PASSED [] []
[2019-12-04T14:30:32.188899+00:00] C:\wamp64\www\E-Commerce-Website-With-PHP-OOP-master\tests\unit\CustomerTest.php.INFO: ------------------------------------ [] []
[2019-12-04T14:30:32.189049+00:00] C:\wamp64\www\E-Commerce-Website-With-PHP-OOP-master\tests\unit\CustomerTest.php.INFO: STARTED: CustomerTest: Customer login [] []
[2019-12-04T14:30:32.191114+00:00] C:\wamp64\www\E-Commerce-Website-With-PHP-OOP-master\tests\unit\CustomerTest.php.INFO: PASSED [] []
[2019-12-04T14:30:32.191354+00:00] C:\wamp64\www\E-Commerce-Website-With-PHP-OOP-master\tests\unit\CustomerTest.php.INFO: ------------------------------------ [] []
[2019-12-04T14:30:32.191460+00:00] C:\wamp64\www\E-Commerce-Website-With-PHP-OOP-master\tests\unit\CustomerTest.php.INFO: STARTED: CustomerTest: Get customer data [] []
[2019-12-04T14:30:32.193947+00:00] C:\wamp64\www\E-Commerce-Website-With-PHP-OOP-master\tests\unit\CustomerTest.php.INFO: PASSED [] []
[2019-12-04T14:30:32.194159+00:00] C:\wamp64\www\E-Commerce-Website-With-PHP-OOP-master\tests\unit\CustomerTest.php.INFO: ------------------------------------ [] []
[2019-12-04T14:30:32.194240+00:00] C:\wamp64\www\E-Commerce-Website-With-PHP-OOP-master\tests\unit\CustomerTest.php.INFO: STARTED: CustomerTest: Customer update [] []
[2019-12-04T14:30:32.196013+00:00] C:\wamp64\www\E-Commerce-Website-With-PHP-OOP-master\tests\unit\CustomerTest.php.INFO: PASSED [] []
[2019-12-04T21:03:06.161804+00:00] C:\wamp64\www\E-Commerce-Website-With-PHP-OOP-master\tests\unit\CustomerTest.php.INFO: ------------------------------------ [] []
[2019-12-04T21:03:06.177041+00:00] C:\wamp64\www\E-Commerce-Website-With-PHP-OOP-master\tests\unit\CustomerTest.php.INFO: STARTED: CustomerTest: Customer registration [] []
[2019-12-04T21:03:06.553556+00:00] C:\wamp64\www\E-Commerce-Website-With-PHP-OOP-master\tests\unit\CustomerTest.php.ALERT: Access to undeclared static property: CustomerTest::$Customer [] []
[2019-12-04T21:03:06.553643+00:00] C:\wamp64\www\E-Commerce-Website-With-PHP-OOP-master\tests\unit\CustomerTest.php.INFO: # ERROR # [] []
[2019-12-04T21:03:06.553734+00:00] C:\wamp64\www\E-Commerce-Website-With-PHP-OOP-master\tests\unit\CustomerTest.php.INFO: PASSED [] []
[2019-12-04T21:03:06.553898+00:00] C:\wamp64\www\E-Commerce-Website-With-PHP-OOP-master\tests\unit\CustomerTest.php.INFO: ------------------------------------ [] []
[2019-12-04T21:03:06.553960+00:00] C:\wamp64\www\E-Commerce-Website-With-PHP-OOP-master\tests\unit\CustomerTest.php.INFO: STARTED: CustomerTest: Customer login [] []
[2019-12-04T21:03:06.557558+00:00] C:\wamp64\www\E-Commerce-Website-With-PHP-OOP-master\tests\unit\CustomerTest.php.ALERT: Access to undeclared static property: CustomerTest::$Customer [] []
[2019-12-04T21:03:06.557663+00:00] C:\wamp64\www\E-Commerce-Website-With-PHP-OOP-master\tests\unit\CustomerTest.php.INFO: # ERROR # [] []
[2019-12-04T21:03:06.557753+00:00] C:\wamp64\www\E-Commerce-Website-With-PHP-OOP-master\tests\unit\CustomerTest.php.INFO: PASSED [] []
[2019-12-04T21:03:06.557871+00:00] C:\wamp64\www\E-Commerce-Website-With-PHP-OOP-master\tests\unit\CustomerTest.php.INFO: ------------------------------------ [] []
[2019-12-04T21:03:06.557942+00:00] C:\wamp64\www\E-Commerce-Website-With-PHP-OOP-master\tests\unit\CustomerTest.php.INFO: STARTED: CustomerTest: Get customer data [] []
[2019-12-04T21:03:06.561738+00:00] C:\wamp64\www\E-Commerce-Website-With-PHP-OOP-master\tests\unit\CustomerTest.php.ALERT: Access to undeclared static property: CustomerTest::$Customer [] []
[2019-12-04T21:03:06.561832+00:00] C:\wamp64\www\E-Commerce-Website-With-PHP-OOP-master\tests\unit\CustomerTest.php.INFO: # ERROR # [] []
[2019-12-04T21:03:06.561915+00:00] C:\wamp64\www\E-Commerce-Website-With-PHP-OOP-master\tests\unit\CustomerTest.php.INFO: PASSED [] []
[2019-12-04T21:03:06.562027+00:00] C:\wamp64\www\E-Commerce-Website-With-PHP-OOP-master\tests\unit\CustomerTest.php.INFO: ------------------------------------ [] []
[2019-12-04T21:03:06.562092+00:00] C:\wamp64\www\E-Commerce-Website-With-PHP-OOP-master\tests\unit\CustomerTest.php.INFO: STARTED: CustomerTest: Customer update [] []
[2019-12-04T21:03:06.590594+00:00] C:\wamp64\www\E-Commerce-Website-With-PHP-OOP-master\tests\unit\CustomerTest.php.ALERT: Access to undeclared static property: CustomerTest::$Customer [] []
[2019-12-04T21:03:06.590707+00:00] C:\wamp64\www\E-Commerce-Website-With-PHP-OOP-master\tests\unit\CustomerTest.php.INFO: # ERROR # [] []
[2019-12-04T21:03:06.590818+00:00] C:\wamp64\www\E-Commerce-Website-With-PHP-OOP-master\tests\unit\CustomerTest.php.INFO: PASSED [] []
[2019-12-04T21:04:07.103921+00:00] C:\wamp64\www\E-Commerce-Website-With-PHP-OOP-master\tests\unit\CustomerTest.php.INFO: ------------------------------------ [] []
[2019-12-04T21:04:07.105274+00:00] C:\wamp64\www\E-Commerce-Website-With-PHP-OOP-master\tests\unit\CustomerTest.php.INFO: STARTED: CustomerTest: Customer registration [] []
[2019-12-04T21:04:07.161985+00:00] C:\wamp64\www\E-Commerce-Website-With-PHP-OOP-master\tests\unit\CustomerTest.php.INFO: PASSED [] []
[2019-12-04T21:04:07.162203+00:00] C:\wamp64\www\E-Commerce-Website-With-PHP-OOP-master\tests\unit\CustomerTest.php.INFO: ------------------------------------ [] []
[2019-12-04T21:04:07.162295+00:00] C:\wamp64\www\E-Commerce-Website-With-PHP-OOP-master\tests\unit\CustomerTest.php.INFO: STARTED: CustomerTest: Customer login [] []
[2019-12-04T21:04:07.166937+00:00] C:\wamp64\www\E-Commerce-Website-With-PHP-OOP-master\tests\unit\CustomerTest.php.INFO: PASSED [] []
[2019-12-04T21:04:07.167130+00:00] C:\wamp64\www\E-Commerce-Website-With-PHP-OOP-master\tests\unit\CustomerTest.php.INFO: ------------------------------------ [] []
[2019-12-04T21:04:07.167243+00:00] C:\wamp64\www\E-Commerce-Website-With-PHP-OOP-master\tests\unit\CustomerTest.php.INFO: STARTED: CustomerTest: Get customer data [] []
[2019-12-04T21:04:07.171506+00:00] C:\wamp64\www\E-Commerce-Website-With-PHP-OOP-master\tests\unit\CustomerTest.php.INFO: PASSED [] []
[2019-12-04T21:04:07.171687+00:00] C:\wamp64\www\E-Commerce-Website-With-PHP-OOP-master\tests\unit\CustomerTest.php.INFO: ------------------------------------ [] []
[2019-12-04T21:04:07.171766+00:00] C:\wamp64\www\E-Commerce-Website-With-PHP-OOP-master\tests\unit\CustomerTest.php.INFO: STARTED: CustomerTest: Customer update [] []
[2019-12-04T21:04:07.175395+00:00] C:\wamp64\www\E-Commerce-Website-With-PHP-OOP-master\tests\unit\CustomerTest.php.INFO: PASSED [] []
[2019-12-04T21:08:31.379084+00:00] C:\wamp64\www\E-Commerce-Website-With-PHP-OOP-master\tests\unit\CustomerTest.php.INFO: ------------------------------------ [] []
[2019-12-04T21:08:31.380485+00:00] C:\wamp64\www\E-Commerce-Website-With-PHP-OOP-master\tests\unit\CustomerTest.php.INFO: STARTED: CustomerTest: Customer registration [] []
[2019-12-04T21:08:31.448137+00:00] C:\wamp64\www\E-Commerce-Website-With-PHP-OOP-master\tests\unit\CustomerTest.php.INFO: PASSED [] []
[2019-12-04T21:08:31.448332+00:00] C:\wamp64\www\E-Commerce-Website-With-PHP-OOP-master\tests\unit\CustomerTest.php.INFO: ------------------------------------ [] []
[2019-12-04T21:08:31.448397+00:00] C:\wamp64\www\E-Commerce-Website-With-PHP-OOP-master\tests\unit\CustomerTest.php.INFO: STARTED: CustomerTest: Customer login [] []
[2019-12-04T21:08:31.452089+00:00] C:\wamp64\www\E-Commerce-Website-With-PHP-OOP-master\tests\unit\CustomerTest.php.INFO: PASSED [] []
[2019-12-04T21:08:31.452268+00:00] C:\wamp64\www\E-Commerce-Website-With-PHP-OOP-master\tests\unit\CustomerTest.php.INFO: ------------------------------------ [] []
[2019-12-04T21:08:31.452348+00:00] C:\wamp64\www\E-Commerce-Website-With-PHP-OOP-master\tests\unit\CustomerTest.php.INFO: STARTED: CustomerTest: Get customer data [] []
[2019-12-04T21:08:31.455600+00:00] C:\wamp64\www\E-Commerce-Website-With-PHP-OOP-master\tests\unit\CustomerTest.php.INFO: PASSED [] []
[2019-12-04T21:08:31.455750+00:00] C:\wamp64\www\E-Commerce-Website-With-PHP-OOP-master\tests\unit\CustomerTest.php.INFO: ------------------------------------ [] []
[2019-12-04T21:08:31.455810+00:00] C:\wamp64\www\E-Commerce-Website-With-PHP-OOP-master\tests\unit\CustomerTest.php.INFO: STARTED: CustomerTest: Customer update [] []
[2019-12-04T21:08:31.459123+00:00] C:\wamp64\www\E-Commerce-Website-With-PHP-OOP-master\tests\unit\CustomerTest.php.INFO: PASSED [] []
[2019-12-04T21:20:24.314267+00:00] C:\wamp64\www\E-Commerce-Website-With-PHP-OOP-master\tests\unit\CustomerTest.php.INFO: ------------------------------------ [] []
[2019-12-04T21:20:24.315988+00:00] C:\wamp64\www\E-Commerce-Website-With-PHP-OOP-master\tests\unit\CustomerTest.php.INFO: STARTED: CustomerTest: Customer registration [] []
[2019-12-04T21:20:24.391731+00:00] C:\wamp64\www\E-Commerce-Website-With-PHP-OOP-master\tests\unit\CustomerTest.php.INFO: # Skipped # [] []
[2019-12-04T21:20:24.391890+00:00] C:\wamp64\www\E-Commerce-Website-With-PHP-OOP-master\tests\unit\CustomerTest.php.INFO: PASSED [] []
[2019-12-04T21:20:24.391994+00:00] C:\wamp64\www\E-Commerce-Website-With-PHP-OOP-master\tests\unit\CustomerTest.php.INFO: ------------------------------------ [] []
[2019-12-04T21:20:24.392065+00:00] C:\wamp64\www\E-Commerce-Website-With-PHP-OOP-master\tests\unit\CustomerTest.php.INFO: STARTED: CustomerTest: Customer login [] []
[2019-12-04T21:20:24.396908+00:00] C:\wamp64\www\E-Commerce-Website-With-PHP-OOP-master\tests\unit\CustomerTest.php.INFO: PASSED [] []
[2019-12-04T21:20:24.397090+00:00] C:\wamp64\www\E-Commerce-Website-With-PHP-OOP-master\tests\unit\CustomerTest.php.INFO: ------------------------------------ [] []
[2019-12-04T21:20:24.397158+00:00] C:\wamp64\www\E-Commerce-Website-With-PHP-OOP-master\tests\unit\CustomerTest.php.INFO: STARTED: CustomerTest: Get customer data [] []
[2019-12-04T21:20:24.418537+00:00] C:\wamp64\www\E-Commerce-Website-With-PHP-OOP-master\tests\unit\CustomerTest.php.INFO: PASSED [] []
[2019-12-04T21:20:24.418826+00:00] C:\wamp64\www\E-Commerce-Website-With-PHP-OOP-master\tests\unit\CustomerTest.php.INFO: ------------------------------------ [] []
[2019-12-04T21:20:24.418906+00:00] C:\wamp64\www\E-Commerce-Website-With-PHP-OOP-master\tests\unit\CustomerTest.php.INFO: STARTED: CustomerTest: Customer update [] []
[2019-12-04T21:20:24.423324+00:00] C:\wamp64\www\E-Commerce-Website-With-PHP-OOP-master\tests\unit\CustomerTest.php.INFO: PASSED [] []
[2019-12-04T21:31:22.971481+00:00] C:\wamp64\www\E-Commerce-Website-With-PHP-OOP-master\tests\unit\CustomerTest.php.INFO: ------------------------------------ [] []
[2019-12-04T21:31:22.973143+00:00] C:\wamp64\www\E-Commerce-Website-With-PHP-OOP-master\tests\unit\CustomerTest.php.INFO: STARTED: CustomerTest: Customer registration [] []
[2019-12-04T21:31:23.024942+00:00] C:\wamp64\www\E-Commerce-Website-With-PHP-OOP-master\tests\unit\CustomerTest.php.INFO: # Skipped # [] []
[2019-12-04T21:31:23.025117+00:00] C:\wamp64\www\E-Commerce-Website-With-PHP-OOP-master\tests\unit\CustomerTest.php.INFO: PASSED [] []
[2019-12-04T21:31:23.025237+00:00] C:\wamp64\www\E-Commerce-Website-With-PHP-OOP-master\tests\unit\CustomerTest.php.INFO: ------------------------------------ [] []
[2019-12-04T21:31:23.025301+00:00] C:\wamp64\www\E-Commerce-Website-With-PHP-OOP-master\tests\unit\CustomerTest.php.INFO: STARTED: CustomerTest: Customer login [] []
[2019-12-04T21:31:23.092095+00:00] C:\wamp64\www\E-Commerce-Website-With-PHP-OOP-master\tests\unit\CustomerTest.php.ALERT: Failed asserting that '<span class='error'>Email or Passowrd not matched!</span>' is null. [] []
[2019-12-04T21:31:23.092219+00:00] C:\wamp64\www\E-Commerce-Website-With-PHP-OOP-master\tests\unit\CustomerTest.php.INFO: # FAILED # [] []
[2019-12-04T21:31:23.092320+00:00] C:\wamp64\www\E-Commerce-Website-With-PHP-OOP-master\tests\unit\CustomerTest.php.INFO: PASSED [] []
[2019-12-04T21:31:23.092460+00:00] C:\wamp64\www\E-Commerce-Website-With-PHP-OOP-master\tests\unit\CustomerTest.php.INFO: ------------------------------------ [] []
[2019-12-04T21:31:23.092541+00:00] C:\wamp64\www\E-Commerce-Website-With-PHP-OOP-master\tests\unit\CustomerTest.php.INFO: STARTED: CustomerTest: Get customer data [] []
[2019-12-04T21:31:23.156390+00:00] C:\wamp64\www\E-Commerce-Website-With-PHP-OOP-master\tests\unit\CustomerTest.php.INFO: PASSED [] []
[2019-12-04T21:31:23.156625+00:00] C:\wamp64\www\E-Commerce-Website-With-PHP-OOP-master\tests\unit\CustomerTest.php.INFO: ------------------------------------ [] []
[2019-12-04T21:31:23.156721+00:00] C:\wamp64\www\E-Commerce-Website-With-PHP-OOP-master\tests\unit\CustomerTest.php.INFO: STARTED: CustomerTest: Customer update [] []
[2019-12-04T21:31:23.160566+00:00] C:\wamp64\www\E-Commerce-Website-With-PHP-OOP-master\tests\unit\CustomerTest.php.INFO: PASSED [] []
[2019-12-04T21:35:06.346210+00:00] C:\wamp64\www\E-Commerce-Website-With-PHP-OOP-master\tests\unit\CustomerTest.php.INFO: ------------------------------------ [] []
[2019-12-04T21:35:06.347567+00:00] C:\wamp64\www\E-Commerce-Website-With-PHP-OOP-master\tests\unit\CustomerTest.php.INFO: STARTED: CustomerTest: Customer registration [] []
[2019-12-04T21:35:06.381399+00:00] C:\wamp64\www\E-Commerce-Website-With-PHP-OOP-master\tests\unit\CustomerTest.php.INFO: # Skipped # [] []
[2019-12-04T21:35:06.381576+00:00] C:\wamp64\www\E-Commerce-Website-With-PHP-OOP-master\tests\unit\CustomerTest.php.INFO: PASSED [] []
[2019-12-04T21:35:06.381693+00:00] C:\wamp64\www\E-Commerce-Website-With-PHP-OOP-master\tests\unit\CustomerTest.php.INFO: ------------------------------------ [] []
[2019-12-04T21:35:06.381753+00:00] C:\wamp64\www\E-Commerce-Website-With-PHP-OOP-master\tests\unit\CustomerTest.php.INFO: STARTED: CustomerTest: Customer login [] []
[2019-12-04T21:35:06.394802+00:00] C:\wamp64\www\E-Commerce-Website-With-PHP-OOP-master\tests\unit\CustomerTest.php.ALERT: Failed asserting that '<span class='error'>Email or Passowrd not matched!</span>' is null. [] []
[2019-12-04T21:35:06.394924+00:00] C:\wamp64\www\E-Commerce-Website-With-PHP-OOP-master\tests\unit\CustomerTest.php.INFO: # FAILED # [] []
[2019-12-04T21:35:06.395013+00:00] C:\wamp64\www\E-Commerce-Website-With-PHP-OOP-master\tests\unit\CustomerTest.php.INFO: PASSED [] []
[2019-12-04T21:35:06.395117+00:00] C:\wamp64\www\E-Commerce-Website-With-PHP-OOP-master\tests\unit\CustomerTest.php.INFO: ------------------------------------ [] []
[2019-12-04T21:35:06.395174+00:00] C:\wamp64\www\E-Commerce-Website-With-PHP-OOP-master\tests\unit\CustomerTest.php.INFO: STARTED: CustomerTest: Get customer data [] []
[2019-12-04T21:35:06.428964+00:00] C:\wamp64\www\E-Commerce-Website-With-PHP-OOP-master\tests\unit\CustomerTest.php.INFO: PASSED [] []
[2019-12-04T21:35:06.429250+00:00] C:\wamp64\www\E-Commerce-Website-With-PHP-OOP-master\tests\unit\CustomerTest.php.INFO: ------------------------------------ [] []
[2019-12-04T21:35:06.429368+00:00] C:\wamp64\www\E-Commerce-Website-With-PHP-OOP-master\tests\unit\CustomerTest.php.INFO: STARTED: CustomerTest: Customer update [] []
[2019-12-04T21:35:06.459422+00:00] C:\wamp64\www\E-Commerce-Website-With-PHP-OOP-master\tests\unit\CustomerTest.php.INFO: PASSED [] []
[2019-12-04T21:36:36.774019+00:00] C:\wamp64\www\E-Commerce-Website-With-PHP-OOP-master\tests\unit\CustomerTest.php.INFO: ------------------------------------ [] []
[2019-12-04T21:36:36.775652+00:00] C:\wamp64\www\E-Commerce-Website-With-PHP-OOP-master\tests\unit\CustomerTest.php.INFO: STARTED: CustomerTest: Customer registration [] []
[2019-12-04T21:36:36.859146+00:00] C:\wamp64\www\E-Commerce-Website-With-PHP-OOP-master\tests\unit\CustomerTest.php.INFO: # Skipped # [] []
[2019-12-04T21:36:36.859525+00:00] C:\wamp64\www\E-Commerce-Website-With-PHP-OOP-master\tests\unit\CustomerTest.php.INFO: PASSED [] []
[2019-12-04T21:36:36.859701+00:00] C:\wamp64\www\E-Commerce-Website-With-PHP-OOP-master\tests\unit\CustomerTest.php.INFO: ------------------------------------ [] []
[2019-12-04T21:36:36.859791+00:00] C:\wamp64\www\E-Commerce-Website-With-PHP-OOP-master\tests\unit\CustomerTest.php.INFO: STARTED: CustomerTest: Customer login [] []
[2019-12-04T21:36:36.868188+00:00] C:\wamp64\www\E-Commerce-Website-With-PHP-OOP-master\tests\unit\CustomerTest.php.ALERT: Failed asserting that '<span class='error'>Email or Passowrd not matched!</span>' is null. [] []
[2019-12-04T21:36:36.868385+00:00] C:\wamp64\www\E-Commerce-Website-With-PHP-OOP-master\tests\unit\CustomerTest.php.INFO: # FAILED # [] []
[2019-12-04T21:36:36.868544+00:00] C:\wamp64\www\E-Commerce-Website-With-PHP-OOP-master\tests\unit\CustomerTest.php.INFO: PASSED [] []
[2019-12-04T21:36:36.868773+00:00] C:\wamp64\www\E-Commerce-Website-With-PHP-OOP-master\tests\unit\CustomerTest.php.INFO: ------------------------------------ [] []
[2019-12-04T21:36:36.868901+00:00] C:\wamp64\www\E-Commerce-Website-With-PHP-OOP-master\tests\unit\CustomerTest.php.INFO: STARTED: CustomerTest: Get customer data [] []
[2019-12-04T21:36:36.874828+00:00] C:\wamp64\www\E-Commerce-Website-With-PHP-OOP-master\tests\unit\CustomerTest.php.INFO: PASSED [] []
[2019-12-04T21:36:36.875036+00:00] C:\wamp64\www\E-Commerce-Website-With-PHP-OOP-master\tests\unit\CustomerTest.php.INFO: ------------------------------------ [] []
[2019-12-04T21:36:36.875146+00:00] C:\wamp64\www\E-Commerce-Website-With-PHP-OOP-master\tests\unit\CustomerTest.php.INFO: STARTED: CustomerTest: Customer update [] []
[2019-12-04T21:36:36.878946+00:00] C:\wamp64\www\E-Commerce-Website-With-PHP-OOP-master\tests\unit\CustomerTest.php.INFO: PASSED [] []
[2019-12-04T21:40:35.623716+00:00] C:\wamp64\www\E-Commerce-Website-With-PHP-OOP-master\tests\unit\CustomerTest.php.INFO: ------------------------------------ [] []
[2019-12-04T21:40:35.625572+00:00] C:\wamp64\www\E-Commerce-Website-With-PHP-OOP-master\tests\unit\CustomerTest.php.INFO: STARTED: CustomerTest: Customer registration [] []
[2019-12-04T21:40:35.657510+00:00] C:\wamp64\www\E-Commerce-Website-With-PHP-OOP-master\tests\unit\CustomerTest.php.INFO: # Skipped # [] []
[2019-12-04T21:40:35.657648+00:00] C:\wamp64\www\E-Commerce-Website-With-PHP-OOP-master\tests\unit\CustomerTest.php.INFO: PASSED [] []
[2019-12-04T21:40:35.657790+00:00] C:\wamp64\www\E-Commerce-Website-With-PHP-OOP-master\tests\unit\CustomerTest.php.INFO: ------------------------------------ [] []
[2019-12-04T21:40:35.657853+00:00] C:\wamp64\www\E-Commerce-Website-With-PHP-OOP-master\tests\unit\CustomerTest.php.INFO: STARTED: CustomerTest: Customer login [] []
[2019-12-04T21:40:35.696564+00:00] C:\wamp64\www\E-Commerce-Website-With-PHP-OOP-master\tests\unit\CustomerTest.php.ALERT: Class 'Session' not found [] []
[2019-12-04T21:40:35.696883+00:00] C:\wamp64\www\E-Commerce-Website-With-PHP-OOP-master\tests\unit\CustomerTest.php.INFO: # ERROR # [] []
[2019-12-04T21:40:35.697026+00:00] C:\wamp64\www\E-Commerce-Website-With-PHP-OOP-master\tests\unit\CustomerTest.php.INFO: PASSED [] []
[2019-12-04T21:40:35.697188+00:00] C:\wamp64\www\E-Commerce-Website-With-PHP-OOP-master\tests\unit\CustomerTest.php.INFO: ------------------------------------ [] []
[2019-12-04T21:40:35.697287+00:00] C:\wamp64\www\E-Commerce-Website-With-PHP-OOP-master\tests\unit\CustomerTest.php.INFO: STARTED: CustomerTest: Get customer data [] []
[2019-12-04T21:40:35.736367+00:00] C:\wamp64\www\E-Commerce-Website-With-PHP-OOP-master\tests\unit\CustomerTest.php.INFO: PASSED [] []
[2019-12-04T21:40:35.736602+00:00] C:\wamp64\www\E-Commerce-Website-With-PHP-OOP-master\tests\unit\CustomerTest.php.INFO: ------------------------------------ [] []
[2019-12-04T21:40:35.736709+00:00] C:\wamp64\www\E-Commerce-Website-With-PHP-OOP-master\tests\unit\CustomerTest.php.INFO: STARTED: CustomerTest: Customer update [] []
[2019-12-04T21:40:35.741917+00:00] C:\wamp64\www\E-Commerce-Website-With-PHP-OOP-master\tests\unit\CustomerTest.php.INFO: PASSED [] []
[2019-12-04T21:42:17.269360+00:00] C:\wamp64\www\E-Commerce-Website-With-PHP-OOP-master\tests\unit\CustomerTest.php.INFO: ------------------------------------ [] []
[2019-12-04T21:42:17.270697+00:00] C:\wamp64\www\E-Commerce-Website-With-PHP-OOP-master\tests\unit\CustomerTest.php.INFO: STARTED: CustomerTest: Customer registration [] []
[2019-12-04T21:42:17.304197+00:00] C:\wamp64\www\E-Commerce-Website-With-PHP-OOP-master\tests\unit\CustomerTest.php.INFO: # Skipped # [] []
[2019-12-04T21:42:17.304466+00:00] C:\wamp64\www\E-Commerce-Website-With-PHP-OOP-master\tests\unit\CustomerTest.php.INFO: PASSED [] []
[2019-12-04T21:42:17.304591+00:00] C:\wamp64\www\E-Commerce-Website-With-PHP-OOP-master\tests\unit\CustomerTest.php.INFO: ------------------------------------ [] []
[2019-12-04T21:42:17.304653+00:00] C:\wamp64\www\E-Commerce-Website-With-PHP-OOP-master\tests\unit\CustomerTest.php.INFO: STARTED: CustomerTest: Customer login [] []
[2019-12-04T21:42:17.340941+00:00] C:\wamp64\www\E-Commerce-Website-With-PHP-OOP-master\tests\unit\CustomerTest.php.ALERT: Class 'Session' not found [] []
[2019-12-04T21:42:17.341102+00:00] C:\wamp64\www\E-Commerce-Website-With-PHP-OOP-master\tests\unit\CustomerTest.php.INFO: # ERROR # [] []
[2019-12-04T21:42:17.341226+00:00] C:\wamp64\www\E-Commerce-Website-With-PHP-OOP-master\tests\unit\CustomerTest.php.INFO: PASSED [] []
[2019-12-04T21:42:17.341514+00:00] C:\wamp64\www\E-Commerce-Website-With-PHP-OOP-master\tests\unit\CustomerTest.php.INFO: ------------------------------------ [] []
[2019-12-04T21:42:17.341645+00:00] C:\wamp64\www\E-Commerce-Website-With-PHP-OOP-master\tests\unit\CustomerTest.php.INFO: STARTED: CustomerTest: Get customer data [] []
[2019-12-04T21:42:17.348021+00:00] C:\wamp64\www\E-Commerce-Website-With-PHP-OOP-master\tests\unit\CustomerTest.php.INFO: PASSED [] []
[2019-12-04T21:42:17.348187+00:00] C:\wamp64\www\E-Commerce-Website-With-PHP-OOP-master\tests\unit\CustomerTest.php.INFO: ------------------------------------ [] []
[2019-12-04T21:42:17.348256+00:00] C:\wamp64\www\E-Commerce-Website-With-PHP-OOP-master\tests\unit\CustomerTest.php.INFO: STARTED: CustomerTest: Customer update [] []
[2019-12-04T21:42:17.374086+00:00] C:\wamp64\www\E-Commerce-Website-With-PHP-OOP-master\tests\unit\CustomerTest.php.INFO: PASSED [] []
[2019-12-04T21:42:42.839352+00:00] C:\wamp64\www\E-Commerce-Website-With-PHP-OOP-master\tests\unit\CustomerTest.php.INFO: ------------------------------------ [] []
[2019-12-04T21:42:42.840704+00:00] C:\wamp64\www\E-Commerce-Website-With-PHP-OOP-master\tests\unit\CustomerTest.php.INFO: STARTED: CustomerTest: Customer registration [] []
[2019-12-04T21:42:42.874354+00:00] C:\wamp64\www\E-Commerce-Website-With-PHP-OOP-master\tests\unit\CustomerTest.php.INFO: # Skipped # [] []
[2019-12-04T21:42:42.874498+00:00] C:\wamp64\www\E-Commerce-Website-With-PHP-OOP-master\tests\unit\CustomerTest.php.INFO: PASSED [] []
[2019-12-04T21:42:42.874697+00:00] C:\wamp64\www\E-Commerce-Website-With-PHP-OOP-master\tests\unit\CustomerTest.php.INFO: ------------------------------------ [] []
[2019-12-04T21:42:42.874768+00:00] C:\wamp64\www\E-Commerce-Website-With-PHP-OOP-master\tests\unit\CustomerTest.php.INFO: STARTED: CustomerTest: Customer login [] []
[2019-12-04T21:42:42.880897+00:00] C:\wamp64\www\E-Commerce-Website-With-PHP-OOP-master\tests\unit\CustomerTest.php.ALERT: Class 'Session' not found [] []
[2019-12-04T21:42:42.881019+00:00] C:\wamp64\www\E-Commerce-Website-With-PHP-OOP-master\tests\unit\CustomerTest.php.INFO: # ERROR # [] []
[2019-12-04T21:42:42.881142+00:00] C:\wamp64\www\E-Commerce-Website-With-PHP-OOP-master\tests\unit\CustomerTest.php.INFO: PASSED [] []
[2019-12-04T21:42:42.881253+00:00] C:\wamp64\www\E-Commerce-Website-With-PHP-OOP-master\tests\unit\CustomerTest.php.INFO: ------------------------------------ [] []
[2019-12-04T21:42:42.881311+00:00] C:\wamp64\www\E-Commerce-Website-With-PHP-OOP-master\tests\unit\CustomerTest.php.INFO: STARTED: CustomerTest: Get customer data [] []
[2019-12-04T21:42:42.907217+00:00] C:\wamp64\www\E-Commerce-Website-With-PHP-OOP-master\tests\unit\CustomerTest.php.INFO: PASSED [] []
[2019-12-04T21:42:42.907472+00:00] C:\wamp64\www\E-Commerce-Website-With-PHP-OOP-master\tests\unit\CustomerTest.php.INFO: ------------------------------------ [] []
[2019-12-04T21:42:42.907600+00:00] C:\wamp64\www\E-Commerce-Website-With-PHP-OOP-master\tests\unit\CustomerTest.php.INFO: STARTED: CustomerTest: Customer update [] []
[2019-12-04T21:42:42.912331+00:00] C:\wamp64\www\E-Commerce-Website-With-PHP-OOP-master\tests\unit\CustomerTest.php.INFO: PASSED [] []
[2019-12-04T21:54:16.701434+00:00] C:\wamp64\www\E-Commerce-Website-With-PHP-OOP-master\tests\unit\CustomerTest.php.INFO: ------------------------------------ [] []
[2019-12-04T21:54:16.702971+00:00] C:\wamp64\www\E-Commerce-Website-With-PHP-OOP-master\tests\unit\CustomerTest.php.INFO: STARTED: CustomerTest: Customer registration [] []
[2019-12-04T21:54:16.763409+00:00] C:\wamp64\www\E-Commerce-Website-With-PHP-OOP-master\tests\unit\CustomerTest.php.INFO: # Skipped # [] []
[2019-12-04T21:54:16.763620+00:00] C:\wamp64\www\E-Commerce-Website-With-PHP-OOP-master\tests\unit\CustomerTest.php.INFO: PASSED [] []
[2019-12-04T21:54:16.763734+00:00] C:\wamp64\www\E-Commerce-Website-With-PHP-OOP-master\tests\unit\CustomerTest.php.INFO: ------------------------------------ [] []
[2019-12-04T21:54:16.763835+00:00] C:\wamp64\www\E-Commerce-Website-With-PHP-OOP-master\tests\unit\CustomerTest.php.INFO: STARTED: CustomerTest: Customer login [] []
[2019-12-04T21:54:16.798679+00:00] C:\wamp64\www\E-Commerce-Website-With-PHP-OOP-master\tests\unit\CustomerTest.php.INFO: PASSED [] []
[2019-12-04T21:54:16.798936+00:00] C:\wamp64\www\E-Commerce-Website-With-PHP-OOP-master\tests\unit\CustomerTest.php.INFO: ------------------------------------ [] []
[2019-12-04T21:54:16.799051+00:00] C:\wamp64\www\E-Commerce-Website-With-PHP-OOP-master\tests\unit\CustomerTest.php.INFO: STARTED: CustomerTest: Get customer data [] []
[2019-12-04T21:54:16.832041+00:00] C:\wamp64\www\E-Commerce-Website-With-PHP-OOP-master\tests\unit\CustomerTest.php.INFO: PASSED [] []
[2019-12-04T21:54:16.832311+00:00] C:\wamp64\www\E-Commerce-Website-With-PHP-OOP-master\tests\unit\CustomerTest.php.INFO: ------------------------------------ [] []
[2019-12-04T21:54:16.832432+00:00] C:\wamp64\www\E-Commerce-Website-With-PHP-OOP-master\tests\unit\CustomerTest.php.INFO: STARTED: CustomerTest: Customer update [] []
[2019-12-04T21:54:16.860755+00:00] C:\wamp64\www\E-Commerce-Website-With-PHP-OOP-master\tests\unit\CustomerTest.php.INFO: PASSED [] []
[2019-12-04T21:55:55.331007+00:00] C:\wamp64\www\E-Commerce-Website-With-PHP-OOP-master\tests\unit\CustomerTest.php.INFO: ------------------------------------ [] []
[2019-12-04T21:55:55.332447+00:00] C:\wamp64\www\E-Commerce-Website-With-PHP-OOP-master\tests\unit\CustomerTest.php.INFO: STARTED: CustomerTest: Customer registration [] []
[2019-12-04T21:55:55.362473+00:00] C:\wamp64\www\E-Commerce-Website-With-PHP-OOP-master\tests\unit\CustomerTest.php.INFO: # Skipped # [] []
[2019-12-04T21:55:55.362651+00:00] C:\wamp64\www\E-Commerce-Website-With-PHP-OOP-master\tests\unit\CustomerTest.php.INFO: PASSED [] []
[2019-12-04T21:55:55.362771+00:00] C:\wamp64\www\E-Commerce-Website-With-PHP-OOP-master\tests\unit\CustomerTest.php.INFO: ------------------------------------ [] []
[2019-12-04T21:55:55.362831+00:00] C:\wamp64\www\E-Commerce-Website-With-PHP-OOP-master\tests\unit\CustomerTest.php.INFO: STARTED: CustomerTest: Customer login [] []
[2019-12-04T21:55:55.367785+00:00] C:\wamp64\www\E-Commerce-Website-With-PHP-OOP-master\tests\unit\CustomerTest.php.INFO: PASSED [] []
[2019-12-04T21:55:55.368000+00:00] C:\wamp64\www\E-Commerce-Website-With-PHP-OOP-master\tests\unit\CustomerTest.php.INFO: ------------------------------------ [] []
[2019-12-04T21:55:55.368162+00:00] C:\wamp64\www\E-Commerce-Website-With-PHP-OOP-master\tests\unit\CustomerTest.php.INFO: STARTED: CustomerTest: Get customer data [] []
[2019-12-04T21:55:55.411042+00:00] C:\wamp64\www\E-Commerce-Website-With-PHP-OOP-master\tests\unit\CustomerTest.php.ALERT: Argument #2 of PHPUnit\Framework\Assert::assertCount() must be a countable or iterable [] []
[2019-12-04T21:55:55.411195+00:00] C:\wamp64\www\E-Commerce-Website-With-PHP-OOP-master\tests\unit\CustomerTest.php.INFO: # ERROR # [] []
[2019-12-04T21:55:55.411346+00:00] C:\wamp64\www\E-Commerce-Website-With-PHP-OOP-master\tests\unit\CustomerTest.php.INFO: PASSED [] []
[2019-12-04T21:55:55.411551+00:00] C:\wamp64\www\E-Commerce-Website-With-PHP-OOP-master\tests\unit\CustomerTest.php.INFO: ------------------------------------ [] []
[2019-12-04T21:55:55.411685+00:00] C:\wamp64\www\E-Commerce-Website-With-PHP-OOP-master\tests\unit\CustomerTest.php.INFO: STARTED: CustomerTest: Customer update [] []
[2019-12-04T21:55:55.416152+00:00] C:\wamp64\www\E-Commerce-Website-With-PHP-OOP-master\tests\unit\CustomerTest.php.INFO: PASSED [] []
[2019-12-04T21:56:49.416444+00:00] C:\wamp64\www\E-Commerce-Website-With-PHP-OOP-master\tests\unit\CustomerTest.php.INFO: ------------------------------------ [] []
[2019-12-04T21:56:49.418322+00:00] C:\wamp64\www\E-Commerce-Website-With-PHP-OOP-master\tests\unit\CustomerTest.php.INFO: STARTED: CustomerTest: Customer registration [] []
[2019-12-04T21:56:49.501694+00:00] C:\wamp64\www\E-Commerce-Website-With-PHP-OOP-master\tests\unit\CustomerTest.php.INFO: # Skipped # [] []
[2019-12-04T21:56:49.502083+00:00] C:\wamp64\www\E-Commerce-Website-With-PHP-OOP-master\tests\unit\CustomerTest.php.INFO: PASSED [] []
[2019-12-04T21:56:49.502289+00:00] C:\wamp64\www\E-Commerce-Website-With-PHP-OOP-master\tests\unit\CustomerTest.php.INFO: ------------------------------------ [] []
[2019-12-04T21:56:49.502412+00:00] C:\wamp64\www\E-Commerce-Website-With-PHP-OOP-master\tests\unit\CustomerTest.php.INFO: STARTED: CustomerTest: Customer login [] []
[2019-12-04T21:56:49.544776+00:00] C:\wamp64\www\E-Commerce-Website-With-PHP-OOP-master\tests\unit\CustomerTest.php.INFO: PASSED [] []
[2019-12-04T21:56:49.544968+00:00] C:\wamp64\www\E-Commerce-Website-With-PHP-OOP-master\tests\unit\CustomerTest.php.INFO: ------------------------------------ [] []
[2019-12-04T21:56:49.545049+00:00] C:\wamp64\www\E-Commerce-Website-With-PHP-OOP-master\tests\unit\CustomerTest.php.INFO: STARTED: CustomerTest: Get customer data [] []
[2019-12-04T21:56:49.549397+00:00] C:\wamp64\www\E-Commerce-Website-With-PHP-OOP-master\tests\unit\CustomerTest.php.ALERT: Call to a member function fetch_assoc() on bool [] []
[2019-12-04T21:56:49.549529+00:00] C:\wamp64\www\E-Commerce-Website-With-PHP-OOP-master\tests\unit\CustomerTest.php.INFO: # ERROR # [] []
[2019-12-04T21:56:49.549667+00:00] C:\wamp64\www\E-Commerce-Website-With-PHP-OOP-master\tests\unit\CustomerTest.php.INFO: PASSED [] []
[2019-12-04T21:56:49.549847+00:00] C:\wamp64\www\E-Commerce-Website-With-PHP-OOP-master\tests\unit\CustomerTest.php.INFO: ------------------------------------ [] []
[2019-12-04T21:56:49.549943+00:00] C:\wamp64\www\E-Commerce-Website-With-PHP-OOP-master\tests\unit\CustomerTest.php.INFO: STARTED: CustomerTest: Customer update [] []
[2019-12-04T21:56:49.587179+00:00] C:\wamp64\www\E-Commerce-Website-With-PHP-OOP-master\tests\unit\CustomerTest.php.INFO: PASSED [] []
[2019-12-04T22:01:39.365990+00:00] C:\wamp64\www\E-Commerce-Website-With-PHP-OOP-master\tests\unit\CustomerTest.php.INFO: ------------------------------------ [] []
[2019-12-04T22:01:39.367717+00:00] C:\wamp64\www\E-Commerce-Website-With-PHP-OOP-master\tests\unit\CustomerTest.php.INFO: STARTED: CustomerTest: Customer registration [] []
[2019-12-04T22:01:39.398764+00:00] C:\wamp64\www\E-Commerce-Website-With-PHP-OOP-master\tests\unit\CustomerTest.php.INFO: # Skipped # [] []
[2019-12-04T22:01:39.398932+00:00] C:\wamp64\www\E-Commerce-Website-With-PHP-OOP-master\tests\unit\CustomerTest.php.INFO: PASSED [] []
[2019-12-04T22:01:39.399034+00:00] C:\wamp64\www\E-Commerce-Website-With-PHP-OOP-master\tests\unit\CustomerTest.php.INFO: ------------------------------------ [] []
[2019-12-04T22:01:39.399087+00:00] C:\wamp64\www\E-Commerce-Website-With-PHP-OOP-master\tests\unit\CustomerTest.php.INFO: STARTED: CustomerTest: Customer login [] []
[2019-12-04T22:01:39.413563+00:00] C:\wamp64\www\E-Commerce-Website-With-PHP-OOP-master\tests\unit\CustomerTest.php.INFO: PASSED [] []
[2019-12-04T22:01:39.413769+00:00] C:\wamp64\www\E-Commerce-Website-With-PHP-OOP-master\tests\unit\CustomerTest.php.INFO: ------------------------------------ [] []
[2019-12-04T22:01:39.413854+00:00] C:\wamp64\www\E-Commerce-Website-With-PHP-OOP-master\tests\unit\CustomerTest.php.INFO: STARTED: CustomerTest: Get customer data [] []
[2019-12-04T22:01:39.418527+00:00] C:\wamp64\www\E-Commerce-Website-With-PHP-OOP-master\tests\unit\CustomerTest.php.ALERT: Call to a member function fetch_array() on bool [] []
[2019-12-04T22:01:39.418644+00:00] C:\wamp64\www\E-Commerce-Website-With-PHP-OOP-master\tests\unit\CustomerTest.php.INFO: # ERROR # [] []
[2019-12-04T22:01:39.418773+00:00] C:\wamp64\www\E-Commerce-Website-With-PHP-OOP-master\tests\unit\CustomerTest.php.INFO: PASSED [] []
[2019-12-04T22:01:39.418942+00:00] C:\wamp64\www\E-Commerce-Website-With-PHP-OOP-master\tests\unit\CustomerTest.php.INFO: ------------------------------------ [] []
[2019-12-04T22:01:39.419043+00:00] C:\wamp64\www\E-Commerce-Website-With-PHP-OOP-master\tests\unit\CustomerTest.php.INFO: STARTED: CustomerTest: Customer update [] []
[2019-12-04T22:01:39.443380+00:00] C:\wamp64\www\E-Commerce-Website-With-PHP-OOP-master\tests\unit\CustomerTest.php.INFO: PASSED [] []
[2019-12-04T22:03:04.763791+00:00] C:\wamp64\www\E-Commerce-Website-With-PHP-OOP-master\tests\unit\CustomerTest.php.INFO: ------------------------------------ [] []
[2019-12-04T22:03:04.765239+00:00] C:\wamp64\www\E-Commerce-Website-With-PHP-OOP-master\tests\unit\CustomerTest.php.INFO: STARTED: CustomerTest: Customer registration [] []
[2019-12-04T22:03:04.795115+00:00] C:\wamp64\www\E-Commerce-Website-With-PHP-OOP-master\tests\unit\CustomerTest.php.INFO: # Skipped # [] []
[2019-12-04T22:03:04.795248+00:00] C:\wamp64\www\E-Commerce-Website-With-PHP-OOP-master\tests\unit\CustomerTest.php.INFO: PASSED [] []
[2019-12-04T22:03:04.795354+00:00] C:\wamp64\www\E-Commerce-Website-With-PHP-OOP-master\tests\unit\CustomerTest.php.INFO: ------------------------------------ [] []
[2019-12-04T22:03:04.795411+00:00] C:\wamp64\www\E-Commerce-Website-With-PHP-OOP-master\tests\unit\CustomerTest.php.INFO: STARTED: CustomerTest: Customer login [] []
[2019-12-04T22:03:04.806819+00:00] C:\wamp64\www\E-Commerce-Website-With-PHP-OOP-master\tests\unit\CustomerTest.php.INFO: PASSED [] []
[2019-12-04T22:03:04.807129+00:00] C:\wamp64\www\E-Commerce-Website-With-PHP-OOP-master\tests\unit\CustomerTest.php.INFO: ------------------------------------ [] []
[2019-12-04T22:03:04.807267+00:00] C:\wamp64\www\E-Commerce-Website-With-PHP-OOP-master\tests\unit\CustomerTest.php.INFO: STARTED: CustomerTest: Get customer data [] []
[2019-12-04T22:03:04.812935+00:00] C:\wamp64\www\E-Commerce-Website-With-PHP-OOP-master\tests\unit\CustomerTest.php.ALERT: Call to a member function fetch_array() on bool [] []
[2019-12-04T22:03:04.813101+00:00] C:\wamp64\www\E-Commerce-Website-With-PHP-OOP-master\tests\unit\CustomerTest.php.INFO: # ERROR # [] []
[2019-12-04T22:03:04.813226+00:00] C:\wamp64\www\E-Commerce-Website-With-PHP-OOP-master\tests\unit\CustomerTest.php.INFO: PASSED [] []
[2019-12-04T22:03:04.813342+00:00] C:\wamp64\www\E-Commerce-Website-With-PHP-OOP-master\tests\unit\CustomerTest.php.INFO: ------------------------------------ [] []
[2019-12-04T22:03:04.813407+00:00] C:\wamp64\www\E-Commerce-Website-With-PHP-OOP-master\tests\unit\CustomerTest.php.INFO: STARTED: CustomerTest: Customer update [] []
[2019-12-04T22:03:04.816696+00:00] C:\wamp64\www\E-Commerce-Website-With-PHP-OOP-master\tests\unit\CustomerTest.php.INFO: PASSED [] []
[2019-12-04T22:04:05.127319+00:00] C:\wamp64\www\E-Commerce-Website-With-PHP-OOP-master\tests\unit\CustomerTest.php.INFO: ------------------------------------ [] []
[2019-12-04T22:04:05.128598+00:00] C:\wamp64\www\E-Commerce-Website-With-PHP-OOP-master\tests\unit\CustomerTest.php.INFO: STARTED: CustomerTest: Customer registration [] []
[2019-12-04T22:04:05.156663+00:00] C:\wamp64\www\E-Commerce-Website-With-PHP-OOP-master\tests\unit\CustomerTest.php.INFO: # Skipped # [] []
[2019-12-04T22:04:05.156892+00:00] C:\wamp64\www\E-Commerce-Website-With-PHP-OOP-master\tests\unit\CustomerTest.php.INFO: PASSED [] []
[2019-12-04T22:04:05.157021+00:00] C:\wamp64\www\E-Commerce-Website-With-PHP-OOP-master\tests\unit\CustomerTest.php.INFO: ------------------------------------ [] []
[2019-12-04T22:04:05.157084+00:00] C:\wamp64\www\E-Commerce-Website-With-PHP-OOP-master\tests\unit\CustomerTest.php.INFO: STARTED: CustomerTest: Customer login [] []
[2019-12-04T22:04:05.163294+00:00] C:\wamp64\www\E-Commerce-Website-With-PHP-OOP-master\tests\unit\CustomerTest.php.INFO: PASSED [] []
[2019-12-04T22:04:05.163501+00:00] C:\wamp64\www\E-Commerce-Website-With-PHP-OOP-master\tests\unit\CustomerTest.php.INFO: ------------------------------------ [] []
[2019-12-04T22:04:05.163567+00:00] C:\wamp64\www\E-Commerce-Website-With-PHP-OOP-master\tests\unit\CustomerTest.php.INFO: STARTED: CustomerTest: Get customer data [] []
[2019-12-04T22:04:05.190673+00:00] C:\wamp64\www\E-Commerce-Website-With-PHP-OOP-master\tests\unit\CustomerTest.php.ALERT: Failed asserting that actual size 1 matches expected size 3. [] []
[2019-12-04T22:04:05.190817+00:00] C:\wamp64\www\E-Commerce-Website-With-PHP-OOP-master\tests\unit\CustomerTest.php.INFO: # FAILED # [] []
[2019-12-04T22:04:05.190931+00:00] C:\wamp64\www\E-Commerce-Website-With-PHP-OOP-master\tests\unit\CustomerTest.php.INFO: PASSED [] []
[2019-12-04T22:04:05.191156+00:00] C:\wamp64\www\E-Commerce-Website-With-PHP-OOP-master\tests\unit\CustomerTest.php.INFO: ------------------------------------ [] []
[2019-12-04T22:04:05.191224+00:00] C:\wamp64\www\E-Commerce-Website-With-PHP-OOP-master\tests\unit\CustomerTest.php.INFO: STARTED: CustomerTest: Customer update [] []
[2019-12-04T22:04:05.195547+00:00] C:\wamp64\www\E-Commerce-Website-With-PHP-OOP-master\tests\unit\CustomerTest.php.INFO: PASSED [] []
[2019-12-04T22:05:27.093100+00:00] C:\wamp64\www\E-Commerce-Website-With-PHP-OOP-master\tests\unit\CustomerTest.php.INFO: ------------------------------------ [] []
[2019-12-04T22:05:27.094561+00:00] C:\wamp64\www\E-Commerce-Website-With-PHP-OOP-master\tests\unit\CustomerTest.php.INFO: STARTED: CustomerTest: Customer registration [] []
[2019-12-04T22:05:27.176622+00:00] C:\wamp64\www\E-Commerce-Website-With-PHP-OOP-master\tests\unit\CustomerTest.php.INFO: # Skipped # [] []
[2019-12-04T22:05:27.176798+00:00] C:\wamp64\www\E-Commerce-Website-With-PHP-OOP-master\tests\unit\CustomerTest.php.INFO: PASSED [] []
[2019-12-04T22:05:27.176970+00:00] C:\wamp64\www\E-Commerce-Website-With-PHP-OOP-master\tests\unit\CustomerTest.php.INFO: ------------------------------------ [] []
[2019-12-04T22:05:27.177048+00:00] C:\wamp64\www\E-Commerce-Website-With-PHP-OOP-master\tests\unit\CustomerTest.php.INFO: STARTED: CustomerTest: Customer login [] []
[2019-12-04T22:05:27.183840+00:00] C:\wamp64\www\E-Commerce-Website-With-PHP-OOP-master\tests\unit\CustomerTest.php.INFO: PASSED [] []
[2019-12-04T22:05:27.184087+00:00] C:\wamp64\www\E-Commerce-Website-With-PHP-OOP-master\tests\unit\CustomerTest.php.INFO: ------------------------------------ [] []
[2019-12-04T22:05:27.184192+00:00] C:\wamp64\www\E-Commerce-Website-With-PHP-OOP-master\tests\unit\CustomerTest.php.INFO: STARTED: CustomerTest: Get customer data [] []
[2019-12-04T22:05:27.211309+00:00] C:\wamp64\www\E-Commerce-Website-With-PHP-OOP-master\tests\unit\CustomerTest.php.ALERT: Failed asserting that actual size 1 matches expected size 3. [] []
[2019-12-04T22:05:27.211451+00:00] C:\wamp64\www\E-Commerce-Website-With-PHP-OOP-master\tests\unit\CustomerTest.php.INFO: # FAILED # [] []
[2019-12-04T22:05:27.211585+00:00] C:\wamp64\www\E-Commerce-Website-With-PHP-OOP-master\tests\unit\CustomerTest.php.INFO: PASSED [] []
[2019-12-04T22:05:27.211753+00:00] C:\wamp64\www\E-Commerce-Website-With-PHP-OOP-master\tests\unit\CustomerTest.php.INFO: ------------------------------------ [] []
[2019-12-04T22:05:27.211853+00:00] C:\wamp64\www\E-Commerce-Website-With-PHP-OOP-master\tests\unit\CustomerTest.php.INFO: STARTED: CustomerTest: Customer update [] []
[2019-12-04T22:05:27.216226+00:00] C:\wamp64\www\E-Commerce-Website-With-PHP-OOP-master\tests\unit\CustomerTest.php.INFO: PASSED [] []
[2019-12-04T22:07:24.218072+00:00] C:\wamp64\www\E-Commerce-Website-With-PHP-OOP-master\tests\unit\CustomerTest.php.INFO: ------------------------------------ [] []
[2019-12-04T22:07:24.219588+00:00] C:\wamp64\www\E-Commerce-Website-With-PHP-OOP-master\tests\unit\CustomerTest.php.INFO: STARTED: CustomerTest: Customer registration [] []
[2019-12-04T22:07:24.248686+00:00] C:\wamp64\www\E-Commerce-Website-With-PHP-OOP-master\tests\unit\CustomerTest.php.INFO: # Skipped # [] []
[2019-12-04T22:07:24.248969+00:00] C:\wamp64\www\E-Commerce-Website-With-PHP-OOP-master\tests\unit\CustomerTest.php.INFO: PASSED [] []
[2019-12-04T22:07:24.249108+00:00] C:\wamp64\www\E-Commerce-Website-With-PHP-OOP-master\tests\unit\CustomerTest.php.INFO: ------------------------------------ [] []
[2019-12-04T22:07:24.249174+00:00] C:\wamp64\www\E-Commerce-Website-With-PHP-OOP-master\tests\unit\CustomerTest.php.INFO: STARTED: CustomerTest: Customer login [] []
[2019-12-04T22:07:24.260748+00:00] C:\wamp64\www\E-Commerce-Website-With-PHP-OOP-master\tests\unit\CustomerTest.php.INFO: PASSED [] []
[2019-12-04T22:07:24.261043+00:00] C:\wamp64\www\E-Commerce-Website-With-PHP-OOP-master\tests\unit\CustomerTest.php.INFO: ------------------------------------ [] []
[2019-12-04T22:07:24.261182+00:00] C:\wamp64\www\E-Commerce-Website-With-PHP-OOP-master\tests\unit\CustomerTest.php.INFO: STARTED: CustomerTest: Get customer data [] []
[2019-12-04T22:07:24.267493+00:00] C:\wamp64\www\E-Commerce-Website-With-PHP-OOP-master\tests\unit\CustomerTest.php.INFO: PASSED [] []
[2019-12-04T22:07:24.267667+00:00] C:\wamp64\www\E-Commerce-Website-With-PHP-OOP-master\tests\unit\CustomerTest.php.INFO: ------------------------------------ [] []
[2019-12-04T22:07:24.267744+00:00] C:\wamp64\www\E-Commerce-Website-With-PHP-OOP-master\tests\unit\CustomerTest.php.INFO: STARTED: CustomerTest: Customer update [] []
[2019-12-04T22:07:24.289732+00:00] C:\wamp64\www\E-Commerce-Website-With-PHP-OOP-master\tests\unit\CustomerTest.php.INFO: PASSED [] []
[2019-12-04T22:58:11.792389+00:00] C:\wamp64\www\E-Commerce-Website-With-PHP-OOP-master\tests\unit\CustomerTest.php.INFO: ------------------------------------ [] []
[2019-12-04T22:58:11.794583+00:00] C:\wamp64\www\E-Commerce-Website-With-PHP-OOP-master\tests\unit\CustomerTest.php.INFO: STARTED: CustomerTest: Customer registration [] []
[2019-12-04T22:58:11.824352+00:00] C:\wamp64\www\E-Commerce-Website-With-PHP-OOP-master\tests\unit\CustomerTest.php.INFO: # Skipped # [] []
[2019-12-04T22:58:11.824489+00:00] C:\wamp64\www\E-Commerce-Website-With-PHP-OOP-master\tests\unit\CustomerTest.php.INFO: PASSED [] []
[2019-12-04T22:58:11.824599+00:00] C:\wamp64\www\E-Commerce-Website-With-PHP-OOP-master\tests\unit\CustomerTest.php.INFO: ------------------------------------ [] []
[2019-12-04T22:58:11.824724+00:00] C:\wamp64\www\E-Commerce-Website-With-PHP-OOP-master\tests\unit\CustomerTest.php.INFO: STARTED: CustomerTest: Customer login [] []
[2019-12-04T22:58:11.829257+00:00] C:\wamp64\www\E-Commerce-Website-With-PHP-OOP-master\tests\unit\CustomerTest.php.INFO: PASSED [] []
[2019-12-04T22:58:11.829420+00:00] C:\wamp64\www\E-Commerce-Website-With-PHP-OOP-master\tests\unit\CustomerTest.php.INFO: ------------------------------------ [] []
[2019-12-04T22:58:11.829493+00:00] C:\wamp64\www\E-Commerce-Website-With-PHP-OOP-master\tests\unit\CustomerTest.php.INFO: STARTED: CustomerTest: Get customer data [] []
[2019-12-04T22:58:11.887224+00:00] C:\wamp64\www\E-Commerce-Website-With-PHP-OOP-master\tests\unit\CustomerTest.php.INFO: PASSED [] []
[2019-12-04T22:58:11.887425+00:00] C:\wamp64\www\E-Commerce-Website-With-PHP-OOP-master\tests\unit\CustomerTest.php.INFO: ------------------------------------ [] []
[2019-12-04T22:58:11.887494+00:00] C:\wamp64\www\E-Commerce-Website-With-PHP-OOP-master\tests\unit\CustomerTest.php.INFO: STARTED: CustomerTest: Customer update [] []
[2019-12-04T22:58:11.897226+00:00] C:\wamp64\www\E-Commerce-Website-With-PHP-OOP-master\tests\unit\CustomerTest.php.INFO: PASSED [] []
[2019-12-04T22:59:49.703694+00:00] C:\wamp64\www\E-Commerce-Website-With-PHP-OOP-master\tests\unit\CustomerTest.php.INFO: ------------------------------------ [] []
[2019-12-04T22:59:49.705101+00:00] C:\wamp64\www\E-Commerce-Website-With-PHP-OOP-master\tests\unit\CustomerTest.php.INFO: STARTED: CustomerTest: Customer registration [] []
[2019-12-04T22:59:49.734918+00:00] C:\wamp64\www\E-Commerce-Website-With-PHP-OOP-master\tests\unit\CustomerTest.php.INFO: # Skipped # [] []
[2019-12-04T22:59:49.735078+00:00] C:\wamp64\www\E-Commerce-Website-With-PHP-OOP-master\tests\unit\CustomerTest.php.INFO: PASSED [] []
[2019-12-04T22:59:49.735182+00:00] C:\wamp64\www\E-Commerce-Website-With-PHP-OOP-master\tests\unit\CustomerTest.php.INFO: ------------------------------------ [] []
[2019-12-04T22:59:49.735235+00:00] C:\wamp64\www\E-Commerce-Website-With-PHP-OOP-master\tests\unit\CustomerTest.php.INFO: STARTED: CustomerTest: Customer login [] []
[2019-12-04T22:59:49.743744+00:00] C:\wamp64\www\E-Commerce-Website-With-PHP-OOP-master\tests\unit\CustomerTest.php.INFO: PASSED [] []
[2019-12-04T22:59:49.743994+00:00] C:\wamp64\www\E-Commerce-Website-With-PHP-OOP-master\tests\unit\CustomerTest.php.INFO: ------------------------------------ [] []
[2019-12-04T22:59:49.744102+00:00] C:\wamp64\www\E-Commerce-Website-With-PHP-OOP-master\tests\unit\CustomerTest.php.INFO: STARTED: CustomerTest: Get customer data [] []
[2019-12-04T22:59:49.770572+00:00] C:\wamp64\www\E-Commerce-Website-With-PHP-OOP-master\tests\unit\CustomerTest.php.INFO: PASSED [] []
[2019-12-04T22:59:49.770857+00:00] C:\wamp64\www\E-Commerce-Website-With-PHP-OOP-master\tests\unit\CustomerTest.php.INFO: ------------------------------------ [] []
[2019-12-04T22:59:49.770995+00:00] C:\wamp64\www\E-Commerce-Website-With-PHP-OOP-master\tests\unit\CustomerTest.php.INFO: STARTED: CustomerTest: Customer update [] []
[2019-12-04T22:59:49.827758+00:00] C:\wamp64\www\E-Commerce-Website-With-PHP-OOP-master\tests\unit\CustomerTest.php.INFO: PASSED [] []
[2019-12-04T23:01:40.081550+00:00] C:\wamp64\www\E-Commerce-Website-With-PHP-OOP-master\tests\unit\CustomerTest.php.INFO: ------------------------------------ [] []
[2019-12-04T23:01:40.083252+00:00] C:\wamp64\www\E-Commerce-Website-With-PHP-OOP-master\tests\unit\CustomerTest.php.INFO: STARTED: CustomerTest: Customer registration [] []
[2019-12-04T23:01:40.151978+00:00] C:\wamp64\www\E-Commerce-Website-With-PHP-OOP-master\tests\unit\CustomerTest.php.INFO: # Skipped # [] []
[2019-12-04T23:01:40.152207+00:00] C:\wamp64\www\E-Commerce-Website-With-PHP-OOP-master\tests\unit\CustomerTest.php.INFO: PASSED [] []
[2019-12-04T23:01:40.152377+00:00] C:\wamp64\www\E-Commerce-Website-With-PHP-OOP-master\tests\unit\CustomerTest.php.INFO: ------------------------------------ [] []
[2019-12-04T23:01:40.152618+00:00] C:\wamp64\www\E-Commerce-Website-With-PHP-OOP-master\tests\unit\CustomerTest.php.INFO: STARTED: CustomerTest: Customer login [] []
[2019-12-04T23:01:40.186673+00:00] C:\wamp64\www\E-Commerce-Website-With-PHP-OOP-master\tests\unit\CustomerTest.php.INFO: PASSED [] []
[2019-12-04T23:01:40.186966+00:00] C:\wamp64\www\E-Commerce-Website-With-PHP-OOP-master\tests\unit\CustomerTest.php.INFO: ------------------------------------ [] []
[2019-12-04T23:01:40.187221+00:00] C:\wamp64\www\E-Commerce-Website-With-PHP-OOP-master\tests\unit\CustomerTest.php.INFO: STARTED: CustomerTest: Get customer data [] []
[2019-12-04T23:01:40.219151+00:00] C:\wamp64\www\E-Commerce-Website-With-PHP-OOP-master\tests\unit\CustomerTest.php.INFO: PASSED [] []
[2019-12-04T23:01:40.219400+00:00] C:\wamp64\www\E-Commerce-Website-With-PHP-OOP-master\tests\unit\CustomerTest.php.INFO: ------------------------------------ [] []
[2019-12-04T23:01:40.219569+00:00] C:\wamp64\www\E-Commerce-Website-With-PHP-OOP-master\tests\unit\CustomerTest.php.INFO: STARTED: CustomerTest: Customer update [] []
[2019-12-04T23:01:40.274439+00:00] C:\wamp64\www\E-Commerce-Website-With-PHP-OOP-master\tests\unit\CustomerTest.php.INFO: PASSED [] []
[2019-12-04T23:02:23.289540+00:00] C:\wamp64\www\E-Commerce-Website-With-PHP-OOP-master\tests\unit\CustomerTest.php.INFO: ------------------------------------ [] []
[2019-12-04T23:02:23.291044+00:00] C:\wamp64\www\E-Commerce-Website-With-PHP-OOP-master\tests\unit\CustomerTest.php.INFO: STARTED: CustomerTest: Customer registration [] []
[2019-12-04T23:02:23.346265+00:00] C:\wamp64\www\E-Commerce-Website-With-PHP-OOP-master\tests\unit\CustomerTest.php.INFO: # Skipped # [] []
[2019-12-04T23:02:23.346408+00:00] C:\wamp64\www\E-Commerce-Website-With-PHP-OOP-master\tests\unit\CustomerTest.php.INFO: PASSED [] []
[2019-12-04T23:02:23.346522+00:00] C:\wamp64\www\E-Commerce-Website-With-PHP-OOP-master\tests\unit\CustomerTest.php.INFO: ------------------------------------ [] []
[2019-12-04T23:02:23.346584+00:00] C:\wamp64\www\E-Commerce-Website-With-PHP-OOP-master\tests\unit\CustomerTest.php.INFO: STARTED: CustomerTest: Customer login [] []
[2019-12-04T23:02:23.385724+00:00] C:\wamp64\www\E-Commerce-Website-With-PHP-OOP-master\tests\unit\CustomerTest.php.INFO: PASSED [] []
[2019-12-04T23:02:23.385982+00:00] C:\wamp64\www\E-Commerce-Website-With-PHP-OOP-master\tests\unit\CustomerTest.php.INFO: ------------------------------------ [] []
[2019-12-04T23:02:23.386085+00:00] C:\wamp64\www\E-Commerce-Website-With-PHP-OOP-master\tests\unit\CustomerTest.php.INFO: STARTED: CustomerTest: Get customer data [] []
[2019-12-04T23:02:23.419826+00:00] C:\wamp64\www\E-Commerce-Website-With-PHP-OOP-master\tests\unit\CustomerTest.php.INFO: PASSED [] []
[2019-12-04T23:02:23.420126+00:00] C:\wamp64\www\E-Commerce-Website-With-PHP-OOP-master\tests\unit\CustomerTest.php.INFO: ------------------------------------ [] []
[2019-12-04T23:02:23.420233+00:00] C:\wamp64\www\E-Commerce-Website-With-PHP-OOP-master\tests\unit\CustomerTest.php.INFO: STARTED: CustomerTest: Customer update [] []
[2019-12-04T23:02:23.480734+00:00] C:\wamp64\www\E-Commerce-Website-With-PHP-OOP-master\tests\unit\CustomerTest.php.INFO: PASSED [] []
[2019-12-04T23:02:38.604828+00:00] C:\wamp64\www\E-Commerce-Website-With-PHP-OOP-master\tests\unit\CustomerTest.php.INFO: ------------------------------------ [] []
[2019-12-04T23:02:38.606242+00:00] C:\wamp64\www\E-Commerce-Website-With-PHP-OOP-master\tests\unit\CustomerTest.php.INFO: STARTED: CustomerTest: Customer registration [] []
[2019-12-04T23:02:38.678088+00:00] C:\wamp64\www\E-Commerce-Website-With-PHP-OOP-master\tests\unit\CustomerTest.php.INFO: # Skipped # [] []
[2019-12-04T23:02:38.678393+00:00] C:\wamp64\www\E-Commerce-Website-With-PHP-OOP-master\tests\unit\CustomerTest.php.INFO: PASSED [] []
[2019-12-04T23:02:38.678604+00:00] C:\wamp64\www\E-Commerce-Website-With-PHP-OOP-master\tests\unit\CustomerTest.php.INFO: ------------------------------------ [] []
[2019-12-04T23:02:38.678832+00:00] C:\wamp64\www\E-Commerce-Website-With-PHP-OOP-master\tests\unit\CustomerTest.php.INFO: STARTED: CustomerTest: Customer login [] []
[2019-12-04T23:02:38.704831+00:00] C:\wamp64\www\E-Commerce-Website-With-PHP-OOP-master\tests\unit\CustomerTest.php.INFO: PASSED [] []
[2019-12-04T23:02:38.705076+00:00] C:\wamp64\www\E-Commerce-Website-With-PHP-OOP-master\tests\unit\CustomerTest.php.INFO: ------------------------------------ [] []
[2019-12-04T23:02:38.705187+00:00] C:\wamp64\www\E-Commerce-Website-With-PHP-OOP-master\tests\unit\CustomerTest.php.INFO: STARTED: CustomerTest: Get customer data [] []
[2019-12-04T23:02:38.711439+00:00] C:\wamp64\www\E-Commerce-Website-With-PHP-OOP-master\tests\unit\CustomerTest.php.INFO: PASSED [] []
[2019-12-04T23:02:38.711618+00:00] C:\wamp64\www\E-Commerce-Website-With-PHP-OOP-master\tests\unit\CustomerTest.php.INFO: ------------------------------------ [] []
[2019-12-04T23:02:38.711694+00:00] C:\wamp64\www\E-Commerce-Website-With-PHP-OOP-master\tests\unit\CustomerTest.php.INFO: STARTED: CustomerTest: Customer update [] []
[2019-12-04T23:02:38.742505+00:00] C:\wamp64\www\E-Commerce-Website-With-PHP-OOP-master\tests\unit\CustomerTest.php.INFO: PASSED [] []
[2019-12-04T23:02:46.531135+00:00] C:\wamp64\www\E-Commerce-Website-With-PHP-OOP-master\tests\unit\CustomerTest.php.INFO: ------------------------------------ [] []
[2019-12-04T23:02:46.532875+00:00] C:\wamp64\www\E-Commerce-Website-With-PHP-OOP-master\tests\unit\CustomerTest.php.INFO: STARTED: CustomerTest: Customer registration [] []
[2019-12-04T23:02:46.587455+00:00] C:\wamp64\www\E-Commerce-Website-With-PHP-OOP-master\tests\unit\CustomerTest.php.INFO: # Skipped # [] []
[2019-12-04T23:02:46.587585+00:00] C:\wamp64\www\E-Commerce-Website-With-PHP-OOP-master\tests\unit\CustomerTest.php.INFO: PASSED [] []
[2019-12-04T23:02:46.587682+00:00] C:\wamp64\www\E-Commerce-Website-With-PHP-OOP-master\tests\unit\CustomerTest.php.INFO: ------------------------------------ [] []
[2019-12-04T23:02:46.587732+00:00] C:\wamp64\www\E-Commerce-Website-With-PHP-OOP-master\tests\unit\CustomerTest.php.INFO: STARTED: CustomerTest: Customer login [] []
[2019-12-04T23:02:46.642058+00:00] C:\wamp64\www\E-Commerce-Website-With-PHP-OOP-master\tests\unit\CustomerTest.php.INFO: PASSED [] []
[2019-12-04T23:02:46.642237+00:00] C:\wamp64\www\E-Commerce-Website-With-PHP-OOP-master\tests\unit\CustomerTest.php.INFO: ------------------------------------ [] []
[2019-12-04T23:02:46.642299+00:00] C:\wamp64\www\E-Commerce-Website-With-PHP-OOP-master\tests\unit\CustomerTest.php.INFO: STARTED: CustomerTest: Get customer data [] []
[2019-12-04T23:02:46.690709+00:00] C:\wamp64\www\E-Commerce-Website-With-PHP-OOP-master\tests\unit\CustomerTest.php.INFO: PASSED [] []
[2019-12-04T23:02:46.690914+00:00] C:\wamp64\www\E-Commerce-Website-With-PHP-OOP-master\tests\unit\CustomerTest.php.INFO: ------------------------------------ [] []
[2019-12-04T23:02:46.690978+00:00] C:\wamp64\www\E-Commerce-Website-With-PHP-OOP-master\tests\unit\CustomerTest.php.INFO: STARTED: CustomerTest: Customer update [] []
[2019-12-04T23:02:46.744136+00:00] C:\wamp64\www\E-Commerce-Website-With-PHP-OOP-master\tests\unit\CustomerTest.php.INFO: PASSED [] []
[2019-12-04T23:30:52.352877+00:00] C:\wamp64\www\E-Commerce-Website-With-PHP-OOP-master\tests\unit\CustomerTest.php.INFO: ------------------------------------ [] []
[2019-12-04T23:30:52.354805+00:00] C:\wamp64\www\E-Commerce-Website-With-PHP-OOP-master\tests\unit\CustomerTest.php.INFO: STARTED: CustomerTest: Customer registration [] []
[2019-12-04T23:30:52.479020+00:00] C:\wamp64\www\E-Commerce-Website-With-PHP-OOP-master\tests\unit\CustomerTest.php.ALERT: Undefined property: CustomerTest::$db [] []
[2019-12-04T23:30:52.479137+00:00] C:\wamp64\www\E-Commerce-Website-With-PHP-OOP-master\tests\unit\CustomerTest.php.INFO: # ERROR # [] []
[2019-12-04T23:30:52.479237+00:00] C:\wamp64\www\E-Commerce-Website-With-PHP-OOP-master\tests\unit\CustomerTest.php.INFO: PASSED [] []
[2019-12-04T23:30:52.479336+00:00] C:\wamp64\www\E-Commerce-Website-With-PHP-OOP-master\tests\unit\CustomerTest.php.INFO: ------------------------------------ [] []
[2019-12-04T23:30:52.479455+00:00] C:\wamp64\www\E-Commerce-Website-With-PHP-OOP-master\tests\unit\CustomerTest.php.INFO: STARTED: CustomerTest: Customer login [] []
[2019-12-04T23:30:52.523321+00:00] C:\wamp64\www\E-Commerce-Website-With-PHP-OOP-master\tests\unit\CustomerTest.php.ALERT: Undefined property: CustomerTest::$db [] []
[2019-12-04T23:30:52.523466+00:00] C:\wamp64\www\E-Commerce-Website-With-PHP-OOP-master\tests\unit\CustomerTest.php.INFO: # ERROR # [] []
[2019-12-04T23:30:52.523609+00:00] C:\wamp64\www\E-Commerce-Website-With-PHP-OOP-master\tests\unit\CustomerTest.php.INFO: PASSED [] []
[2019-12-04T23:30:52.523796+00:00] C:\wamp64\www\E-Commerce-Website-With-PHP-OOP-master\tests\unit\CustomerTest.php.INFO: ------------------------------------ [] []
[2019-12-04T23:30:52.523890+00:00] C:\wamp64\www\E-Commerce-Website-With-PHP-OOP-master\tests\unit\CustomerTest.php.INFO: STARTED: CustomerTest: Get customer data [] []
[2019-12-04T23:30:52.560290+00:00] C:\wamp64\www\E-Commerce-Website-With-PHP-OOP-master\tests\unit\CustomerTest.php.ALERT: Undefined property: CustomerTest::$db [] []
[2019-12-04T23:30:52.560498+00:00] C:\wamp64\www\E-Commerce-Website-With-PHP-OOP-master\tests\unit\CustomerTest.php.INFO: # ERROR # [] []
[2019-12-04T23:30:52.560657+00:00] C:\wamp64\www\E-Commerce-Website-With-PHP-OOP-master\tests\unit\CustomerTest.php.INFO: PASSED [] []
[2019-12-04T23:30:52.560839+00:00] C:\wamp64\www\E-Commerce-Website-With-PHP-OOP-master\tests\unit\CustomerTest.php.INFO: ------------------------------------ [] []
[2019-12-04T23:30:52.560940+00:00] C:\wamp64\www\E-Commerce-Website-With-PHP-OOP-master\tests\unit\CustomerTest.php.INFO: STARTED: CustomerTest: Customer update [] []
[2019-12-04T23:30:52.622848+00:00] C:\wamp64\www\E-Commerce-Website-With-PHP-OOP-master\tests\unit\CustomerTest.php.ALERT: Undefined property: CustomerTest::$db [] []
[2019-12-04T23:30:52.622953+00:00] C:\wamp64\www\E-Commerce-Website-With-PHP-OOP-master\tests\unit\CustomerTest.php.INFO: # ERROR # [] []
[2019-12-04T23:30:52.623036+00:00] C:\wamp64\www\E-Commerce-Website-With-PHP-OOP-master\tests\unit\CustomerTest.php.INFO: PASSED [] []
[2019-12-04T23:33:51.487259+00:00] C:\wamp64\www\E-Commerce-Website-With-PHP-OOP-master\tests\unit\CustomerTest.php.INFO: ------------------------------------ [] []
[2019-12-04T23:33:51.488652+00:00] C:\wamp64\www\E-Commerce-Website-With-PHP-OOP-master\tests\unit\CustomerTest.php.INFO: STARTED: CustomerTest: Customer registration [] []
[2019-12-04T23:33:51.616821+00:00] C:\wamp64\www\E-Commerce-Website-With-PHP-OOP-master\tests\unit\CustomerTest.php.ALERT: Undefined property: CustomerTest::$db [] []
[2019-12-04T23:33:51.616933+00:00] C:\wamp64\www\E-Commerce-Website-With-PHP-OOP-master\tests\unit\CustomerTest.php.INFO: # ERROR # [] []
[2019-12-04T23:33:51.617026+00:00] C:\wamp64\www\E-Commerce-Website-With-PHP-OOP-master\tests\unit\CustomerTest.php.INFO: PASSED [] []
[2019-12-04T23:33:51.617121+00:00] C:\wamp64\www\E-Commerce-Website-With-PHP-OOP-master\tests\unit\CustomerTest.php.INFO: ------------------------------------ [] []
[2019-12-04T23:33:51.617175+00:00] C:\wamp64\www\E-Commerce-Website-With-PHP-OOP-master\tests\unit\CustomerTest.php.INFO: STARTED: CustomerTest: Customer login [] []
[2019-12-04T23:33:51.685795+00:00] C:\wamp64\www\E-Commerce-Website-With-PHP-OOP-master\tests\unit\CustomerTest.php.ALERT: Undefined property: CustomerTest::$db [] []
[2019-12-04T23:33:51.685910+00:00] C:\wamp64\www\E-Commerce-Website-With-PHP-OOP-master\tests\unit\CustomerTest.php.INFO: # ERROR # [] []
[2019-12-04T23:33:51.685995+00:00] C:\wamp64\www\E-Commerce-Website-With-PHP-OOP-master\tests\unit\CustomerTest.php.INFO: PASSED [] []
[2019-12-04T23:33:51.686096+00:00] C:\wamp64\www\E-Commerce-Website-With-PHP-OOP-master\tests\unit\CustomerTest.php.INFO: ------------------------------------ [] []
[2019-12-04T23:33:51.686153+00:00] C:\wamp64\www\E-Commerce-Website-With-PHP-OOP-master\tests\unit\CustomerTest.php.INFO: STARTED: CustomerTest: Get customer data [] []
[2019-12-04T23:33:51.722912+00:00] C:\wamp64\www\E-Commerce-Website-With-PHP-OOP-master\tests\unit\CustomerTest.php.ALERT: Undefined property: CustomerTest::$db [] []
[2019-12-04T23:33:51.723084+00:00] C:\wamp64\www\E-Commerce-Website-With-PHP-OOP-master\tests\unit\CustomerTest.php.INFO: # ERROR # [] []
[2019-12-04T23:33:51.723249+00:00] C:\wamp64\www\E-Commerce-Website-With-PHP-OOP-master\tests\unit\CustomerTest.php.INFO: PASSED [] []
[2019-12-04T23:33:51.723420+00:00] C:\wamp64\www\E-Commerce-Website-With-PHP-OOP-master\tests\unit\CustomerTest.php.INFO: ------------------------------------ [] []
[2019-12-04T23:33:51.723510+00:00] C:\wamp64\www\E-Commerce-Website-With-PHP-OOP-master\tests\unit\CustomerTest.php.INFO: STARTED: CustomerTest: Customer update [] []
[2019-12-04T23:33:51.776252+00:00] C:\wamp64\www\E-Commerce-Website-With-PHP-OOP-master\tests\unit\CustomerTest.php.ALERT: Undefined property: CustomerTest::$db [] []
[2019-12-04T23:33:51.776354+00:00] C:\wamp64\www\E-Commerce-Website-With-PHP-OOP-master\tests\unit\CustomerTest.php.INFO: # ERROR # [] []
[2019-12-04T23:33:51.776438+00:00] C:\wamp64\www\E-Commerce-Website-With-PHP-OOP-master\tests\unit\CustomerTest.php.INFO: PASSED [] []
[2019-12-04T23:39:40.237689+00:00] C:\wamp64\www\E-Commerce-Website-With-PHP-OOP-master\tests\unit\CustomerTest.php.INFO: ------------------------------------ [] []
[2019-12-04T23:39:40.239061+00:00] C:\wamp64\www\E-Commerce-Website-With-PHP-OOP-master\tests\unit\CustomerTest.php.INFO: STARTED: CustomerTest: Customer registration [] []
[2019-12-04T23:39:40.399322+00:00] C:\wamp64\www\E-Commerce-Website-With-PHP-OOP-master\tests\unit\CustomerTest.php.ALERT: Call to undefined method CustomerTest::select() [] []
[2019-12-04T23:39:40.399432+00:00] C:\wamp64\www\E-Commerce-Website-With-PHP-OOP-master\tests\unit\CustomerTest.php.INFO: # ERROR # [] []
[2019-12-04T23:39:40.399556+00:00] C:\wamp64\www\E-Commerce-Website-With-PHP-OOP-master\tests\unit\CustomerTest.php.INFO: PASSED [] []
[2019-12-04T23:39:40.399700+00:00] C:\wamp64\www\E-Commerce-Website-With-PHP-OOP-master\tests\unit\CustomerTest.php.INFO: ------------------------------------ [] []
[2019-12-04T23:39:40.399790+00:00] C:\wamp64\www\E-Commerce-Website-With-PHP-OOP-master\tests\unit\CustomerTest.php.INFO: STARTED: CustomerTest: Customer login [] []
[2019-12-04T23:39:40.455385+00:00] C:\wamp64\www\E-Commerce-Website-With-PHP-OOP-master\tests\unit\CustomerTest.php.ALERT: Call to undefined method CustomerTest::select() [] []
[2019-12-04T23:39:40.455540+00:00] C:\wamp64\www\E-Commerce-Website-With-PHP-OOP-master\tests\unit\CustomerTest.php.INFO: # ERROR # [] []
[2019-12-04T23:39:40.455641+00:00] C:\wamp64\www\E-Commerce-Website-With-PHP-OOP-master\tests\unit\CustomerTest.php.INFO: PASSED [] []
[2019-12-04T23:39:40.455761+00:00] C:\wamp64\www\E-Commerce-Website-With-PHP-OOP-master\tests\unit\CustomerTest.php.INFO: ------------------------------------ [] []
[2019-12-04T23:39:40.455823+00:00] C:\wamp64\www\E-Commerce-Website-With-PHP-OOP-master\tests\unit\CustomerTest.php.INFO: STARTED: CustomerTest: Get customer data [] []
[2019-12-04T23:39:40.505290+00:00] C:\wamp64\www\E-Commerce-Website-With-PHP-OOP-master\tests\unit\CustomerTest.php.ALERT: Call to undefined method CustomerTest::select() [] []
[2019-12-04T23:39:40.505397+00:00] C:\wamp64\www\E-Commerce-Website-With-PHP-OOP-master\tests\unit\CustomerTest.php.INFO: # ERROR # [] []
[2019-12-04T23:39:40.505473+00:00] C:\wamp64\www\E-Commerce-Website-With-PHP-OOP-master\tests\unit\CustomerTest.php.INFO: PASSED [] []
[2019-12-04T23:39:40.505578+00:00] C:\wamp64\www\E-Commerce-Website-With-PHP-OOP-master\tests\unit\CustomerTest.php.INFO: ------------------------------------ [] []
[2019-12-04T23:39:40.505636+00:00] C:\wamp64\www\E-Commerce-Website-With-PHP-OOP-master\tests\unit\CustomerTest.php.INFO: STARTED: CustomerTest: Customer update [] []
[2019-12-04T23:39:40.560099+00:00] C:\wamp64\www\E-Commerce-Website-With-PHP-OOP-master\tests\unit\CustomerTest.php.ALERT: Call to undefined method CustomerTest::select() [] []
[2019-12-04T23:39:40.560255+00:00] C:\wamp64\www\E-Commerce-Website-With-PHP-OOP-master\tests\unit\CustomerTest.php.INFO: # ERROR # [] []
[2019-12-04T23:39:40.560333+00:00] C:\wamp64\www\E-Commerce-Website-With-PHP-OOP-master\tests\unit\CustomerTest.php.INFO: PASSED [] []
[2019-12-04T23:40:17.083326+00:00] C:\wamp64\www\E-Commerce-Website-With-PHP-OOP-master\tests\unit\CustomerTest.php.INFO: ------------------------------------ [] []
[2019-12-04T23:40:17.085069+00:00] C:\wamp64\www\E-Commerce-Website-With-PHP-OOP-master\tests\unit\CustomerTest.php.INFO: STARTED: CustomerTest: Customer registration [] []
[2019-12-04T23:40:17.195234+00:00] C:\wamp64\www\E-Commerce-Website-With-PHP-OOP-master\tests\unit\CustomerTest.php.ALERT: Undefined property: CustomerTest::$db [] []
[2019-12-04T23:40:17.195355+00:00] C:\wamp64\www\E-Commerce-Website-With-PHP-OOP-master\tests\unit\CustomerTest.php.INFO: # ERROR # [] []
[2019-12-04T23:40:17.195449+00:00] C:\wamp64\www\E-Commerce-Website-With-PHP-OOP-master\tests\unit\CustomerTest.php.INFO: PASSED [] []
[2019-12-04T23:40:17.195550+00:00] C:\wamp64\www\E-Commerce-Website-With-PHP-OOP-master\tests\unit\CustomerTest.php.INFO: ------------------------------------ [] []
[2019-12-04T23:40:17.195605+00:00] C:\wamp64\www\E-Commerce-Website-With-PHP-OOP-master\tests\unit\CustomerTest.php.INFO: STARTED: CustomerTest: Customer login [] []
[2019-12-04T23:40:17.240329+00:00] C:\wamp64\www\E-Commerce-Website-With-PHP-OOP-master\tests\unit\CustomerTest.php.ALERT: Undefined property: CustomerTest::$db [] []
[2019-12-04T23:40:17.240479+00:00] C:\wamp64\www\E-Commerce-Website-With-PHP-OOP-master\tests\unit\CustomerTest.php.INFO: # ERROR # [] []
[2019-12-04T23:40:17.240613+00:00] C:\wamp64\www\E-Commerce-Website-With-PHP-OOP-master\tests\unit\CustomerTest.php.INFO: PASSED [] []
[2019-12-04T23:40:17.240768+00:00] C:\wamp64\www\E-Commerce-Website-With-PHP-OOP-master\tests\unit\CustomerTest.php.INFO: ------------------------------------ [] []
[2019-12-04T23:40:17.240892+00:00] C:\wamp64\www\E-Commerce-Website-With-PHP-OOP-master\tests\unit\CustomerTest.php.INFO: STARTED: CustomerTest: Get customer data [] []
[2019-12-04T23:40:17.291804+00:00] C:\wamp64\www\E-Commerce-Website-With-PHP-OOP-master\tests\unit\CustomerTest.php.ALERT: Undefined property: CustomerTest::$db [] []
[2019-12-04T23:40:17.291957+00:00] C:\wamp64\www\E-Commerce-Website-With-PHP-OOP-master\tests\unit\CustomerTest.php.INFO: # ERROR # [] []
[2019-12-04T23:40:17.292109+00:00] C:\wamp64\www\E-Commerce-Website-With-PHP-OOP-master\tests\unit\CustomerTest.php.INFO: PASSED [] []
[2019-12-04T23:40:17.292300+00:00] C:\wamp64\www\E-Commerce-Website-With-PHP-OOP-master\tests\unit\CustomerTest.php.INFO: ------------------------------------ [] []
[2019-12-04T23:40:17.292390+00:00] C:\wamp64\www\E-Commerce-Website-With-PHP-OOP-master\tests\unit\CustomerTest.php.INFO: STARTED: CustomerTest: Customer update [] []
[2019-12-04T23:40:17.346794+00:00] C:\wamp64\www\E-Commerce-Website-With-PHP-OOP-master\tests\unit\CustomerTest.php.ALERT: Undefined property: CustomerTest::$db [] []
[2019-12-04T23:40:17.346940+00:00] C:\wamp64\www\E-Commerce-Website-With-PHP-OOP-master\tests\unit\CustomerTest.php.INFO: # ERROR # [] []
[2019-12-04T23:40:17.347058+00:00] C:\wamp64\www\E-Commerce-Website-With-PHP-OOP-master\tests\unit\CustomerTest.php.INFO: PASSED [] []
[2019-12-04T23:42:24.709569+00:00] C:\wamp64\www\E-Commerce-Website-With-PHP-OOP-master\tests\unit\CustomerTest.php.INFO: ------------------------------------ [] []
[2019-12-04T23:42:24.711239+00:00] C:\wamp64\www\E-Commerce-Website-With-PHP-OOP-master\tests\unit\CustomerTest.php.INFO: STARTED: CustomerTest: Customer registration [] []
[2019-12-04T23:42:24.822136+00:00] C:\wamp64\www\E-Commerce-Website-With-PHP-OOP-master\tests\unit\CustomerTest.php.ALERT: Using $this when not in object context [] []
[2019-12-04T23:42:24.822249+00:00] C:\wamp64\www\E-Commerce-Website-With-PHP-OOP-master\tests\unit\CustomerTest.php.INFO: # ERROR # [] []
[2019-12-04T23:42:24.822343+00:00] C:\wamp64\www\E-Commerce-Website-With-PHP-OOP-master\tests\unit\CustomerTest.php.INFO: PASSED [] []
[2019-12-04T23:42:24.822505+00:00] C:\wamp64\www\E-Commerce-Website-With-PHP-OOP-master\tests\unit\CustomerTest.php.INFO: ------------------------------------ [] []
[2019-12-04T23:42:24.822567+00:00] C:\wamp64\www\E-Commerce-Website-With-PHP-OOP-master\tests\unit\CustomerTest.php.INFO: STARTED: CustomerTest: Customer login [] []
[2019-12-04T23:42:24.874517+00:00] C:\wamp64\www\E-Commerce-Website-With-PHP-OOP-master\tests\unit\CustomerTest.php.ALERT: Using $this when not in object context [] []
[2019-12-04T23:42:24.874653+00:00] C:\wamp64\www\E-Commerce-Website-With-PHP-OOP-master\tests\unit\CustomerTest.php.INFO: # ERROR # [] []
[2019-12-04T23:42:24.874779+00:00] C:\wamp64\www\E-Commerce-Website-With-PHP-OOP-master\tests\unit\CustomerTest.php.INFO: PASSED [] []
[2019-12-04T23:42:24.874948+00:00] C:\wamp64\www\E-Commerce-Website-With-PHP-OOP-master\tests\unit\CustomerTest.php.INFO: ------------------------------------ [] []
[2019-12-04T23:42:24.875048+00:00] C:\wamp64\www\E-Commerce-Website-With-PHP-OOP-master\tests\unit\CustomerTest.php.INFO: STARTED: CustomerTest: Get customer data [] []
[2019-12-04T23:42:24.927399+00:00] C:\wamp64\www\E-Commerce-Website-With-PHP-OOP-master\tests\unit\CustomerTest.php.ALERT: Using $this when not in object context [] []
[2019-12-04T23:42:24.927537+00:00] C:\wamp64\www\E-Commerce-Website-With-PHP-OOP-master\tests\unit\CustomerTest.php.INFO: # ERROR # [] []
[2019-12-04T23:42:24.927655+00:00] C:\wamp64\www\E-Commerce-Website-With-PHP-OOP-master\tests\unit\CustomerTest.php.INFO: PASSED [] []
[2019-12-04T23:42:24.927801+00:00] C:\wamp64\www\E-Commerce-Website-With-PHP-OOP-master\tests\unit\CustomerTest.php.INFO: ------------------------------------ [] []
[2019-12-04T23:42:24.927885+00:00] C:\wamp64\www\E-Commerce-Website-With-PHP-OOP-master\tests\unit\CustomerTest.php.INFO: STARTED: CustomerTest: Customer update [] []
[2019-12-04T23:42:24.983542+00:00] C:\wamp64\www\E-Commerce-Website-With-PHP-OOP-master\tests\unit\CustomerTest.php.ALERT: Using $this when not in object context [] []
[2019-12-04T23:42:24.983652+00:00] C:\wamp64\www\E-Commerce-Website-With-PHP-OOP-master\tests\unit\CustomerTest.php.INFO: # ERROR # [] []
[2019-12-04T23:42:24.983766+00:00] C:\wamp64\www\E-Commerce-Website-With-PHP-OOP-master\tests\unit\CustomerTest.php.INFO: PASSED [] []
[2019-12-04T23:48:04.896470+00:00] C:\wamp64\www\E-Commerce-Website-With-PHP-OOP-master\tests\unit\CustomerTest.php.INFO: ------------------------------------ [] []
[2019-12-04T23:48:04.897804+00:00] C:\wamp64\www\E-Commerce-Website-With-PHP-OOP-master\tests\unit\CustomerTest.php.INFO: STARTED: CustomerTest: Customer registration [] []
[2019-12-04T23:48:05.023378+00:00] C:\wamp64\www\E-Commerce-Website-With-PHP-OOP-master\tests\unit\CustomerTest.php.ALERT: end() expects parameter 1 to be array, null given [] []
[2019-12-04T23:48:05.023501+00:00] C:\wamp64\www\E-Commerce-Website-With-PHP-OOP-master\tests\unit\CustomerTest.php.INFO: # ERROR # [] []
[2019-12-04T23:48:05.023620+00:00] C:\wamp64\www\E-Commerce-Website-With-PHP-OOP-master\tests\unit\CustomerTest.php.INFO: PASSED [] []
[2019-12-04T23:48:05.023763+00:00] C:\wamp64\www\E-Commerce-Website-With-PHP-OOP-master\tests\unit\CustomerTest.php.INFO: ------------------------------------ [] []
[2019-12-04T23:48:05.023841+00:00] C:\wamp64\www\E-Commerce-Website-With-PHP-OOP-master\tests\unit\CustomerTest.php.INFO: STARTED: CustomerTest: Customer login [] []
[2019-12-04T23:48:05.107539+00:00] C:\wamp64\www\E-Commerce-Website-With-PHP-OOP-master\tests\unit\CustomerTest.php.ALERT: end() expects parameter 1 to be array, null given [] []
[2019-12-04T23:48:05.107637+00:00] C:\wamp64\www\E-Commerce-Website-With-PHP-OOP-master\tests\unit\CustomerTest.php.INFO: # ERROR # [] []
[2019-12-04T23:48:05.107718+00:00] C:\wamp64\www\E-Commerce-Website-With-PHP-OOP-master\tests\unit\CustomerTest.php.INFO: PASSED [] []
[2019-12-04T23:48:05.107814+00:00] C:\wamp64\www\E-Commerce-Website-With-PHP-OOP-master\tests\unit\CustomerTest.php.INFO: ------------------------------------ [] []
[2019-12-04T23:48:05.107936+00:00] C:\wamp64\www\E-Commerce-Website-With-PHP-OOP-master\tests\unit\CustomerTest.php.INFO: STARTED: CustomerTest: Get customer data [] []
[2019-12-04T23:48:05.297991+00:00] C:\wamp64\www\E-Commerce-Website-With-PHP-OOP-master\tests\unit\CustomerTest.php.ALERT: end() expects parameter 1 to be array, null given [] []
[2019-12-04T23:48:05.298110+00:00] C:\wamp64\www\E-Commerce-Website-With-PHP-OOP-master\tests\unit\CustomerTest.php.INFO: # ERROR # [] []
[2019-12-04T23:48:05.298188+00:00] C:\wamp64\www\E-Commerce-Website-With-PHP-OOP-master\tests\unit\CustomerTest.php.INFO: PASSED [] []
[2019-12-04T23:48:05.298286+00:00] C:\wamp64\www\E-Commerce-Website-With-PHP-OOP-master\tests\unit\CustomerTest.php.INFO: ------------------------------------ [] []
[2019-12-04T23:48:05.298341+00:00] C:\wamp64\www\E-Commerce-Website-With-PHP-OOP-master\tests\unit\CustomerTest.php.INFO: STARTED: CustomerTest: Customer update [] []
[2019-12-04T23:48:05.375879+00:00] C:\wamp64\www\E-Commerce-Website-With-PHP-OOP-master\tests\unit\CustomerTest.php.ALERT: end() expects parameter 1 to be array, null given [] []
[2019-12-04T23:48:05.375979+00:00] C:\wamp64\www\E-Commerce-Website-With-PHP-OOP-master\tests\unit\CustomerTest.php.INFO: # ERROR # [] []
[2019-12-04T23:48:05.376069+00:00] C:\wamp64\www\E-Commerce-Website-With-PHP-OOP-master\tests\unit\CustomerTest.php.INFO: PASSED [] []
[2019-12-04T23:51:27.722835+00:00] C:\wamp64\www\E-Commerce-Website-With-PHP-OOP-master\tests\unit\CustomerTest.php.INFO: ------------------------------------ [] []
[2019-12-04T23:51:27.724784+00:00] C:\wamp64\www\E-Commerce-Website-With-PHP-OOP-master\tests\unit\CustomerTest.php.INFO: STARTED: CustomerTest: Customer registration [] []
[2019-12-04T23:52:20.927795+00:00] C:\wamp64\www\E-Commerce-Website-With-PHP-OOP-master\tests\unit\CustomerTest.php.INFO: ------------------------------------ [] []
[2019-12-04T23:52:20.929193+00:00] C:\wamp64\www\E-Commerce-Website-With-PHP-OOP-master\tests\unit\CustomerTest.php.INFO: STARTED: CustomerTest: Customer registration [] []
[2019-12-04T23:52:21.107818+00:00] C:\wamp64\www\E-Commerce-Website-With-PHP-OOP-master\tests\unit\CustomerTest.php.INFO: PASSED [] []
[2019-12-04T23:52:21.107963+00:00] C:\wamp64\www\E-Commerce-Website-With-PHP-OOP-master\tests\unit\CustomerTest.php.INFO: ------------------------------------ [] []
[2019-12-04T23:52:21.108020+00:00] C:\wamp64\www\E-Commerce-Website-With-PHP-OOP-master\tests\unit\CustomerTest.php.INFO: STARTED: CustomerTest: Customer login [] []
[2019-12-04T23:52:21.165888+00:00] C:\wamp64\www\E-Commerce-Website-With-PHP-OOP-master\tests\unit\CustomerTest.php.INFO: PASSED [] []
[2019-12-04T23:52:21.166070+00:00] C:\wamp64\www\E-Commerce-Website-With-PHP-OOP-master\tests\unit\CustomerTest.php.INFO: ------------------------------------ [] []
[2019-12-04T23:52:21.166131+00:00] C:\wamp64\www\E-Commerce-Website-With-PHP-OOP-master\tests\unit\CustomerTest.php.INFO: STARTED: CustomerTest: Get customer data [] []
[2019-12-04T23:52:21.233782+00:00] C:\wamp64\www\E-Commerce-Website-With-PHP-OOP-master\tests\unit\CustomerTest.php.INFO: PASSED [] []
[2019-12-04T23:52:21.234008+00:00] C:\wamp64\www\E-Commerce-Website-With-PHP-OOP-master\tests\unit\CustomerTest.php.INFO: ------------------------------------ [] []
[2019-12-04T23:52:21.234099+00:00] C:\wamp64\www\E-Commerce-Website-With-PHP-OOP-master\tests\unit\CustomerTest.php.INFO: STARTED: CustomerTest: Customer update [] []
[2019-12-04T23:52:21.278143+00:00] C:\wamp64\www\E-Commerce-Website-With-PHP-OOP-master\tests\unit\CustomerTest.php.INFO: PASSED [] []
[2019-12-04T23:57:32.959683+00:00] C:\wamp64\www\E-Commerce-Website-With-PHP-OOP-master\tests\unit\CustomerTest.php.INFO: ------------------------------------ [] []
[2019-12-04T23:57:32.961385+00:00] C:\wamp64\www\E-Commerce-Website-With-PHP-OOP-master\tests\unit\CustomerTest.php.INFO: STARTED: CustomerTest: Customer registration [] []
[2019-12-04T23:57:33.072295+00:00] C:\wamp64\www\E-Commerce-Website-With-PHP-OOP-master\tests\unit\CustomerTest.php.INFO: PASSED [] []
[2019-12-04T23:57:33.072602+00:00] C:\wamp64\www\E-Commerce-Website-With-PHP-OOP-master\tests\unit\CustomerTest.php.INFO: ------------------------------------ [] []
[2019-12-04T23:57:33.072698+00:00] C:\wamp64\www\E-Commerce-Website-With-PHP-OOP-master\tests\unit\CustomerTest.php.INFO: STARTED: CustomerTest: Customer login [] []
[2019-12-04T23:57:33.142683+00:00] C:\wamp64\www\E-Commerce-Website-With-PHP-OOP-master\tests\unit\CustomerTest.php.ALERT: Failed asserting that '<span class='error'>Email or Passowrd not matched!</span>' is null. [] []
[2019-12-04T23:57:33.142772+00:00] C:\wamp64\www\E-Commerce-Website-With-PHP-OOP-master\tests\unit\CustomerTest.php.INFO: # FAILED # [] []
[2019-12-04T23:57:33.142881+00:00] C:\wamp64\www\E-Commerce-Website-With-PHP-OOP-master\tests\unit\CustomerTest.php.INFO: PASSED [] []
[2019-12-04T23:57:33.142977+00:00] C:\wamp64\www\E-Commerce-Website-With-PHP-OOP-master\tests\unit\CustomerTest.php.INFO: ------------------------------------ [] []
[2019-12-04T23:57:33.143031+00:00] C:\wamp64\www\E-Commerce-Website-With-PHP-OOP-master\tests\unit\CustomerTest.php.INFO: STARTED: CustomerTest: Get customer data [] []
[2019-12-04T23:57:33.180797+00:00] C:\wamp64\www\E-Commerce-Website-With-PHP-OOP-master\tests\unit\CustomerTest.php.INFO: PASSED [] []
[2019-12-04T23:57:33.180981+00:00] C:\wamp64\www\E-Commerce-Website-With-PHP-OOP-master\tests\unit\CustomerTest.php.INFO: ------------------------------------ [] []
[2019-12-04T23:57:33.181043+00:00] C:\wamp64\www\E-Commerce-Website-With-PHP-OOP-master\tests\unit\CustomerTest.php.INFO: STARTED: CustomerTest: Customer update [] []
[2019-12-04T23:57:33.236056+00:00] C:\wamp64\www\E-Commerce-Website-With-PHP-OOP-master\tests\unit\CustomerTest.php.INFO: PASSED [] []
[2019-12-04T23:59:14.101863+00:00] C:\wamp64\www\E-Commerce-Website-With-PHP-OOP-master\tests\unit\CustomerTest.php.INFO: ------------------------------------ [] []
[2019-12-04T23:59:14.103622+00:00] C:\wamp64\www\E-Commerce-Website-With-PHP-OOP-master\tests\unit\CustomerTest.php.INFO: STARTED: CustomerTest: Customer registration [] []
[2019-12-04T23:59:14.166001+00:00] C:\wamp64\www\E-Commerce-Website-With-PHP-OOP-master\tests\unit\CustomerTest.php.ALERT: Failed asserting that '<span class='error'>Email already Exist!</span>' contains "Customer Data Inserted Successfully". [] []
[2019-12-04T23:59:14.166090+00:00] C:\wamp64\www\E-Commerce-Website-With-PHP-OOP-master\tests\unit\CustomerTest.php.INFO: # FAILED # [] []
[2019-12-04T23:59:14.166166+00:00] C:\wamp64\www\E-Commerce-Website-With-PHP-OOP-master\tests\unit\CustomerTest.php.INFO: PASSED [] []
[2019-12-04T23:59:14.166293+00:00] C:\wamp64\www\E-Commerce-Website-With-PHP-OOP-master\tests\unit\CustomerTest.php.INFO: ------------------------------------ [] []
[2019-12-04T23:59:14.166376+00:00] C:\wamp64\www\E-Commerce-Website-With-PHP-OOP-master\tests\unit\CustomerTest.php.INFO: STARTED: CustomerTest: Customer login [] []
[2019-12-04T23:59:14.209113+00:00] C:\wamp64\www\E-Commerce-Website-With-PHP-OOP-master\tests\unit\CustomerTest.php.ALERT: Failed asserting that '<span class='error'>Email or Passowrd not matched!</span>' is null. [] []
[2019-12-04T23:59:14.209257+00:00] C:\wamp64\www\E-Commerce-Website-With-PHP-OOP-master\tests\unit\CustomerTest.php.INFO: # FAILED # [] []
[2019-12-04T23:59:14.209374+00:00] C:\wamp64\www\E-Commerce-Website-With-PHP-OOP-master\tests\unit\CustomerTest.php.INFO: PASSED [] []
[2019-12-04T23:59:14.209485+00:00] C:\wamp64\www\E-Commerce-Website-With-PHP-OOP-master\tests\unit\CustomerTest.php.INFO: ------------------------------------ [] []
[2019-12-04T23:59:14.209547+00:00] C:\wamp64\www\E-Commerce-Website-With-PHP-OOP-master\tests\unit\CustomerTest.php.INFO: STARTED: CustomerTest: Get customer data [] []
[2019-12-04T23:59:14.245604+00:00] C:\wamp64\www\E-Commerce-Website-With-PHP-OOP-master\tests\unit\CustomerTest.php.INFO: PASSED [] []
[2019-12-04T23:59:14.245827+00:00] C:\wamp64\www\E-Commerce-Website-With-PHP-OOP-master\tests\unit\CustomerTest.php.INFO: ------------------------------------ [] []
[2019-12-04T23:59:14.246006+00:00] C:\wamp64\www\E-Commerce-Website-With-PHP-OOP-master\tests\unit\CustomerTest.php.INFO: STARTED: CustomerTest: Customer update [] []
[2019-12-04T23:59:14.306390+00:00] C:\wamp64\www\E-Commerce-Website-With-PHP-OOP-master\tests\unit\CustomerTest.php.INFO: PASSED [] []
